2025-04-11 19:58:37,667 - INFO - Logger initialized. Log file: C:\Users\FLORES\OneDrive\Documents\2025\react2025\fb\logs\FBAccountCreator_20250411_195837.log
2025-04-11 19:58:37,668 - INFO - Starting Facebook account creator
2025-04-11 19:58:37,669 - INFO - Required folders created
2025-04-11 19:58:37,670 - INFO - Loading working proxies from: C:\Users\FLORES\OneDrive\Documents\2025\react2025\fb\proxies\working_proxies.txt
2025-04-11 19:58:37,671 - INFO - Loaded 5 working proxies from file
2025-04-11 19:58:37,671 - INFO - Loaded 5 working proxies
2025-04-11 19:58:37,672 - INFO - Loaded 10 proxies from file
2025-04-11 19:58:37,672 - INFO - Also loaded 10 backup proxies
2025-04-11 19:58:37,673 - INFO - Testing 5 proxies out of 10
2025-04-11 19:58:37,673 - INFO - Testing proxy 1/5: 86.38.234.176:6630
2025-04-11 19:58:39,384 - INFO - Testing proxy 2/5: 185.199.231.45:8382
2025-04-11 19:58:42,275 - INFO - Testing proxy 3/5: 45.151.162.198:6600
2025-04-11 19:58:44,425 - INFO - Testing proxy 4/5: 173.211.0.148:6641
2025-04-11 19:58:46,793 - INFO - Testing proxy 5/5: 38.153.152.244:9594
2025-04-11 19:58:48,904 - INFO - Testing completed. Found 5 working proxies.
2025-04-11 19:58:48,906 - INFO - Saved 5 working proxies to C:\Users\FLORES\OneDrive\Documents\2025\react2025\fb\proxies\working_proxies.txt
2025-04-11 19:58:48,906 - INFO - Generated user data for Maya Davis
2025-04-11 19:59:00,620 - INFO - Valid email provided: jubiar@asd.jubiar
2025-04-11 19:59:00,620 - INFO - Selected working proxy: 173.211.0.148:6641
2025-04-11 19:59:00,620 - INFO - Attempt 1/3 using proxy: 173.211.0.148:6641
2025-04-11 19:59:00,621 - INFO - Session configured with proxy URL: http://vazobmnp:bzcazvl7en9k@173.211.0.148:6641
2025-04-11 19:59:00,622 - INFO - Starting Facebook account creation process...
2025-04-11 19:59:00,623 - INFO - Warming up session with natural browsing patterns...
2025-04-11 19:59:02,138 - INFO - Found LSD token: AVpvt1kuc4...
2025-04-11 19:59:02,139 - INFO - GET https://m.facebook.com/ - Status: 200
2025-04-11 19:59:02,139 - INFO - Found LSD token: AVpvt1kuc4...
2025-04-11 19:59:07,261 - INFO - GET https://m.facebook.com/policies/ - Status: 200
2025-04-11 19:59:10,664 - INFO - Session warm-up completed
2025-04-11 19:59:10,665 - INFO - Visiting Facebook mobile homepage...
2025-04-11 19:59:11,233 - INFO - Found LSD token: AVp2vinLoH...
2025-04-11 19:59:11,233 - INFO - GET https://m.facebook.com/ - Status: 200
2025-04-11 19:59:11,234 - INFO - Found LSD token: AVp2vinLoH...
2025-04-11 19:59:12,752 - INFO - Mobile homepage accessed successfully: 200
2025-04-11 19:59:14,169 - INFO - Trying signup URL: https://m.facebook.com/reg/
2025-04-11 19:59:15,519 - INFO - Detected Facebook app redirect: fbredirect://m.facebook.com/?uri=https%3A%2F%2Fm.facebook.com%2Freg%2F&wtsid=rdr_0iVnYUcXOmv2QgMkE&refsrc=deprecated&_rdr
2025-04-11 19:59:15,519 - INFO - Extracted web URL from app redirect: https://m.facebook.com/reg/
2025-04-11 19:59:16,525 - INFO - Detected Facebook app redirect: fbredirect://m.facebook.com/?uri=https%3A%2F%2Fm.facebook.com%2Freg%2F&wtsid=rdr_0zlIfD7nQRL50M5DP&refsrc=deprecated&_rdr
2025-04-11 19:59:16,525 - INFO - Extracted web URL from app redirect: https://m.facebook.com/reg/
2025-04-11 19:59:17,594 - INFO - Detected Facebook app redirect: fbredirect://m.facebook.com/?uri=https%3A%2F%2Fm.facebook.com%2Freg%2F&wtsid=rdr_0KcznBuoehX98Cgs9&refsrc=deprecated&_rdr
2025-04-11 19:59:17,595 - INFO - Extracted web URL from app redirect: https://m.facebook.com/reg/
2025-04-11 19:59:18,648 - INFO - Detected Facebook app redirect: fbredirect://m.facebook.com/?uri=https%3A%2F%2Fm.facebook.com%2Freg%2F&wtsid=rdr_05P1mAsIZrdAOkfi8&refsrc=deprecated&_rdr
2025-04-11 19:59:18,648 - INFO - Extracted web URL from app redirect: https://m.facebook.com/reg/
2025-04-11 19:59:19,653 - INFO - Detected Facebook app redirect: fbredirect://m.facebook.com/?uri=https%3A%2F%2Fm.facebook.com%2Freg%2F&wtsid=rdr_0pXwgLb082X2DhFfX&refsrc=deprecated&_rdr
2025-04-11 19:59:19,654 - INFO - Extracted web URL from app redirect: https://m.facebook.com/reg/
2025-04-11 19:59:20,671 - INFO - Detected Facebook app redirect: fbredirect://m.facebook.com/?uri=https%3A%2F%2Fm.facebook.com%2Freg%2F&wtsid=rdr_0Gcg6SUEEGGcwFasN&refsrc=deprecated&_rdr
2025-04-11 19:59:20,682 - INFO - Extracted web URL from app redirect: https://m.facebook.com/reg/
2025-04-11 19:59:21,748 - INFO - Detected Facebook app redirect: fbredirect://m.facebook.com/?uri=https%3A%2F%2Fm.facebook.com%2Freg%2F&wtsid=rdr_0e6vX0ELk9qDYuu3z&refsrc=deprecated&_rdr
2025-04-11 19:59:21,749 - INFO - Extracted web URL from app redirect: https://m.facebook.com/reg/
2025-04-11 19:59:22,754 - INFO - Detected Facebook app redirect: fbredirect://m.facebook.com/?uri=https%3A%2F%2Fm.facebook.com%2Freg%2F&wtsid=rdr_0NkEO2ux8CuUqcrVF&refsrc=deprecated&_rdr
2025-04-11 19:59:22,754 - INFO - Extracted web URL from app redirect: https://m.facebook.com/reg/
2025-04-11 19:59:23,748 - INFO - Detected Facebook app redirect: fbredirect://m.facebook.com/?uri=https%3A%2F%2Fm.facebook.com%2Freg%2F&wtsid=rdr_0Rl7adOy4DQ566l3V&refsrc=deprecated&_rdr
2025-04-11 19:59:23,748 - INFO - Extracted web URL from app redirect: https://m.facebook.com/reg/
2025-04-11 19:59:24,753 - INFO - Detected Facebook app redirect: fbredirect://m.facebook.com/?uri=https%3A%2F%2Fm.facebook.com%2Freg%2F&wtsid=rdr_0s0S0lEsqTaoADOvU&refsrc=deprecated&_rdr
2025-04-11 19:59:24,754 - INFO - Extracted web URL from app redirect: https://m.facebook.com/reg/
2025-04-11 19:59:25,773 - INFO - Detected Facebook app redirect: fbredirect://m.facebook.com/?uri=https%3A%2F%2Fm.facebook.com%2Freg%2F&wtsid=rdr_07NUoxRtBZM8NWees&refsrc=deprecated&_rdr
2025-04-11 19:59:25,773 - INFO - Extracted web URL from app redirect: https://m.facebook.com/reg/
2025-04-11 19:59:26,792 - INFO - Detected Facebook app redirect: fbredirect://m.facebook.com/?uri=https%3A%2F%2Fm.facebook.com%2Freg%2F&wtsid=rdr_04lVDeJEdO6h7x6AS&refsrc=deprecated&_rdr
2025-04-11 19:59:26,793 - INFO - Extracted web URL from app redirect: https://m.facebook.com/reg/
2025-04-11 19:59:27,844 - INFO - Detected Facebook app redirect: fbredirect://m.facebook.com/?uri=https%3A%2F%2Fm.facebook.com%2Freg%2F&wtsid=rdr_0ybLgjNXO1lA3T7Z0&refsrc=deprecated&_rdr
2025-04-11 19:59:27,844 - INFO - Extracted web URL from app redirect: https://m.facebook.com/reg/
2025-04-11 19:59:28,865 - INFO - Detected Facebook app redirect: fbredirect://m.facebook.com/?uri=https%3A%2F%2Fm.facebook.com%2Freg%2F&wtsid=rdr_06gEH1oq4hcYw3KdV&refsrc=deprecated&_rdr
2025-04-11 19:59:28,865 - INFO - Extracted web URL from app redirect: https://m.facebook.com/reg/
2025-04-11 19:59:29,877 - INFO - Detected Facebook app redirect: fbredirect://m.facebook.com/?uri=https%3A%2F%2Fm.facebook.com%2Freg%2F&wtsid=rdr_0rK3yfOTKXL6J5yLU&refsrc=deprecated&_rdr
2025-04-11 19:59:29,878 - INFO - Extracted web URL from app redirect: https://m.facebook.com/reg/
2025-04-11 19:59:30,908 - INFO - Detected Facebook app redirect: fbredirect://m.facebook.com/?uri=https%3A%2F%2Fm.facebook.com%2Freg%2F&wtsid=rdr_0RloYu0jnT0GSZdFj&refsrc=deprecated&_rdr
2025-04-11 19:59:30,908 - INFO - Extracted web URL from app redirect: https://m.facebook.com/reg/
2025-04-11 19:59:31,928 - INFO - Detected Facebook app redirect: fbredirect://m.facebook.com/?uri=https%3A%2F%2Fm.facebook.com%2Freg%2F&wtsid=rdr_0JrkqCW79C7ukFNqR&refsrc=deprecated&_rdr
2025-04-11 19:59:31,928 - INFO - Extracted web URL from app redirect: https://m.facebook.com/reg/
2025-04-11 19:59:32,946 - INFO - Detected Facebook app redirect: fbredirect://m.facebook.com/?uri=https%3A%2F%2Fm.facebook.com%2Freg%2F&wtsid=rdr_083Nw4mjC3O5sJwAe&refsrc=deprecated&_rdr
2025-04-11 19:59:32,946 - INFO - Extracted web URL from app redirect: https://m.facebook.com/reg/
2025-04-11 19:59:33,973 - INFO - Detected Facebook app redirect: fbredirect://m.facebook.com/?uri=https%3A%2F%2Fm.facebook.com%2Freg%2F&wtsid=rdr_03Jdewjfx3hddQMTu&refsrc=deprecated&_rdr
2025-04-11 19:59:33,973 - INFO - Extracted web URL from app redirect: https://m.facebook.com/reg/
2025-04-11 19:59:34,978 - INFO - Detected Facebook app redirect: fbredirect://m.facebook.com/?uri=https%3A%2F%2Fm.facebook.com%2Freg%2F&wtsid=rdr_0dJgezYwiKSTkFLoR&refsrc=deprecated&_rdr
2025-04-11 19:59:34,978 - INFO - Extracted web URL from app redirect: https://m.facebook.com/reg/
2025-04-11 19:59:37,023 - INFO - Detected Facebook app redirect: fbredirect://m.facebook.com/?uri=https%3A%2F%2Fm.facebook.com%2Freg%2F&wtsid=rdr_00RRE6pfnfrPQTFao&refsrc=deprecated&_rdr
2025-04-11 19:59:37,023 - INFO - Extracted web URL from app redirect: https://m.facebook.com/reg/
2025-04-11 19:59:38,024 - INFO - Detected Facebook app redirect: fbredirect://m.facebook.com/?uri=https%3A%2F%2Fm.facebook.com%2Freg%2F&wtsid=rdr_07gRZKBzj6EfjcXlN&refsrc=deprecated&_rdr
2025-04-11 19:59:38,025 - INFO - Extracted web URL from app redirect: https://m.facebook.com/reg/
2025-04-11 19:59:40,089 - INFO - Detected Facebook app redirect: fbredirect://m.facebook.com/?uri=https%3A%2F%2Fm.facebook.com%2Freg%2F&wtsid=rdr_0A2F40RH2AQVr6qrb&refsrc=deprecated&_rdr
2025-04-11 19:59:40,089 - INFO - Extracted web URL from app redirect: https://m.facebook.com/reg/
2025-04-11 19:59:41,092 - INFO - Detected Facebook app redirect: fbredirect://m.facebook.com/?uri=https%3A%2F%2Fm.facebook.com%2Freg%2F&wtsid=rdr_0K3kymdDOOsqHGAzu&refsrc=deprecated&_rdr
2025-04-11 19:59:41,093 - INFO - Extracted web URL from app redirect: https://m.facebook.com/reg/
2025-04-11 19:59:42,132 - INFO - Detected Facebook app redirect: fbredirect://m.facebook.com/?uri=https%3A%2F%2Fm.facebook.com%2Freg%2F&wtsid=rdr_0DCD9or6l9slgJkqD&refsrc=deprecated&_rdr
2025-04-11 19:59:42,133 - INFO - Extracted web URL from app redirect: https://m.facebook.com/reg/
2025-04-11 19:59:43,144 - INFO - Detected Facebook app redirect: fbredirect://m.facebook.com/?uri=https%3A%2F%2Fm.facebook.com%2Freg%2F&wtsid=rdr_0tRw4yvcA2UmPcdu2&refsrc=deprecated&_rdr
2025-04-11 19:59:43,145 - INFO - Extracted web URL from app redirect: https://m.facebook.com/reg/
2025-04-11 19:59:44,204 - INFO - Detected Facebook app redirect: fbredirect://m.facebook.com/?uri=https%3A%2F%2Fm.facebook.com%2Freg%2F&wtsid=rdr_0mrVvmjDzVLMVwjwU&refsrc=deprecated&_rdr
2025-04-11 19:59:44,205 - INFO - Extracted web URL from app redirect: https://m.facebook.com/reg/
2025-04-11 19:59:45,246 - INFO - Detected Facebook app redirect: fbredirect://m.facebook.com/?uri=https%3A%2F%2Fm.facebook.com%2Freg%2F&wtsid=rdr_02Rkc97zlcjy4jNaF&refsrc=deprecated&_rdr
2025-04-11 19:59:45,247 - INFO - Extracted web URL from app redirect: https://m.facebook.com/reg/
2025-04-11 19:59:46,274 - INFO - Detected Facebook app redirect: fbredirect://m.facebook.com/?uri=https%3A%2F%2Fm.facebook.com%2Freg%2F&wtsid=rdr_0QlnMvQQShuQFv97K&refsrc=deprecated&_rdr
2025-04-11 19:59:46,274 - INFO - Extracted web URL from app redirect: https://m.facebook.com/reg/
2025-04-11 19:59:47,271 - INFO - Detected Facebook app redirect: fbredirect://m.facebook.com/?uri=https%3A%2F%2Fm.facebook.com%2Freg%2F&wtsid=rdr_0zCCNzsQqZBjLt7ZX&refsrc=deprecated&_rdr
2025-04-11 19:59:47,272 - INFO - Extracted web URL from app redirect: https://m.facebook.com/reg/
2025-04-11 19:59:48,542 - INFO - Detected Facebook app redirect: fbredirect://m.facebook.com/?uri=https%3A%2F%2Fm.facebook.com%2Freg%2F&wtsid=rdr_0KR08VLRbLyZTwNFL&refsrc=deprecated&_rdr
2025-04-11 19:59:48,543 - INFO - Extracted web URL from app redirect: https://m.facebook.com/reg/
2025-04-11 19:59:49,592 - INFO - Detected Facebook app redirect: fbredirect://m.facebook.com/?uri=https%3A%2F%2Fm.facebook.com%2Freg%2F&wtsid=rdr_0oMS7kjGvVO0bUml7&refsrc=deprecated&_rdr
2025-04-11 19:59:49,593 - INFO - Extracted web URL from app redirect: https://m.facebook.com/reg/
2025-04-11 19:59:50,610 - INFO - Detected Facebook app redirect: fbredirect://m.facebook.com/?uri=https%3A%2F%2Fm.facebook.com%2Freg%2F&wtsid=rdr_037YRe9ClsVuxokAK&refsrc=deprecated&_rdr
2025-04-11 19:59:50,610 - INFO - Extracted web URL from app redirect: https://m.facebook.com/reg/
2025-04-11 19:59:51,633 - INFO - Detected Facebook app redirect: fbredirect://m.facebook.com/?uri=https%3A%2F%2Fm.facebook.com%2Freg%2F&wtsid=rdr_035kDveuVjAfIsAwt&refsrc=deprecated&_rdr
2025-04-11 19:59:51,634 - INFO - Extracted web URL from app redirect: https://m.facebook.com/reg/
2025-04-11 19:59:52,669 - INFO - Detected Facebook app redirect: fbredirect://m.facebook.com/?uri=https%3A%2F%2Fm.facebook.com%2Freg%2F&wtsid=rdr_08GZj2aql8ML8pySX&refsrc=deprecated&_rdr
2025-04-11 19:59:52,669 - INFO - Extracted web URL from app redirect: https://m.facebook.com/reg/
2025-04-11 19:59:53,685 - INFO - Detected Facebook app redirect: fbredirect://m.facebook.com/?uri=https%3A%2F%2Fm.facebook.com%2Freg%2F&wtsid=rdr_01p0nWHHrDv7HJiuC&refsrc=deprecated&_rdr
2025-04-11 19:59:53,686 - INFO - Extracted web URL from app redirect: https://m.facebook.com/reg/
2025-04-11 19:59:54,701 - INFO - Detected Facebook app redirect: fbredirect://m.facebook.com/?uri=https%3A%2F%2Fm.facebook.com%2Freg%2F&wtsid=rdr_0mug39MMMsPKrUpan&refsrc=deprecated&_rdr
2025-04-11 19:59:54,702 - INFO - Extracted web URL from app redirect: https://m.facebook.com/reg/
2025-04-11 19:59:55,745 - INFO - Detected Facebook app redirect: fbredirect://m.facebook.com/?uri=https%3A%2F%2Fm.facebook.com%2Freg%2F&wtsid=rdr_0iCAbKPnhqr3r794i&refsrc=deprecated&_rdr
2025-04-11 19:59:55,776 - INFO - Extracted web URL from app redirect: https://m.facebook.com/reg/
2025-04-11 19:59:56,826 - INFO - Detected Facebook app redirect: fbredirect://m.facebook.com/?uri=https%3A%2F%2Fm.facebook.com%2Freg%2F&wtsid=rdr_0HEL1hp54BBdn1oKx&refsrc=deprecated&_rdr
2025-04-11 19:59:56,827 - INFO - Extracted web URL from app redirect: https://m.facebook.com/reg/
2025-04-11 19:59:57,850 - INFO - Detected Facebook app redirect: fbredirect://m.facebook.com/?uri=https%3A%2F%2Fm.facebook.com%2Freg%2F&wtsid=rdr_04jONnIHUx0I5ilBH&refsrc=deprecated&_rdr
2025-04-11 19:59:57,851 - INFO - Extracted web URL from app redirect: https://m.facebook.com/reg/
2025-04-11 19:59:59,004 - INFO - Detected Facebook app redirect: fbredirect://m.facebook.com/?uri=https%3A%2F%2Fm.facebook.com%2Freg%2F&wtsid=rdr_0h5nOE1qrgieOniKU&refsrc=deprecated&_rdr
2025-04-11 19:59:59,005 - INFO - Extracted web URL from app redirect: https://m.facebook.com/reg/
2025-04-11 20:00:00,018 - INFO - Detected Facebook app redirect: fbredirect://m.facebook.com/?uri=https%3A%2F%2Fm.facebook.com%2Freg%2F&wtsid=rdr_0L4EkRn8ozK6miDT9&refsrc=deprecated&_rdr
2025-04-11 20:00:00,018 - INFO - Extracted web URL from app redirect: https://m.facebook.com/reg/
2025-04-11 20:00:01,034 - INFO - Detected Facebook app redirect: fbredirect://m.facebook.com/?uri=https%3A%2F%2Fm.facebook.com%2Freg%2F&wtsid=rdr_0R56JbKH11L8J8WCo&refsrc=deprecated&_rdr
2025-04-11 20:00:01,034 - INFO - Extracted web URL from app redirect: https://m.facebook.com/reg/
2025-04-11 20:00:02,072 - INFO - Detected Facebook app redirect: fbredirect://m.facebook.com/?uri=https%3A%2F%2Fm.facebook.com%2Freg%2F&wtsid=rdr_0G85B38iTn8gPqzvz&refsrc=deprecated&_rdr
2025-04-11 20:00:02,073 - INFO - Extracted web URL from app redirect: https://m.facebook.com/reg/
2025-04-11 20:00:04,127 - INFO - Detected Facebook app redirect: fbredirect://m.facebook.com/?uri=https%3A%2F%2Fm.facebook.com%2Freg%2F&wtsid=rdr_0QNdopAxugGiXQw4V&refsrc=deprecated&_rdr
2025-04-11 20:00:04,128 - INFO - Extracted web URL from app redirect: https://m.facebook.com/reg/
2025-04-11 20:00:05,127 - INFO - Detected Facebook app redirect: fbredirect://m.facebook.com/?uri=https%3A%2F%2Fm.facebook.com%2Freg%2F&wtsid=rdr_0ZjaEo5IGmHCNRY5O&refsrc=deprecated&_rdr
2025-04-11 20:00:05,128 - INFO - Extracted web URL from app redirect: https://m.facebook.com/reg/
2025-04-11 20:00:06,167 - INFO - Detected Facebook app redirect: fbredirect://m.facebook.com/?uri=https%3A%2F%2Fm.facebook.com%2Freg%2F&wtsid=rdr_0jWTi3qNX35TBc272&refsrc=deprecated&_rdr
2025-04-11 20:00:06,167 - INFO - Extracted web URL from app redirect: https://m.facebook.com/reg/
2025-04-11 20:00:07,225 - INFO - Detected Facebook app redirect: fbredirect://m.facebook.com/?uri=https%3A%2F%2Fm.facebook.com%2Freg%2F&wtsid=rdr_0u8gMMB3hlSeEvGpA&refsrc=deprecated&_rdr
2025-04-11 20:00:07,225 - INFO - Extracted web URL from app redirect: https://m.facebook.com/reg/
2025-04-11 20:00:08,223 - INFO - Detected Facebook app redirect: fbredirect://m.facebook.com/?uri=https%3A%2F%2Fm.facebook.com%2Freg%2F&wtsid=rdr_0P7gpiV5iAdcCUGNQ&refsrc=deprecated&_rdr
2025-04-11 20:00:08,223 - INFO - Extracted web URL from app redirect: https://m.facebook.com/reg/
2025-04-11 20:00:09,269 - INFO - Detected Facebook app redirect: fbredirect://m.facebook.com/?uri=https%3A%2F%2Fm.facebook.com%2Freg%2F&wtsid=rdr_0WD5GLu6GVbuWvtbd&refsrc=deprecated&_rdr
2025-04-11 20:00:09,269 - INFO - Extracted web URL from app redirect: https://m.facebook.com/reg/
2025-04-11 20:00:09,629 - ERROR - Error handling app redirect: HTTPSConnectionPool(host='m.facebook.com', port=443): Max retries exceeded with url: /reg/ (Caused by ProxyError('Unable to connect to proxy', OSError('Tunnel connection failed: 429 Too Many Requests')))
2025-04-11 20:00:09,655 - WARNING - Invalid schema error: No connection adapters were found for 'fbredirect://m.facebook.com/?uri=https%3A%2F%2Fm.facebook.com%2Freg%2F&wtsid=rdr_0WD5GLu6GVbuWvtbd&refsrc=deprecated&_rdr'
2025-04-11 20:00:09,655 - INFO - Detected app redirect URL: fbredirect://m.facebook.com/?uri=https%3A%2F%2Fm.facebook.com%2Freg%2F&wtsid=rdr_0WD5GLu6GVbuWvtbd&refsrc=deprecated&_rdr
2025-04-11 20:00:09,656 - INFO - Extracted web URL from app redirect: https://m.facebook.com/reg/
2025-04-11 20:00:09,656 - INFO - Trying direct URL: https://m.facebook.com/reg/submit/
2025-04-11 20:00:09,947 - INFO - Detected Facebook app redirect: fbredirect://m.facebook.com/?uri=https%3A%2F%2Fm.facebook.com%2Freg%2F%3Fexclude_suggestions%3D0%26korean_tos_is_present%3D0%26checkbox_privacy_policy%3D0%26checkbox_tos%3D0%26checkbox_location_policy%3D0%26upload_contacts%3D0%26gb%3D0&wtsid=rdr_0EZaPQpNCpmZ3KLYG&refsrc=deprecated&_rdr
2025-04-11 20:00:09,948 - INFO - Extracted web URL from app redirect: https://m.facebook.com/reg/?exclude_suggestions=0&korean_tos_is_present=0&checkbox_privacy_policy=0&checkbox_tos=0&checkbox_location_policy=0&upload_contacts=0&gb=0
2025-04-11 20:00:10,343 - ERROR - Error handling app redirect: HTTPSConnectionPool(host='m.facebook.com', port=443): Max retries exceeded with url: /reg/?exclude_suggestions=0&korean_tos_is_present=0&checkbox_privacy_policy=0&checkbox_tos=0&checkbox_location_policy=0&upload_contacts=0&gb=0 (Caused by ProxyError('Unable to connect to proxy', OSError('Tunnel connection failed: 429 Too Many Requests')))
2025-04-11 20:00:10,345 - ERROR - Error handling app redirect URL: No connection adapters were found for 'fbredirect://m.facebook.com/?uri=https%3A%2F%2Fm.facebook.com%2Freg%2F%3Fexclude_suggestions%3D0%26korean_tos_is_present%3D0%26checkbox_privacy_policy%3D0%26checkbox_tos%3D0%26checkbox_location_policy%3D0%26upload_contacts%3D0%26gb%3D0&wtsid=rdr_0EZaPQpNCpmZ3KLYG&refsrc=deprecated&_rdr'
2025-04-11 20:00:10,345 - INFO - Trying fallback URL: https://m.facebook.com/r.php
2025-04-11 20:00:10,678 - INFO - Detected Facebook app redirect: fbredirect://m.facebook.com/?uri=https%3A%2F%2Fm.facebook.com%2Freg%2F&wtsid=rdr_0nW1RJKGk2pYbm0q0&refsrc=deprecated&_rdr
2025-04-11 20:00:10,678 - INFO - Extracted web URL from app redirect: https://m.facebook.com/reg/
2025-04-11 20:00:11,051 - ERROR - Error handling app redirect: HTTPSConnectionPool(host='m.facebook.com', port=443): Max retries exceeded with url: /reg/ (Caused by ProxyError('Unable to connect to proxy', OSError('Tunnel connection failed: 429 Too Many Requests')))
2025-04-11 20:00:11,052 - ERROR - Fallback approach failed: No connection adapters were found for 'fbredirect://m.facebook.com/?uri=https%3A%2F%2Fm.facebook.com%2Freg%2F&wtsid=rdr_0nW1RJKGk2pYbm0q0&refsrc=deprecated&_rdr'
2025-04-11 20:00:11,052 - WARNING - Error accessing https://m.facebook.com/reg/: No connection adapters were found for 'fbredirect://m.facebook.com/?uri=https%3A%2F%2Fm.facebook.com%2Freg%2F&wtsid=rdr_0WD5GLu6GVbuWvtbd&refsrc=deprecated&_rdr'
2025-04-11 20:00:11,052 - INFO - Trying signup URL: https://m.facebook.com/reg/submit/
2025-04-11 20:00:12,839 - INFO - Detected Facebook app redirect: fbredirect://m.facebook.com/?uri=https%3A%2F%2Fm.facebook.com%2Freg%2F%3Fexclude_suggestions%3D0%26korean_tos_is_present%3D0%26checkbox_privacy_policy%3D0%26checkbox_tos%3D0%26checkbox_location_policy%3D0%26upload_contacts%3D0%26gb%3D0&wtsid=rdr_0ROfNwSKhzSGLmX1I&refsrc=deprecated&_rdr
2025-04-11 20:00:12,840 - INFO - Extracted web URL from app redirect: https://m.facebook.com/reg/?exclude_suggestions=0&korean_tos_is_present=0&checkbox_privacy_policy=0&checkbox_tos=0&checkbox_location_policy=0&upload_contacts=0&gb=0
2025-04-11 20:00:13,200 - ERROR - Error handling app redirect: HTTPSConnectionPool(host='m.facebook.com', port=443): Max retries exceeded with url: /reg/?exclude_suggestions=0&korean_tos_is_present=0&checkbox_privacy_policy=0&checkbox_tos=0&checkbox_location_policy=0&upload_contacts=0&gb=0 (Caused by ProxyError('Unable to connect to proxy', OSError('Tunnel connection failed: 429 Too Many Requests')))
2025-04-11 20:00:13,201 - WARNING - Invalid schema error: No connection adapters were found for 'fbredirect://m.facebook.com/?uri=https%3A%2F%2Fm.facebook.com%2Freg%2F%3Fexclude_suggestions%3D0%26korean_tos_is_present%3D0%26checkbox_privacy_policy%3D0%26checkbox_tos%3D0%26checkbox_location_policy%3D0%26upload_contacts%3D0%26gb%3D0&wtsid=rdr_0ROfNwSKhzSGLmX1I&refsrc=deprecated&_rdr'
2025-04-11 20:00:13,202 - INFO - Detected app redirect URL: fbredirect://m.facebook.com/?uri=https%3A%2F%2Fm.facebook.com%2Freg%2F%3Fexclude_suggestions%3D0%26korean_tos_is_present%3D0%26checkbox_privacy_policy%3D0%26checkbox_tos%3D0%26checkbox_location_policy%3D0%26upload_contacts%3D0%26gb%3D0&wtsid=rdr_0ROfNwSKhzSGLmX1I&refsrc=deprecated&_rdr
2025-04-11 20:00:13,202 - INFO - Extracted web URL from app redirect: https://m.facebook.com/reg/?exclude_suggestions=0&korean_tos_is_present=0&checkbox_privacy_policy=0&checkbox_tos=0&checkbox_location_policy=0&upload_contacts=0&gb=0
2025-04-11 20:00:13,202 - INFO - Trying direct URL: https://m.facebook.com/reg/submit/
2025-04-11 20:00:13,532 - INFO - Detected Facebook app redirect: fbredirect://m.facebook.com/?uri=https%3A%2F%2Fm.facebook.com%2Freg%2F%3Fexclude_suggestions%3D0%26korean_tos_is_present%3D0%26checkbox_privacy_policy%3D0%26checkbox_tos%3D0%26checkbox_location_policy%3D0%26upload_contacts%3D0%26gb%3D0&wtsid=rdr_0y1oGzb7FytxuAQgl&refsrc=deprecated&_rdr
2025-04-11 20:00:13,533 - INFO - Extracted web URL from app redirect: https://m.facebook.com/reg/?exclude_suggestions=0&korean_tos_is_present=0&checkbox_privacy_policy=0&checkbox_tos=0&checkbox_location_policy=0&upload_contacts=0&gb=0
2025-04-11 20:00:13,894 - ERROR - Error handling app redirect: HTTPSConnectionPool(host='m.facebook.com', port=443): Max retries exceeded with url: /reg/?exclude_suggestions=0&korean_tos_is_present=0&checkbox_privacy_policy=0&checkbox_tos=0&checkbox_location_policy=0&upload_contacts=0&gb=0 (Caused by ProxyError('Unable to connect to proxy', OSError('Tunnel connection failed: 429 Too Many Requests')))
2025-04-11 20:00:13,896 - ERROR - Error handling app redirect URL: No connection adapters were found for 'fbredirect://m.facebook.com/?uri=https%3A%2F%2Fm.facebook.com%2Freg%2F%3Fexclude_suggestions%3D0%26korean_tos_is_present%3D0%26checkbox_privacy_policy%3D0%26checkbox_tos%3D0%26checkbox_location_policy%3D0%26upload_contacts%3D0%26gb%3D0&wtsid=rdr_0y1oGzb7FytxuAQgl&refsrc=deprecated&_rdr'
2025-04-11 20:00:13,896 - INFO - Trying fallback URL: https://m.facebook.com/r.php
2025-04-11 20:00:14,261 - INFO - Detected Facebook app redirect: fbredirect://m.facebook.com/?uri=https%3A%2F%2Fm.facebook.com%2Freg%2F&wtsid=rdr_0LyahVYxrdoUkb7Tr&refsrc=deprecated&_rdr
2025-04-11 20:00:14,262 - INFO - Extracted web URL from app redirect: https://m.facebook.com/reg/
2025-04-11 20:00:16,338 - INFO - Detected Facebook app redirect: fbredirect://m.facebook.com/?uri=https%3A%2F%2Fm.facebook.com%2Freg%2F&wtsid=rdr_0IfoFfydgaSyOLL3p&refsrc=deprecated&_rdr
2025-04-11 20:00:16,339 - INFO - Extracted web URL from app redirect: https://m.facebook.com/reg/
2025-04-11 20:00:17,413 - INFO - Detected Facebook app redirect: fbredirect://m.facebook.com/?uri=https%3A%2F%2Fm.facebook.com%2Freg%2F&wtsid=rdr_0ZpScXdZqp9bSFFk6&refsrc=deprecated&_rdr
2025-04-11 20:00:17,413 - INFO - Extracted web URL from app redirect: https://m.facebook.com/reg/
2025-04-11 20:00:18,401 - INFO - Detected Facebook app redirect: fbredirect://m.facebook.com/?uri=https%3A%2F%2Fm.facebook.com%2Freg%2F&wtsid=rdr_0mVnHwhuJrKtNkopg&refsrc=deprecated&_rdr
2025-04-11 20:00:18,401 - INFO - Extracted web URL from app redirect: https://m.facebook.com/reg/
2025-04-11 20:00:19,436 - INFO - Detected Facebook app redirect: fbredirect://m.facebook.com/?uri=https%3A%2F%2Fm.facebook.com%2Freg%2F&wtsid=rdr_0Va24FiQWrbwvar5M&refsrc=deprecated&_rdr
2025-04-11 20:00:19,437 - INFO - Extracted web URL from app redirect: https://m.facebook.com/reg/
2025-04-11 20:00:20,478 - INFO - Detected Facebook app redirect: fbredirect://m.facebook.com/?uri=https%3A%2F%2Fm.facebook.com%2Freg%2F&wtsid=rdr_0h43Xi8Iqing5GPwV&refsrc=deprecated&_rdr
2025-04-11 20:00:20,479 - INFO - Extracted web URL from app redirect: https://m.facebook.com/reg/
2025-04-11 20:00:21,501 - INFO - Detected Facebook app redirect: fbredirect://m.facebook.com/?uri=https%3A%2F%2Fm.facebook.com%2Freg%2F&wtsid=rdr_0BJQKVrBQibg5plc8&refsrc=deprecated&_rdr
2025-04-11 20:00:21,502 - INFO - Extracted web URL from app redirect: https://m.facebook.com/reg/
2025-04-11 20:00:22,530 - INFO - Detected Facebook app redirect: fbredirect://m.facebook.com/?uri=https%3A%2F%2Fm.facebook.com%2Freg%2F&wtsid=rdr_01KLWgIPzkfXWqjBA&refsrc=deprecated&_rdr
2025-04-11 20:00:22,530 - INFO - Extracted web URL from app redirect: https://m.facebook.com/reg/
2025-04-11 20:00:23,552 - INFO - Detected Facebook app redirect: fbredirect://m.facebook.com/?uri=https%3A%2F%2Fm.facebook.com%2Freg%2F&wtsid=rdr_04N1xQSBxtz05Jpu4&refsrc=deprecated&_rdr
2025-04-11 20:00:23,553 - INFO - Extracted web URL from app redirect: https://m.facebook.com/reg/
2025-04-11 20:00:24,572 - INFO - Detected Facebook app redirect: fbredirect://m.facebook.com/?uri=https%3A%2F%2Fm.facebook.com%2Freg%2F&wtsid=rdr_0iEBlcTEBYdkVa73q&refsrc=deprecated&_rdr
2025-04-11 20:00:24,572 - INFO - Extracted web URL from app redirect: https://m.facebook.com/reg/
2025-04-11 20:00:25,584 - INFO - Detected Facebook app redirect: fbredirect://m.facebook.com/?uri=https%3A%2F%2Fm.facebook.com%2Freg%2F&wtsid=rdr_0xPo30mQrPmrfq26L&refsrc=deprecated&_rdr
2025-04-11 20:00:25,585 - INFO - Extracted web URL from app redirect: https://m.facebook.com/reg/
2025-04-11 20:00:26,591 - INFO - Detected Facebook app redirect: fbredirect://m.facebook.com/?uri=https%3A%2F%2Fm.facebook.com%2Freg%2F&wtsid=rdr_014fCDbPsacmG9PP6&refsrc=deprecated&_rdr
2025-04-11 20:00:26,592 - INFO - Extracted web URL from app redirect: https://m.facebook.com/reg/
2025-04-11 20:00:27,593 - INFO - Detected Facebook app redirect: fbredirect://m.facebook.com/?uri=https%3A%2F%2Fm.facebook.com%2Freg%2F&wtsid=rdr_0CsShdcgUOgN1fN2e&refsrc=deprecated&_rdr
2025-04-11 20:00:27,594 - INFO - Extracted web URL from app redirect: https://m.facebook.com/reg/
2025-04-11 20:00:28,627 - INFO - Detected Facebook app redirect: fbredirect://m.facebook.com/?uri=https%3A%2F%2Fm.facebook.com%2Freg%2F&wtsid=rdr_0U4NY90gilxVm5rNi&refsrc=deprecated&_rdr
2025-04-11 20:00:28,627 - INFO - Extracted web URL from app redirect: https://m.facebook.com/reg/
2025-04-11 20:00:29,708 - INFO - Detected Facebook app redirect: fbredirect://m.facebook.com/?uri=https%3A%2F%2Fm.facebook.com%2Freg%2F&wtsid=rdr_01rKnHwX86cPN0xQH&refsrc=deprecated&_rdr
2025-04-11 20:00:29,708 - INFO - Extracted web URL from app redirect: https://m.facebook.com/reg/
2025-04-11 20:00:30,782 - INFO - Detected Facebook app redirect: fbredirect://m.facebook.com/?uri=https%3A%2F%2Fm.facebook.com%2Freg%2F&wtsid=rdr_02TOqsSZHU3GB1lOx&refsrc=deprecated&_rdr
2025-04-11 20:00:30,782 - INFO - Extracted web URL from app redirect: https://m.facebook.com/reg/
2025-04-11 20:00:31,814 - INFO - Detected Facebook app redirect: fbredirect://m.facebook.com/?uri=https%3A%2F%2Fm.facebook.com%2Freg%2F&wtsid=rdr_05DJWF9TAreoGXz5n&refsrc=deprecated&_rdr
2025-04-11 20:00:31,815 - INFO - Extracted web URL from app redirect: https://m.facebook.com/reg/
2025-04-11 20:00:32,873 - INFO - Detected Facebook app redirect: fbredirect://m.facebook.com/?uri=https%3A%2F%2Fm.facebook.com%2Freg%2F&wtsid=rdr_0k3MvjIjRW78bQQVb&refsrc=deprecated&_rdr
2025-04-11 20:00:32,873 - INFO - Extracted web URL from app redirect: https://m.facebook.com/reg/
2025-04-11 20:00:33,874 - INFO - Detected Facebook app redirect: fbredirect://m.facebook.com/?uri=https%3A%2F%2Fm.facebook.com%2Freg%2F&wtsid=rdr_0ZGAeesS13R6UUIMK&refsrc=deprecated&_rdr
2025-04-11 20:00:33,882 - INFO - Extracted web URL from app redirect: https://m.facebook.com/reg/
2025-04-11 20:00:34,962 - INFO - Detected Facebook app redirect: fbredirect://m.facebook.com/?uri=https%3A%2F%2Fm.facebook.com%2Freg%2F&wtsid=rdr_0hhIihg1LcBsXXdqI&refsrc=deprecated&_rdr
2025-04-11 20:00:34,962 - INFO - Extracted web URL from app redirect: https://m.facebook.com/reg/
2025-04-11 20:00:35,993 - INFO - Detected Facebook app redirect: fbredirect://m.facebook.com/?uri=https%3A%2F%2Fm.facebook.com%2Freg%2F&wtsid=rdr_0nvwAGxwkRPDAicHm&refsrc=deprecated&_rdr
2025-04-11 20:00:35,993 - INFO - Extracted web URL from app redirect: https://m.facebook.com/reg/
2025-04-11 20:00:37,088 - INFO - Detected Facebook app redirect: fbredirect://m.facebook.com/?uri=https%3A%2F%2Fm.facebook.com%2Freg%2F&wtsid=rdr_0Xo6EBa4qfSpkkYms&refsrc=deprecated&_rdr
2025-04-11 20:00:37,088 - INFO - Extracted web URL from app redirect: https://m.facebook.com/reg/
2025-04-11 20:00:38,093 - INFO - Detected Facebook app redirect: fbredirect://m.facebook.com/?uri=https%3A%2F%2Fm.facebook.com%2Freg%2F&wtsid=rdr_0nvp8yMKVNCOQokKc&refsrc=deprecated&_rdr
2025-04-11 20:00:38,094 - INFO - Extracted web URL from app redirect: https://m.facebook.com/reg/
2025-04-11 20:00:39,103 - INFO - Detected Facebook app redirect: fbredirect://m.facebook.com/?uri=https%3A%2F%2Fm.facebook.com%2Freg%2F&wtsid=rdr_0C2dZR8075KRveBAG&refsrc=deprecated&_rdr
2025-04-11 20:00:39,103 - INFO - Extracted web URL from app redirect: https://m.facebook.com/reg/
2025-04-11 20:00:40,124 - INFO - Detected Facebook app redirect: fbredirect://m.facebook.com/?uri=https%3A%2F%2Fm.facebook.com%2Freg%2F&wtsid=rdr_0wThrOrF5VK5s9RT5&refsrc=deprecated&_rdr
2025-04-11 20:00:40,125 - INFO - Extracted web URL from app redirect: https://m.facebook.com/reg/
2025-04-11 20:00:41,152 - INFO - Detected Facebook app redirect: fbredirect://m.facebook.com/?uri=https%3A%2F%2Fm.facebook.com%2Freg%2F&wtsid=rdr_0IXeb4AbnMlvS91pV&refsrc=deprecated&_rdr
2025-04-11 20:00:41,153 - INFO - Extracted web URL from app redirect: https://m.facebook.com/reg/
2025-04-11 20:00:42,156 - INFO - Detected Facebook app redirect: fbredirect://m.facebook.com/?uri=https%3A%2F%2Fm.facebook.com%2Freg%2F&wtsid=rdr_0LVB3Kg0pfTVAOxrV&refsrc=deprecated&_rdr
2025-04-11 20:00:42,157 - INFO - Extracted web URL from app redirect: https://m.facebook.com/reg/
2025-04-11 20:00:43,215 - INFO - Detected Facebook app redirect: fbredirect://m.facebook.com/?uri=https%3A%2F%2Fm.facebook.com%2Freg%2F&wtsid=rdr_0fXf5FvGGWpUJqUoe&refsrc=deprecated&_rdr
2025-04-11 20:00:43,216 - INFO - Extracted web URL from app redirect: https://m.facebook.com/reg/
2025-04-11 20:00:44,251 - INFO - Detected Facebook app redirect: fbredirect://m.facebook.com/?uri=https%3A%2F%2Fm.facebook.com%2Freg%2F&wtsid=rdr_0F7ZkHkbNe5wqebGD&refsrc=deprecated&_rdr
2025-04-11 20:00:44,252 - INFO - Extracted web URL from app redirect: https://m.facebook.com/reg/
2025-04-11 20:00:45,283 - INFO - Detected Facebook app redirect: fbredirect://m.facebook.com/?uri=https%3A%2F%2Fm.facebook.com%2Freg%2F&wtsid=rdr_0QhMQkqd98tcjGDQ9&refsrc=deprecated&_rdr
2025-04-11 20:00:45,283 - INFO - Extracted web URL from app redirect: https://m.facebook.com/reg/
2025-04-11 20:00:46,310 - INFO - Detected Facebook app redirect: fbredirect://m.facebook.com/?uri=https%3A%2F%2Fm.facebook.com%2Freg%2F&wtsid=rdr_0nMdLDKCxBCJDrh5Z&refsrc=deprecated&_rdr
2025-04-11 20:00:46,313 - INFO - Extracted web URL from app redirect: https://m.facebook.com/reg/
2025-04-11 20:00:47,332 - INFO - Detected Facebook app redirect: fbredirect://m.facebook.com/?uri=https%3A%2F%2Fm.facebook.com%2Freg%2F&wtsid=rdr_0KIVMgHa8prUThTes&refsrc=deprecated&_rdr
2025-04-11 20:00:47,333 - INFO - Extracted web URL from app redirect: https://m.facebook.com/reg/
2025-04-11 20:00:48,352 - INFO - Detected Facebook app redirect: fbredirect://m.facebook.com/?uri=https%3A%2F%2Fm.facebook.com%2Freg%2F&wtsid=rdr_0jtuBP7QAalpAnhZr&refsrc=deprecated&_rdr
2025-04-11 20:00:48,352 - INFO - Extracted web URL from app redirect: https://m.facebook.com/reg/
2025-04-11 20:00:49,403 - INFO - Detected Facebook app redirect: fbredirect://m.facebook.com/?uri=https%3A%2F%2Fm.facebook.com%2Freg%2F&wtsid=rdr_039hvuKExs80RHvHh&refsrc=deprecated&_rdr
2025-04-11 20:00:49,403 - INFO - Extracted web URL from app redirect: https://m.facebook.com/reg/
2025-04-11 20:00:50,403 - INFO - Detected Facebook app redirect: fbredirect://m.facebook.com/?uri=https%3A%2F%2Fm.facebook.com%2Freg%2F&wtsid=rdr_0eSpxnJLa50kjKFXA&refsrc=deprecated&_rdr
2025-04-11 20:00:50,403 - INFO - Extracted web URL from app redirect: https://m.facebook.com/reg/
2025-04-11 20:00:51,401 - INFO - Detected Facebook app redirect: fbredirect://m.facebook.com/?uri=https%3A%2F%2Fm.facebook.com%2Freg%2F&wtsid=rdr_0ZhsF54jpbjXpz3TE&refsrc=deprecated&_rdr
2025-04-11 20:00:51,402 - INFO - Extracted web URL from app redirect: https://m.facebook.com/reg/
2025-04-11 20:00:53,453 - INFO - Detected Facebook app redirect: fbredirect://m.facebook.com/?uri=https%3A%2F%2Fm.facebook.com%2Freg%2F&wtsid=rdr_0ZDMySv4KXcnxhJzE&refsrc=deprecated&_rdr
2025-04-11 20:00:53,453 - INFO - Extracted web URL from app redirect: https://m.facebook.com/reg/
2025-04-11 20:00:54,501 - INFO - Detected Facebook app redirect: fbredirect://m.facebook.com/?uri=https%3A%2F%2Fm.facebook.com%2Freg%2F&wtsid=rdr_0VEfv09NpZXERdEc3&refsrc=deprecated&_rdr
2025-04-11 20:00:54,502 - INFO - Extracted web URL from app redirect: https://m.facebook.com/reg/
2025-04-11 20:00:55,510 - INFO - Detected Facebook app redirect: fbredirect://m.facebook.com/?uri=https%3A%2F%2Fm.facebook.com%2Freg%2F&wtsid=rdr_00giEZB6KnLXwmjcE&refsrc=deprecated&_rdr
2025-04-11 20:00:55,511 - INFO - Extracted web URL from app redirect: https://m.facebook.com/reg/
2025-04-11 20:00:56,528 - INFO - Detected Facebook app redirect: fbredirect://m.facebook.com/?uri=https%3A%2F%2Fm.facebook.com%2Freg%2F&wtsid=rdr_0GxNFF2OxjRnx6LeL&refsrc=deprecated&_rdr
2025-04-11 20:00:56,529 - INFO - Extracted web URL from app redirect: https://m.facebook.com/reg/
2025-04-11 20:00:57,541 - INFO - Detected Facebook app redirect: fbredirect://m.facebook.com/?uri=https%3A%2F%2Fm.facebook.com%2Freg%2F&wtsid=rdr_0MUNscNSpi3NMz1D9&refsrc=deprecated&_rdr
2025-04-11 20:00:57,541 - INFO - Extracted web URL from app redirect: https://m.facebook.com/reg/
2025-04-11 20:00:58,565 - INFO - Detected Facebook app redirect: fbredirect://m.facebook.com/?uri=https%3A%2F%2Fm.facebook.com%2Freg%2F&wtsid=rdr_0GGuWWyNZsZChFucE&refsrc=deprecated&_rdr
2025-04-11 20:00:58,566 - INFO - Extracted web URL from app redirect: https://m.facebook.com/reg/
2025-04-11 20:00:59,586 - INFO - Detected Facebook app redirect: fbredirect://m.facebook.com/?uri=https%3A%2F%2Fm.facebook.com%2Freg%2F&wtsid=rdr_0q0eazUusOoIIw5Fl&refsrc=deprecated&_rdr
2025-04-11 20:00:59,587 - INFO - Extracted web URL from app redirect: https://m.facebook.com/reg/
2025-04-11 20:01:00,634 - INFO - Detected Facebook app redirect: fbredirect://m.facebook.com/?uri=https%3A%2F%2Fm.facebook.com%2Freg%2F&wtsid=rdr_0kbLpUblq74GJlYJH&refsrc=deprecated&_rdr
2025-04-11 20:01:00,634 - INFO - Extracted web URL from app redirect: https://m.facebook.com/reg/
2025-04-11 20:01:01,645 - INFO - Detected Facebook app redirect: fbredirect://m.facebook.com/?uri=https%3A%2F%2Fm.facebook.com%2Freg%2F&wtsid=rdr_0aRcSupvK8ij9Texv&refsrc=deprecated&_rdr
2025-04-11 20:01:01,646 - INFO - Extracted web URL from app redirect: https://m.facebook.com/reg/
2025-04-11 20:01:02,747 - INFO - Detected Facebook app redirect: fbredirect://m.facebook.com/?uri=https%3A%2F%2Fm.facebook.com%2Freg%2F&wtsid=rdr_0iO1nAqA7vs6F8h3A&refsrc=deprecated&_rdr
2025-04-11 20:01:02,748 - INFO - Extracted web URL from app redirect: https://m.facebook.com/reg/
2025-04-11 20:01:03,743 - INFO - Detected Facebook app redirect: fbredirect://m.facebook.com/?uri=https%3A%2F%2Fm.facebook.com%2Freg%2F&wtsid=rdr_0HgexgMCYCL0WCm0k&refsrc=deprecated&_rdr
2025-04-11 20:01:03,744 - INFO - Extracted web URL from app redirect: https://m.facebook.com/reg/
2025-04-11 20:01:04,767 - INFO - Detected Facebook app redirect: fbredirect://m.facebook.com/?uri=https%3A%2F%2Fm.facebook.com%2Freg%2F&wtsid=rdr_09SWb35st2CPzlEBH&refsrc=deprecated&_rdr
2025-04-11 20:01:04,767 - INFO - Extracted web URL from app redirect: https://m.facebook.com/reg/
2025-04-11 20:01:05,834 - INFO - Detected Facebook app redirect: fbredirect://m.facebook.com/?uri=https%3A%2F%2Fm.facebook.com%2Freg%2F&wtsid=rdr_0LXF8hWFU0aKO4BED&refsrc=deprecated&_rdr
2025-04-11 20:01:05,834 - INFO - Extracted web URL from app redirect: https://m.facebook.com/reg/
2025-04-11 20:01:06,863 - INFO - Detected Facebook app redirect: fbredirect://m.facebook.com/?uri=https%3A%2F%2Fm.facebook.com%2Freg%2F&wtsid=rdr_09rW5OJ9Rc5B1KEyW&refsrc=deprecated&_rdr
2025-04-11 20:01:06,863 - INFO - Extracted web URL from app redirect: https://m.facebook.com/reg/
2025-04-11 20:01:07,224 - ERROR - Error handling app redirect: HTTPSConnectionPool(host='m.facebook.com', port=443): Max retries exceeded with url: /reg/ (Caused by ProxyError('Unable to connect to proxy', OSError('Tunnel connection failed: 429 Too Many Requests')))
2025-04-11 20:01:07,254 - ERROR - Fallback approach failed: No connection adapters were found for 'fbredirect://m.facebook.com/?uri=https%3A%2F%2Fm.facebook.com%2Freg%2F&wtsid=rdr_09rW5OJ9Rc5B1KEyW&refsrc=deprecated&_rdr'
2025-04-11 20:01:07,255 - WARNING - Error accessing https://m.facebook.com/reg/submit/: No connection adapters were found for 'fbredirect://m.facebook.com/?uri=https%3A%2F%2Fm.facebook.com%2Freg%2F%3Fexclude_suggestions%3D0%26korean_tos_is_present%3D0%26checkbox_privacy_policy%3D0%26checkbox_tos%3D0%26checkbox_location_policy%3D0%26upload_contacts%3D0%26gb%3D0&wtsid=rdr_0ROfNwSKhzSGLmX1I&refsrc=deprecated&_rdr'
2025-04-11 20:01:07,255 - INFO - Trying signup URL: https://m.facebook.com/r.php
2025-04-11 20:01:08,534 - INFO - Detected Facebook app redirect: fbredirect://m.facebook.com/?uri=https%3A%2F%2Fm.facebook.com%2Freg%2F&wtsid=rdr_0XOcpKMvbqC0qPIqv&refsrc=deprecated&_rdr
2025-04-11 20:01:08,535 - INFO - Extracted web URL from app redirect: https://m.facebook.com/reg/
2025-04-11 20:01:08,896 - ERROR - Error handling app redirect: HTTPSConnectionPool(host='m.facebook.com', port=443): Max retries exceeded with url: /reg/ (Caused by ProxyError('Unable to connect to proxy', OSError('Tunnel connection failed: 429 Too Many Requests')))
2025-04-11 20:01:08,897 - WARNING - Invalid schema error: No connection adapters were found for 'fbredirect://m.facebook.com/?uri=https%3A%2F%2Fm.facebook.com%2Freg%2F&wtsid=rdr_0XOcpKMvbqC0qPIqv&refsrc=deprecated&_rdr'
2025-04-11 20:01:08,897 - INFO - Detected app redirect URL: fbredirect://m.facebook.com/?uri=https%3A%2F%2Fm.facebook.com%2Freg%2F&wtsid=rdr_0XOcpKMvbqC0qPIqv&refsrc=deprecated&_rdr
2025-04-11 20:01:08,897 - INFO - Extracted web URL from app redirect: https://m.facebook.com/reg/
2025-04-11 20:01:08,898 - INFO - Trying direct URL: https://m.facebook.com/reg/submit/
2025-04-11 20:01:09,188 - INFO - Detected Facebook app redirect: fbredirect://m.facebook.com/?uri=https%3A%2F%2Fm.facebook.com%2Freg%2F%3Fexclude_suggestions%3D0%26korean_tos_is_present%3D0%26checkbox_privacy_policy%3D0%26checkbox_tos%3D0%26checkbox_location_policy%3D0%26upload_contacts%3D0%26gb%3D0&wtsid=rdr_0WH6BudijGgQasK0f&refsrc=deprecated&_rdr
2025-04-11 20:01:09,189 - INFO - Extracted web URL from app redirect: https://m.facebook.com/reg/?exclude_suggestions=0&korean_tos_is_present=0&checkbox_privacy_policy=0&checkbox_tos=0&checkbox_location_policy=0&upload_contacts=0&gb=0
2025-04-11 20:01:10,212 - INFO - Detected Facebook app redirect: fbredirect://m.facebook.com/?uri=https%3A%2F%2Fm.facebook.com%2Freg%2F%3Fexclude_suggestions%3D0%26korean_tos_is_present%3D0%26checkbox_privacy_policy%3D0%26checkbox_tos%3D0%26checkbox_location_policy%3D0%26upload_contacts%3D0%26gb%3D0&wtsid=rdr_0Q7JYu88tKE00kenA&refsrc=deprecated&_rdr
2025-04-11 20:01:10,216 - INFO - Extracted web URL from app redirect: https://m.facebook.com/reg/?exclude_suggestions=0&korean_tos_is_present=0&checkbox_privacy_policy=0&checkbox_tos=0&checkbox_location_policy=0&upload_contacts=0&gb=0
2025-04-11 20:01:11,232 - INFO - Detected Facebook app redirect: fbredirect://m.facebook.com/?uri=https%3A%2F%2Fm.facebook.com%2Freg%2F%3Fexclude_suggestions%3D0%26korean_tos_is_present%3D0%26checkbox_privacy_policy%3D0%26checkbox_tos%3D0%26checkbox_location_policy%3D0%26upload_contacts%3D0%26gb%3D0&wtsid=rdr_0avGRyg2tuuEP3g04&refsrc=deprecated&_rdr
2025-04-11 20:01:11,233 - INFO - Extracted web URL from app redirect: https://m.facebook.com/reg/?exclude_suggestions=0&korean_tos_is_present=0&checkbox_privacy_policy=0&checkbox_tos=0&checkbox_location_policy=0&upload_contacts=0&gb=0
2025-04-11 20:01:12,268 - INFO - Detected Facebook app redirect: fbredirect://m.facebook.com/?uri=https%3A%2F%2Fm.facebook.com%2Freg%2F%3Fexclude_suggestions%3D0%26korean_tos_is_present%3D0%26checkbox_privacy_policy%3D0%26checkbox_tos%3D0%26checkbox_location_policy%3D0%26upload_contacts%3D0%26gb%3D0&wtsid=rdr_0mTJFAfFqJpA02kf0&refsrc=deprecated&_rdr
2025-04-11 20:01:12,269 - INFO - Extracted web URL from app redirect: https://m.facebook.com/reg/?exclude_suggestions=0&korean_tos_is_present=0&checkbox_privacy_policy=0&checkbox_tos=0&checkbox_location_policy=0&upload_contacts=0&gb=0
2025-04-11 20:01:13,304 - INFO - Detected Facebook app redirect: fbredirect://m.facebook.com/?uri=https%3A%2F%2Fm.facebook.com%2Freg%2F%3Fexclude_suggestions%3D0%26korean_tos_is_present%3D0%26checkbox_privacy_policy%3D0%26checkbox_tos%3D0%26checkbox_location_policy%3D0%26upload_contacts%3D0%26gb%3D0&wtsid=rdr_0X8VGiDThQnZIeKVY&refsrc=deprecated&_rdr
2025-04-11 20:01:13,308 - INFO - Extracted web URL from app redirect: https://m.facebook.com/reg/?exclude_suggestions=0&korean_tos_is_present=0&checkbox_privacy_policy=0&checkbox_tos=0&checkbox_location_policy=0&upload_contacts=0&gb=0
2025-04-11 20:01:14,356 - INFO - Detected Facebook app redirect: fbredirect://m.facebook.com/?uri=https%3A%2F%2Fm.facebook.com%2Freg%2F%3Fexclude_suggestions%3D0%26korean_tos_is_present%3D0%26checkbox_privacy_policy%3D0%26checkbox_tos%3D0%26checkbox_location_policy%3D0%26upload_contacts%3D0%26gb%3D0&wtsid=rdr_0Uyt1UdzXyRuiH1Om&refsrc=deprecated&_rdr
2025-04-11 20:01:14,356 - INFO - Extracted web URL from app redirect: https://m.facebook.com/reg/?exclude_suggestions=0&korean_tos_is_present=0&checkbox_privacy_policy=0&checkbox_tos=0&checkbox_location_policy=0&upload_contacts=0&gb=0
2025-04-11 20:01:15,365 - INFO - Detected Facebook app redirect: fbredirect://m.facebook.com/?uri=https%3A%2F%2Fm.facebook.com%2Freg%2F%3Fexclude_suggestions%3D0%26korean_tos_is_present%3D0%26checkbox_privacy_policy%3D0%26checkbox_tos%3D0%26checkbox_location_policy%3D0%26upload_contacts%3D0%26gb%3D0&wtsid=rdr_0eADftqJHfODI8Pz6&refsrc=deprecated&_rdr
2025-04-11 20:01:15,366 - INFO - Extracted web URL from app redirect: https://m.facebook.com/reg/?exclude_suggestions=0&korean_tos_is_present=0&checkbox_privacy_policy=0&checkbox_tos=0&checkbox_location_policy=0&upload_contacts=0&gb=0
2025-04-11 20:01:16,381 - INFO - Detected Facebook app redirect: fbredirect://m.facebook.com/?uri=https%3A%2F%2Fm.facebook.com%2Freg%2F%3Fexclude_suggestions%3D0%26korean_tos_is_present%3D0%26checkbox_privacy_policy%3D0%26checkbox_tos%3D0%26checkbox_location_policy%3D0%26upload_contacts%3D0%26gb%3D0&wtsid=rdr_0weVT8QzwgvLaG3tn&refsrc=deprecated&_rdr
2025-04-11 20:01:16,381 - INFO - Extracted web URL from app redirect: https://m.facebook.com/reg/?exclude_suggestions=0&korean_tos_is_present=0&checkbox_privacy_policy=0&checkbox_tos=0&checkbox_location_policy=0&upload_contacts=0&gb=0
2025-04-11 20:01:17,398 - INFO - Detected Facebook app redirect: fbredirect://m.facebook.com/?uri=https%3A%2F%2Fm.facebook.com%2Freg%2F%3Fexclude_suggestions%3D0%26korean_tos_is_present%3D0%26checkbox_privacy_policy%3D0%26checkbox_tos%3D0%26checkbox_location_policy%3D0%26upload_contacts%3D0%26gb%3D0&wtsid=rdr_0F0LQt8IyFwNc5j58&refsrc=deprecated&_rdr
2025-04-11 20:01:17,398 - INFO - Extracted web URL from app redirect: https://m.facebook.com/reg/?exclude_suggestions=0&korean_tos_is_present=0&checkbox_privacy_policy=0&checkbox_tos=0&checkbox_location_policy=0&upload_contacts=0&gb=0
2025-04-11 20:01:18,443 - INFO - Detected Facebook app redirect: fbredirect://m.facebook.com/?uri=https%3A%2F%2Fm.facebook.com%2Freg%2F%3Fexclude_suggestions%3D0%26korean_tos_is_present%3D0%26checkbox_privacy_policy%3D0%26checkbox_tos%3D0%26checkbox_location_policy%3D0%26upload_contacts%3D0%26gb%3D0&wtsid=rdr_0N3QufBh5ChoHByw8&refsrc=deprecated&_rdr
2025-04-11 20:01:18,443 - INFO - Extracted web URL from app redirect: https://m.facebook.com/reg/?exclude_suggestions=0&korean_tos_is_present=0&checkbox_privacy_policy=0&checkbox_tos=0&checkbox_location_policy=0&upload_contacts=0&gb=0
2025-04-11 20:01:19,466 - INFO - Detected Facebook app redirect: fbredirect://m.facebook.com/?uri=https%3A%2F%2Fm.facebook.com%2Freg%2F%3Fexclude_suggestions%3D0%26korean_tos_is_present%3D0%26checkbox_privacy_policy%3D0%26checkbox_tos%3D0%26checkbox_location_policy%3D0%26upload_contacts%3D0%26gb%3D0&wtsid=rdr_0u1yx2e0RLWTJ8ofj&refsrc=deprecated&_rdr
2025-04-11 20:01:19,467 - INFO - Extracted web URL from app redirect: https://m.facebook.com/reg/?exclude_suggestions=0&korean_tos_is_present=0&checkbox_privacy_policy=0&checkbox_tos=0&checkbox_location_policy=0&upload_contacts=0&gb=0
2025-04-11 20:01:20,506 - INFO - Detected Facebook app redirect: fbredirect://m.facebook.com/?uri=https%3A%2F%2Fm.facebook.com%2Freg%2F%3Fexclude_suggestions%3D0%26korean_tos_is_present%3D0%26checkbox_privacy_policy%3D0%26checkbox_tos%3D0%26checkbox_location_policy%3D0%26upload_contacts%3D0%26gb%3D0&wtsid=rdr_0KDmBkc8QAe6BU8By&refsrc=deprecated&_rdr
2025-04-11 20:01:20,506 - INFO - Extracted web URL from app redirect: https://m.facebook.com/reg/?exclude_suggestions=0&korean_tos_is_present=0&checkbox_privacy_policy=0&checkbox_tos=0&checkbox_location_policy=0&upload_contacts=0&gb=0
2025-04-11 20:01:21,543 - INFO - Detected Facebook app redirect: fbredirect://m.facebook.com/?uri=https%3A%2F%2Fm.facebook.com%2Freg%2F%3Fexclude_suggestions%3D0%26korean_tos_is_present%3D0%26checkbox_privacy_policy%3D0%26checkbox_tos%3D0%26checkbox_location_policy%3D0%26upload_contacts%3D0%26gb%3D0&wtsid=rdr_0npI7b1bdb6hBBMMm&refsrc=deprecated&_rdr
2025-04-11 20:01:21,543 - INFO - Extracted web URL from app redirect: https://m.facebook.com/reg/?exclude_suggestions=0&korean_tos_is_present=0&checkbox_privacy_policy=0&checkbox_tos=0&checkbox_location_policy=0&upload_contacts=0&gb=0
2025-04-11 20:01:22,560 - INFO - Detected Facebook app redirect: fbredirect://m.facebook.com/?uri=https%3A%2F%2Fm.facebook.com%2Freg%2F%3Fexclude_suggestions%3D0%26korean_tos_is_present%3D0%26checkbox_privacy_policy%3D0%26checkbox_tos%3D0%26checkbox_location_policy%3D0%26upload_contacts%3D0%26gb%3D0&wtsid=rdr_0HxuZ4pLi9j3b9H3x&refsrc=deprecated&_rdr
2025-04-11 20:01:22,560 - INFO - Extracted web URL from app redirect: https://m.facebook.com/reg/?exclude_suggestions=0&korean_tos_is_present=0&checkbox_privacy_policy=0&checkbox_tos=0&checkbox_location_policy=0&upload_contacts=0&gb=0
2025-04-11 20:01:23,588 - INFO - Detected Facebook app redirect: fbredirect://m.facebook.com/?uri=https%3A%2F%2Fm.facebook.com%2Freg%2F%3Fexclude_suggestions%3D0%26korean_tos_is_present%3D0%26checkbox_privacy_policy%3D0%26checkbox_tos%3D0%26checkbox_location_policy%3D0%26upload_contacts%3D0%26gb%3D0&wtsid=rdr_06VdJFYYReEzBQbur&refsrc=deprecated&_rdr
2025-04-11 20:01:23,589 - INFO - Extracted web URL from app redirect: https://m.facebook.com/reg/?exclude_suggestions=0&korean_tos_is_present=0&checkbox_privacy_policy=0&checkbox_tos=0&checkbox_location_policy=0&upload_contacts=0&gb=0
2025-04-11 20:01:24,606 - INFO - Detected Facebook app redirect: fbredirect://m.facebook.com/?uri=https%3A%2F%2Fm.facebook.com%2Freg%2F%3Fexclude_suggestions%3D0%26korean_tos_is_present%3D0%26checkbox_privacy_policy%3D0%26checkbox_tos%3D0%26checkbox_location_policy%3D0%26upload_contacts%3D0%26gb%3D0&wtsid=rdr_0wYWJacTVbhrt1dPz&refsrc=deprecated&_rdr
2025-04-11 20:01:24,606 - INFO - Extracted web URL from app redirect: https://m.facebook.com/reg/?exclude_suggestions=0&korean_tos_is_present=0&checkbox_privacy_policy=0&checkbox_tos=0&checkbox_location_policy=0&upload_contacts=0&gb=0
2025-04-11 20:01:25,613 - INFO - Detected Facebook app redirect: fbredirect://m.facebook.com/?uri=https%3A%2F%2Fm.facebook.com%2Freg%2F%3Fexclude_suggestions%3D0%26korean_tos_is_present%3D0%26checkbox_privacy_policy%3D0%26checkbox_tos%3D0%26checkbox_location_policy%3D0%26upload_contacts%3D0%26gb%3D0&wtsid=rdr_0mI7EQGGBhZou6vvU&refsrc=deprecated&_rdr
2025-04-11 20:01:25,614 - INFO - Extracted web URL from app redirect: https://m.facebook.com/reg/?exclude_suggestions=0&korean_tos_is_present=0&checkbox_privacy_policy=0&checkbox_tos=0&checkbox_location_policy=0&upload_contacts=0&gb=0
2025-04-11 20:01:26,636 - INFO - Detected Facebook app redirect: fbredirect://m.facebook.com/?uri=https%3A%2F%2Fm.facebook.com%2Freg%2F%3Fexclude_suggestions%3D0%26korean_tos_is_present%3D0%26checkbox_privacy_policy%3D0%26checkbox_tos%3D0%26checkbox_location_policy%3D0%26upload_contacts%3D0%26gb%3D0&wtsid=rdr_0fP3catraeaHt0ou2&refsrc=deprecated&_rdr
2025-04-11 20:01:26,636 - INFO - Extracted web URL from app redirect: https://m.facebook.com/reg/?exclude_suggestions=0&korean_tos_is_present=0&checkbox_privacy_policy=0&checkbox_tos=0&checkbox_location_policy=0&upload_contacts=0&gb=0
2025-04-11 20:01:27,666 - INFO - Detected Facebook app redirect: fbredirect://m.facebook.com/?uri=https%3A%2F%2Fm.facebook.com%2Freg%2F%3Fexclude_suggestions%3D0%26korean_tos_is_present%3D0%26checkbox_privacy_policy%3D0%26checkbox_tos%3D0%26checkbox_location_policy%3D0%26upload_contacts%3D0%26gb%3D0&wtsid=rdr_0D4QWDAuvCBdxgL2q&refsrc=deprecated&_rdr
2025-04-11 20:01:27,666 - INFO - Extracted web URL from app redirect: https://m.facebook.com/reg/?exclude_suggestions=0&korean_tos_is_present=0&checkbox_privacy_policy=0&checkbox_tos=0&checkbox_location_policy=0&upload_contacts=0&gb=0
2025-04-11 20:01:28,718 - INFO - Detected Facebook app redirect: fbredirect://m.facebook.com/?uri=https%3A%2F%2Fm.facebook.com%2Freg%2F%3Fexclude_suggestions%3D0%26korean_tos_is_present%3D0%26checkbox_privacy_policy%3D0%26checkbox_tos%3D0%26checkbox_location_policy%3D0%26upload_contacts%3D0%26gb%3D0&wtsid=rdr_0TkiNWUH9wcJcB992&refsrc=deprecated&_rdr
2025-04-11 20:01:28,718 - INFO - Extracted web URL from app redirect: https://m.facebook.com/reg/?exclude_suggestions=0&korean_tos_is_present=0&checkbox_privacy_policy=0&checkbox_tos=0&checkbox_location_policy=0&upload_contacts=0&gb=0
2025-04-11 20:01:29,714 - INFO - Detected Facebook app redirect: fbredirect://m.facebook.com/?uri=https%3A%2F%2Fm.facebook.com%2Freg%2F%3Fexclude_suggestions%3D0%26korean_tos_is_present%3D0%26checkbox_privacy_policy%3D0%26checkbox_tos%3D0%26checkbox_location_policy%3D0%26upload_contacts%3D0%26gb%3D0&wtsid=rdr_0hBzArhNuEBwoTONS&refsrc=deprecated&_rdr
2025-04-11 20:01:29,715 - INFO - Extracted web URL from app redirect: https://m.facebook.com/reg/?exclude_suggestions=0&korean_tos_is_present=0&checkbox_privacy_policy=0&checkbox_tos=0&checkbox_location_policy=0&upload_contacts=0&gb=0
2025-04-11 20:01:30,728 - INFO - Detected Facebook app redirect: fbredirect://m.facebook.com/?uri=https%3A%2F%2Fm.facebook.com%2Freg%2F%3Fexclude_suggestions%3D0%26korean_tos_is_present%3D0%26checkbox_privacy_policy%3D0%26checkbox_tos%3D0%26checkbox_location_policy%3D0%26upload_contacts%3D0%26gb%3D0&wtsid=rdr_0NuH8LmEFVgH5mQxK&refsrc=deprecated&_rdr
2025-04-11 20:01:30,729 - INFO - Extracted web URL from app redirect: https://m.facebook.com/reg/?exclude_suggestions=0&korean_tos_is_present=0&checkbox_privacy_policy=0&checkbox_tos=0&checkbox_location_policy=0&upload_contacts=0&gb=0
2025-04-11 20:01:31,743 - INFO - Detected Facebook app redirect: fbredirect://m.facebook.com/?uri=https%3A%2F%2Fm.facebook.com%2Freg%2F%3Fexclude_suggestions%3D0%26korean_tos_is_present%3D0%26checkbox_privacy_policy%3D0%26checkbox_tos%3D0%26checkbox_location_policy%3D0%26upload_contacts%3D0%26gb%3D0&wtsid=rdr_0evt7iLxHfJ1EUmMi&refsrc=deprecated&_rdr
2025-04-11 20:01:31,744 - INFO - Extracted web URL from app redirect: https://m.facebook.com/reg/?exclude_suggestions=0&korean_tos_is_present=0&checkbox_privacy_policy=0&checkbox_tos=0&checkbox_location_policy=0&upload_contacts=0&gb=0
2025-04-11 20:01:32,739 - INFO - Detected Facebook app redirect: fbredirect://m.facebook.com/?uri=https%3A%2F%2Fm.facebook.com%2Freg%2F%3Fexclude_suggestions%3D0%26korean_tos_is_present%3D0%26checkbox_privacy_policy%3D0%26checkbox_tos%3D0%26checkbox_location_policy%3D0%26upload_contacts%3D0%26gb%3D0&wtsid=rdr_0TmAwNyuXZsJC4tKQ&refsrc=deprecated&_rdr
2025-04-11 20:01:32,745 - INFO - Extracted web URL from app redirect: https://m.facebook.com/reg/?exclude_suggestions=0&korean_tos_is_present=0&checkbox_privacy_policy=0&checkbox_tos=0&checkbox_location_policy=0&upload_contacts=0&gb=0
2025-04-11 20:01:33,825 - INFO - Detected Facebook app redirect: fbredirect://m.facebook.com/?uri=https%3A%2F%2Fm.facebook.com%2Freg%2F%3Fexclude_suggestions%3D0%26korean_tos_is_present%3D0%26checkbox_privacy_policy%3D0%26checkbox_tos%3D0%26checkbox_location_policy%3D0%26upload_contacts%3D0%26gb%3D0&wtsid=rdr_0NwIpywVM2BwGixhn&refsrc=deprecated&_rdr
2025-04-11 20:01:33,826 - INFO - Extracted web URL from app redirect: https://m.facebook.com/reg/?exclude_suggestions=0&korean_tos_is_present=0&checkbox_privacy_policy=0&checkbox_tos=0&checkbox_location_policy=0&upload_contacts=0&gb=0
2025-04-11 20:01:34,825 - INFO - Detected Facebook app redirect: fbredirect://m.facebook.com/?uri=https%3A%2F%2Fm.facebook.com%2Freg%2F%3Fexclude_suggestions%3D0%26korean_tos_is_present%3D0%26checkbox_privacy_policy%3D0%26checkbox_tos%3D0%26checkbox_location_policy%3D0%26upload_contacts%3D0%26gb%3D0&wtsid=rdr_05heA16MTrtClNP9X&refsrc=deprecated&_rdr
2025-04-11 20:01:34,825 - INFO - Extracted web URL from app redirect: https://m.facebook.com/reg/?exclude_suggestions=0&korean_tos_is_present=0&checkbox_privacy_policy=0&checkbox_tos=0&checkbox_location_policy=0&upload_contacts=0&gb=0
2025-04-11 20:01:35,855 - INFO - Detected Facebook app redirect: fbredirect://m.facebook.com/?uri=https%3A%2F%2Fm.facebook.com%2Freg%2F%3Fexclude_suggestions%3D0%26korean_tos_is_present%3D0%26checkbox_privacy_policy%3D0%26checkbox_tos%3D0%26checkbox_location_policy%3D0%26upload_contacts%3D0%26gb%3D0&wtsid=rdr_07ZzlMoEHDIZ68yBz&refsrc=deprecated&_rdr
2025-04-11 20:01:35,856 - INFO - Extracted web URL from app redirect: https://m.facebook.com/reg/?exclude_suggestions=0&korean_tos_is_present=0&checkbox_privacy_policy=0&checkbox_tos=0&checkbox_location_policy=0&upload_contacts=0&gb=0
2025-04-11 20:01:36,889 - INFO - Detected Facebook app redirect: fbredirect://m.facebook.com/?uri=https%3A%2F%2Fm.facebook.com%2Freg%2F%3Fexclude_suggestions%3D0%26korean_tos_is_present%3D0%26checkbox_privacy_policy%3D0%26checkbox_tos%3D0%26checkbox_location_policy%3D0%26upload_contacts%3D0%26gb%3D0&wtsid=rdr_0yO5uqgv2xbeEDUPQ&refsrc=deprecated&_rdr
2025-04-11 20:01:36,891 - INFO - Extracted web URL from app redirect: https://m.facebook.com/reg/?exclude_suggestions=0&korean_tos_is_present=0&checkbox_privacy_policy=0&checkbox_tos=0&checkbox_location_policy=0&upload_contacts=0&gb=0
2025-04-11 20:01:37,909 - INFO - Detected Facebook app redirect: fbredirect://m.facebook.com/?uri=https%3A%2F%2Fm.facebook.com%2Freg%2F%3Fexclude_suggestions%3D0%26korean_tos_is_present%3D0%26checkbox_privacy_policy%3D0%26checkbox_tos%3D0%26checkbox_location_policy%3D0%26upload_contacts%3D0%26gb%3D0&wtsid=rdr_0MilhX78RCJNWi1A4&refsrc=deprecated&_rdr
2025-04-11 20:01:37,913 - INFO - Extracted web URL from app redirect: https://m.facebook.com/reg/?exclude_suggestions=0&korean_tos_is_present=0&checkbox_privacy_policy=0&checkbox_tos=0&checkbox_location_policy=0&upload_contacts=0&gb=0
2025-04-11 20:01:38,952 - INFO - Detected Facebook app redirect: fbredirect://m.facebook.com/?uri=https%3A%2F%2Fm.facebook.com%2Freg%2F%3Fexclude_suggestions%3D0%26korean_tos_is_present%3D0%26checkbox_privacy_policy%3D0%26checkbox_tos%3D0%26checkbox_location_policy%3D0%26upload_contacts%3D0%26gb%3D0&wtsid=rdr_09QO6q6OYnKCMUI9k&refsrc=deprecated&_rdr
2025-04-11 20:01:38,952 - INFO - Extracted web URL from app redirect: https://m.facebook.com/reg/?exclude_suggestions=0&korean_tos_is_present=0&checkbox_privacy_policy=0&checkbox_tos=0&checkbox_location_policy=0&upload_contacts=0&gb=0
2025-04-11 20:01:39,962 - INFO - Detected Facebook app redirect: fbredirect://m.facebook.com/?uri=https%3A%2F%2Fm.facebook.com%2Freg%2F%3Fexclude_suggestions%3D0%26korean_tos_is_present%3D0%26checkbox_privacy_policy%3D0%26checkbox_tos%3D0%26checkbox_location_policy%3D0%26upload_contacts%3D0%26gb%3D0&wtsid=rdr_0zFx6dd1WhNWtuR1X&refsrc=deprecated&_rdr
2025-04-11 20:01:39,962 - INFO - Extracted web URL from app redirect: https://m.facebook.com/reg/?exclude_suggestions=0&korean_tos_is_present=0&checkbox_privacy_policy=0&checkbox_tos=0&checkbox_location_policy=0&upload_contacts=0&gb=0
2025-04-11 20:01:41,426 - INFO - Detected Facebook app redirect: fbredirect://m.facebook.com/?uri=https%3A%2F%2Fm.facebook.com%2Freg%2F%3Fexclude_suggestions%3D0%26korean_tos_is_present%3D0%26checkbox_privacy_policy%3D0%26checkbox_tos%3D0%26checkbox_location_policy%3D0%26upload_contacts%3D0%26gb%3D0&wtsid=rdr_0uKqfqbGhOHoPhV36&refsrc=deprecated&_rdr
2025-04-11 20:01:41,426 - INFO - Extracted web URL from app redirect: https://m.facebook.com/reg/?exclude_suggestions=0&korean_tos_is_present=0&checkbox_privacy_policy=0&checkbox_tos=0&checkbox_location_policy=0&upload_contacts=0&gb=0
2025-04-11 20:01:42,449 - INFO - Detected Facebook app redirect: fbredirect://m.facebook.com/?uri=https%3A%2F%2Fm.facebook.com%2Freg%2F%3Fexclude_suggestions%3D0%26korean_tos_is_present%3D0%26checkbox_privacy_policy%3D0%26checkbox_tos%3D0%26checkbox_location_policy%3D0%26upload_contacts%3D0%26gb%3D0&wtsid=rdr_01lBe7IvRvshExRpU&refsrc=deprecated&_rdr
2025-04-11 20:01:42,449 - INFO - Extracted web URL from app redirect: https://m.facebook.com/reg/?exclude_suggestions=0&korean_tos_is_present=0&checkbox_privacy_policy=0&checkbox_tos=0&checkbox_location_policy=0&upload_contacts=0&gb=0
2025-04-11 20:01:43,461 - INFO - Detected Facebook app redirect: fbredirect://m.facebook.com/?uri=https%3A%2F%2Fm.facebook.com%2Freg%2F%3Fexclude_suggestions%3D0%26korean_tos_is_present%3D0%26checkbox_privacy_policy%3D0%26checkbox_tos%3D0%26checkbox_location_policy%3D0%26upload_contacts%3D0%26gb%3D0&wtsid=rdr_0sYWgXHONMAlxpiFv&refsrc=deprecated&_rdr
2025-04-11 20:01:43,461 - INFO - Extracted web URL from app redirect: https://m.facebook.com/reg/?exclude_suggestions=0&korean_tos_is_present=0&checkbox_privacy_policy=0&checkbox_tos=0&checkbox_location_policy=0&upload_contacts=0&gb=0
2025-04-11 20:01:44,773 - INFO - Detected Facebook app redirect: fbredirect://m.facebook.com/?uri=https%3A%2F%2Fm.facebook.com%2Freg%2F%3Fexclude_suggestions%3D0%26korean_tos_is_present%3D0%26checkbox_privacy_policy%3D0%26checkbox_tos%3D0%26checkbox_location_policy%3D0%26upload_contacts%3D0%26gb%3D0&wtsid=rdr_08F0XIiugLAiwOlOp&refsrc=deprecated&_rdr
2025-04-11 20:01:44,773 - INFO - Extracted web URL from app redirect: https://m.facebook.com/reg/?exclude_suggestions=0&korean_tos_is_present=0&checkbox_privacy_policy=0&checkbox_tos=0&checkbox_location_policy=0&upload_contacts=0&gb=0
2025-04-11 20:01:45,816 - INFO - Detected Facebook app redirect: fbredirect://m.facebook.com/?uri=https%3A%2F%2Fm.facebook.com%2Freg%2F%3Fexclude_suggestions%3D0%26korean_tos_is_present%3D0%26checkbox_privacy_policy%3D0%26checkbox_tos%3D0%26checkbox_location_policy%3D0%26upload_contacts%3D0%26gb%3D0&wtsid=rdr_0RLvskIbADcqHneKi&refsrc=deprecated&_rdr
2025-04-11 20:01:45,817 - INFO - Extracted web URL from app redirect: https://m.facebook.com/reg/?exclude_suggestions=0&korean_tos_is_present=0&checkbox_privacy_policy=0&checkbox_tos=0&checkbox_location_policy=0&upload_contacts=0&gb=0
2025-04-11 20:01:46,837 - INFO - Detected Facebook app redirect: fbredirect://m.facebook.com/?uri=https%3A%2F%2Fm.facebook.com%2Freg%2F%3Fexclude_suggestions%3D0%26korean_tos_is_present%3D0%26checkbox_privacy_policy%3D0%26checkbox_tos%3D0%26checkbox_location_policy%3D0%26upload_contacts%3D0%26gb%3D0&wtsid=rdr_0IgYQMAOa32Ewkhfs&refsrc=deprecated&_rdr
2025-04-11 20:01:46,838 - INFO - Extracted web URL from app redirect: https://m.facebook.com/reg/?exclude_suggestions=0&korean_tos_is_present=0&checkbox_privacy_policy=0&checkbox_tos=0&checkbox_location_policy=0&upload_contacts=0&gb=0
2025-04-11 20:01:47,869 - INFO - Detected Facebook app redirect: fbredirect://m.facebook.com/?uri=https%3A%2F%2Fm.facebook.com%2Freg%2F%3Fexclude_suggestions%3D0%26korean_tos_is_present%3D0%26checkbox_privacy_policy%3D0%26checkbox_tos%3D0%26checkbox_location_policy%3D0%26upload_contacts%3D0%26gb%3D0&wtsid=rdr_09hNbwJMuNnXv0JY3&refsrc=deprecated&_rdr
2025-04-11 20:01:47,869 - INFO - Extracted web URL from app redirect: https://m.facebook.com/reg/?exclude_suggestions=0&korean_tos_is_present=0&checkbox_privacy_policy=0&checkbox_tos=0&checkbox_location_policy=0&upload_contacts=0&gb=0
2025-04-11 20:01:48,892 - INFO - Detected Facebook app redirect: fbredirect://m.facebook.com/?uri=https%3A%2F%2Fm.facebook.com%2Freg%2F%3Fexclude_suggestions%3D0%26korean_tos_is_present%3D0%26checkbox_privacy_policy%3D0%26checkbox_tos%3D0%26checkbox_location_policy%3D0%26upload_contacts%3D0%26gb%3D0&wtsid=rdr_0cSSqy60SuT6ZPFu2&refsrc=deprecated&_rdr
2025-04-11 20:01:48,913 - INFO - Extracted web URL from app redirect: https://m.facebook.com/reg/?exclude_suggestions=0&korean_tos_is_present=0&checkbox_privacy_policy=0&checkbox_tos=0&checkbox_location_policy=0&upload_contacts=0&gb=0
2025-04-11 20:01:49,923 - INFO - Detected Facebook app redirect: fbredirect://m.facebook.com/?uri=https%3A%2F%2Fm.facebook.com%2Freg%2F%3Fexclude_suggestions%3D0%26korean_tos_is_present%3D0%26checkbox_privacy_policy%3D0%26checkbox_tos%3D0%26checkbox_location_policy%3D0%26upload_contacts%3D0%26gb%3D0&wtsid=rdr_0Hrw68gkUzpIVpaLJ&refsrc=deprecated&_rdr
2025-04-11 20:01:49,923 - INFO - Extracted web URL from app redirect: https://m.facebook.com/reg/?exclude_suggestions=0&korean_tos_is_present=0&checkbox_privacy_policy=0&checkbox_tos=0&checkbox_location_policy=0&upload_contacts=0&gb=0
2025-04-11 20:01:50,928 - INFO - Detected Facebook app redirect: fbredirect://m.facebook.com/?uri=https%3A%2F%2Fm.facebook.com%2Freg%2F%3Fexclude_suggestions%3D0%26korean_tos_is_present%3D0%26checkbox_privacy_policy%3D0%26checkbox_tos%3D0%26checkbox_location_policy%3D0%26upload_contacts%3D0%26gb%3D0&wtsid=rdr_0tUVQmOsY0MkrEjqL&refsrc=deprecated&_rdr
2025-04-11 20:01:50,928 - INFO - Extracted web URL from app redirect: https://m.facebook.com/reg/?exclude_suggestions=0&korean_tos_is_present=0&checkbox_privacy_policy=0&checkbox_tos=0&checkbox_location_policy=0&upload_contacts=0&gb=0
2025-04-11 20:01:51,937 - INFO - Detected Facebook app redirect: fbredirect://m.facebook.com/?uri=https%3A%2F%2Fm.facebook.com%2Freg%2F%3Fexclude_suggestions%3D0%26korean_tos_is_present%3D0%26checkbox_privacy_policy%3D0%26checkbox_tos%3D0%26checkbox_location_policy%3D0%26upload_contacts%3D0%26gb%3D0&wtsid=rdr_04lqH3QnUUKixhwIa&refsrc=deprecated&_rdr
2025-04-11 20:01:51,937 - INFO - Extracted web URL from app redirect: https://m.facebook.com/reg/?exclude_suggestions=0&korean_tos_is_present=0&checkbox_privacy_policy=0&checkbox_tos=0&checkbox_location_policy=0&upload_contacts=0&gb=0
2025-04-11 20:01:52,995 - INFO - Detected Facebook app redirect: fbredirect://m.facebook.com/?uri=https%3A%2F%2Fm.facebook.com%2Freg%2F%3Fexclude_suggestions%3D0%26korean_tos_is_present%3D0%26checkbox_privacy_policy%3D0%26checkbox_tos%3D0%26checkbox_location_policy%3D0%26upload_contacts%3D0%26gb%3D0&wtsid=rdr_0eWRJNRTTspXCcKbs&refsrc=deprecated&_rdr
2025-04-11 20:01:53,004 - INFO - Extracted web URL from app redirect: https://m.facebook.com/reg/?exclude_suggestions=0&korean_tos_is_present=0&checkbox_privacy_policy=0&checkbox_tos=0&checkbox_location_policy=0&upload_contacts=0&gb=0
2025-04-11 20:01:54,044 - INFO - Detected Facebook app redirect: fbredirect://m.facebook.com/?uri=https%3A%2F%2Fm.facebook.com%2Freg%2F%3Fexclude_suggestions%3D0%26korean_tos_is_present%3D0%26checkbox_privacy_policy%3D0%26checkbox_tos%3D0%26checkbox_location_policy%3D0%26upload_contacts%3D0%26gb%3D0&wtsid=rdr_0zdpBdwx4PnTcPaul&refsrc=deprecated&_rdr
2025-04-11 20:01:54,045 - INFO - Extracted web URL from app redirect: https://m.facebook.com/reg/?exclude_suggestions=0&korean_tos_is_present=0&checkbox_privacy_policy=0&checkbox_tos=0&checkbox_location_policy=0&upload_contacts=0&gb=0
2025-04-11 20:01:55,070 - INFO - Detected Facebook app redirect: fbredirect://m.facebook.com/?uri=https%3A%2F%2Fm.facebook.com%2Freg%2F%3Fexclude_suggestions%3D0%26korean_tos_is_present%3D0%26checkbox_privacy_policy%3D0%26checkbox_tos%3D0%26checkbox_location_policy%3D0%26upload_contacts%3D0%26gb%3D0&wtsid=rdr_0WJ0IujJF3V4cqpGs&refsrc=deprecated&_rdr
2025-04-11 20:01:55,073 - INFO - Extracted web URL from app redirect: https://m.facebook.com/reg/?exclude_suggestions=0&korean_tos_is_present=0&checkbox_privacy_policy=0&checkbox_tos=0&checkbox_location_policy=0&upload_contacts=0&gb=0
2025-04-11 20:01:56,093 - INFO - Detected Facebook app redirect: fbredirect://m.facebook.com/?uri=https%3A%2F%2Fm.facebook.com%2Freg%2F%3Fexclude_suggestions%3D0%26korean_tos_is_present%3D0%26checkbox_privacy_policy%3D0%26checkbox_tos%3D0%26checkbox_location_policy%3D0%26upload_contacts%3D0%26gb%3D0&wtsid=rdr_0fQIDT5SFTbSP4n8t&refsrc=deprecated&_rdr
2025-04-11 20:01:56,093 - INFO - Extracted web URL from app redirect: https://m.facebook.com/reg/?exclude_suggestions=0&korean_tos_is_present=0&checkbox_privacy_policy=0&checkbox_tos=0&checkbox_location_policy=0&upload_contacts=0&gb=0
2025-04-11 20:01:57,127 - INFO - Detected Facebook app redirect: fbredirect://m.facebook.com/?uri=https%3A%2F%2Fm.facebook.com%2Freg%2F%3Fexclude_suggestions%3D0%26korean_tos_is_present%3D0%26checkbox_privacy_policy%3D0%26checkbox_tos%3D0%26checkbox_location_policy%3D0%26upload_contacts%3D0%26gb%3D0&wtsid=rdr_0Ry8kQ4coxx6qC4cM&refsrc=deprecated&_rdr
2025-04-11 20:01:57,127 - INFO - Extracted web URL from app redirect: https://m.facebook.com/reg/?exclude_suggestions=0&korean_tos_is_present=0&checkbox_privacy_policy=0&checkbox_tos=0&checkbox_location_policy=0&upload_contacts=0&gb=0
2025-04-11 20:01:58,145 - INFO - Detected Facebook app redirect: fbredirect://m.facebook.com/?uri=https%3A%2F%2Fm.facebook.com%2Freg%2F%3Fexclude_suggestions%3D0%26korean_tos_is_present%3D0%26checkbox_privacy_policy%3D0%26checkbox_tos%3D0%26checkbox_location_policy%3D0%26upload_contacts%3D0%26gb%3D0&wtsid=rdr_0lzhuCRwANq0owWLR&refsrc=deprecated&_rdr
2025-04-11 20:01:58,145 - INFO - Extracted web URL from app redirect: https://m.facebook.com/reg/?exclude_suggestions=0&korean_tos_is_present=0&checkbox_privacy_policy=0&checkbox_tos=0&checkbox_location_policy=0&upload_contacts=0&gb=0
2025-04-11 20:01:59,142 - INFO - Detected Facebook app redirect: fbredirect://m.facebook.com/?uri=https%3A%2F%2Fm.facebook.com%2Freg%2F%3Fexclude_suggestions%3D0%26korean_tos_is_present%3D0%26checkbox_privacy_policy%3D0%26checkbox_tos%3D0%26checkbox_location_policy%3D0%26upload_contacts%3D0%26gb%3D0&wtsid=rdr_0zzlRXdBVNXVUCTuP&refsrc=deprecated&_rdr
2025-04-11 20:01:59,142 - INFO - Extracted web URL from app redirect: https://m.facebook.com/reg/?exclude_suggestions=0&korean_tos_is_present=0&checkbox_privacy_policy=0&checkbox_tos=0&checkbox_location_policy=0&upload_contacts=0&gb=0
2025-04-11 20:02:00,432 - INFO - Detected Facebook app redirect: fbredirect://m.facebook.com/?uri=https%3A%2F%2Fm.facebook.com%2Freg%2F%3Fexclude_suggestions%3D0%26korean_tos_is_present%3D0%26checkbox_privacy_policy%3D0%26checkbox_tos%3D0%26checkbox_location_policy%3D0%26upload_contacts%3D0%26gb%3D0&wtsid=rdr_05iLn10X33s8HJaor&refsrc=deprecated&_rdr
2025-04-11 20:02:00,432 - INFO - Extracted web URL from app redirect: https://m.facebook.com/reg/?exclude_suggestions=0&korean_tos_is_present=0&checkbox_privacy_policy=0&checkbox_tos=0&checkbox_location_policy=0&upload_contacts=0&gb=0
2025-04-11 20:02:00,808 - ERROR - Error handling app redirect: HTTPSConnectionPool(host='m.facebook.com', port=443): Max retries exceeded with url: /reg/?exclude_suggestions=0&korean_tos_is_present=0&checkbox_privacy_policy=0&checkbox_tos=0&checkbox_location_policy=0&upload_contacts=0&gb=0 (Caused by ProxyError('Unable to connect to proxy', OSError('Tunnel connection failed: 429 Too Many Requests')))
2025-04-11 20:02:00,845 - ERROR - Error handling app redirect URL: No connection adapters were found for 'fbredirect://m.facebook.com/?uri=https%3A%2F%2Fm.facebook.com%2Freg%2F%3Fexclude_suggestions%3D0%26korean_tos_is_present%3D0%26checkbox_privacy_policy%3D0%26checkbox_tos%3D0%26checkbox_location_policy%3D0%26upload_contacts%3D0%26gb%3D0&wtsid=rdr_05iLn10X33s8HJaor&refsrc=deprecated&_rdr'
2025-04-11 20:02:00,845 - INFO - Trying fallback URL: https://m.facebook.com/r.php
2025-04-11 20:02:01,149 - INFO - Detected Facebook app redirect: fbredirect://m.facebook.com/?uri=https%3A%2F%2Fm.facebook.com%2Freg%2F&wtsid=rdr_0exIKmWeyM8jearsv&refsrc=deprecated&_rdr
2025-04-11 20:02:01,149 - INFO - Extracted web URL from app redirect: https://m.facebook.com/reg/
2025-04-11 20:02:01,528 - ERROR - Error handling app redirect: HTTPSConnectionPool(host='m.facebook.com', port=443): Max retries exceeded with url: /reg/ (Caused by ProxyError('Unable to connect to proxy', OSError('Tunnel connection failed: 429 Too Many Requests')))
2025-04-11 20:02:01,530 - ERROR - Fallback approach failed: No connection adapters were found for 'fbredirect://m.facebook.com/?uri=https%3A%2F%2Fm.facebook.com%2Freg%2F&wtsid=rdr_0exIKmWeyM8jearsv&refsrc=deprecated&_rdr'
2025-04-11 20:02:01,530 - WARNING - Error accessing https://m.facebook.com/r.php: No connection adapters were found for 'fbredirect://m.facebook.com/?uri=https%3A%2F%2Fm.facebook.com%2Freg%2F&wtsid=rdr_0XOcpKMvbqC0qPIqv&refsrc=deprecated&_rdr'
2025-04-11 20:02:01,530 - INFO - Trying signup URL: https://m.facebook.com/signup
2025-04-11 20:02:03,064 - INFO - Detected Facebook app redirect: fbredirect://m.facebook.com/?uri=https%3A%2F%2Fm.facebook.com%2Freg%2F&wtsid=rdr_0gd6Jd29aHadc3XAJ&refsrc=deprecated&_rdr
2025-04-11 20:02:03,065 - INFO - Extracted web URL from app redirect: https://m.facebook.com/reg/
2025-04-11 20:02:03,436 - ERROR - Error handling app redirect: HTTPSConnectionPool(host='m.facebook.com', port=443): Max retries exceeded with url: /reg/ (Caused by ProxyError('Unable to connect to proxy', OSError('Tunnel connection failed: 429 Too Many Requests')))
2025-04-11 20:02:03,437 - WARNING - Invalid schema error: No connection adapters were found for 'fbredirect://m.facebook.com/?uri=https%3A%2F%2Fm.facebook.com%2Freg%2F&wtsid=rdr_0gd6Jd29aHadc3XAJ&refsrc=deprecated&_rdr'
2025-04-11 20:02:03,438 - INFO - Detected app redirect URL: fbredirect://m.facebook.com/?uri=https%3A%2F%2Fm.facebook.com%2Freg%2F&wtsid=rdr_0gd6Jd29aHadc3XAJ&refsrc=deprecated&_rdr
2025-04-11 20:02:03,438 - INFO - Extracted web URL from app redirect: https://m.facebook.com/reg/
2025-04-11 20:02:03,438 - INFO - Trying direct URL: https://m.facebook.com/reg/submit/
2025-04-11 20:02:03,718 - INFO - Detected Facebook app redirect: fbredirect://m.facebook.com/?uri=https%3A%2F%2Fm.facebook.com%2Freg%2F%3Fexclude_suggestions%3D0%26korean_tos_is_present%3D0%26checkbox_privacy_policy%3D0%26checkbox_tos%3D0%26checkbox_location_policy%3D0%26upload_contacts%3D0%26gb%3D0&wtsid=rdr_0VI7iZtYWptpaBhMv&refsrc=deprecated&_rdr
2025-04-11 20:02:03,719 - INFO - Extracted web URL from app redirect: https://m.facebook.com/reg/?exclude_suggestions=0&korean_tos_is_present=0&checkbox_privacy_policy=0&checkbox_tos=0&checkbox_location_policy=0&upload_contacts=0&gb=0
2025-04-11 20:02:04,091 - ERROR - Error handling app redirect: HTTPSConnectionPool(host='m.facebook.com', port=443): Max retries exceeded with url: /reg/?exclude_suggestions=0&korean_tos_is_present=0&checkbox_privacy_policy=0&checkbox_tos=0&checkbox_location_policy=0&upload_contacts=0&gb=0 (Caused by ProxyError('Unable to connect to proxy', OSError('Tunnel connection failed: 429 Too Many Requests')))
2025-04-11 20:02:04,099 - ERROR - Error handling app redirect URL: No connection adapters were found for 'fbredirect://m.facebook.com/?uri=https%3A%2F%2Fm.facebook.com%2Freg%2F%3Fexclude_suggestions%3D0%26korean_tos_is_present%3D0%26checkbox_privacy_policy%3D0%26checkbox_tos%3D0%26checkbox_location_policy%3D0%26upload_contacts%3D0%26gb%3D0&wtsid=rdr_0VI7iZtYWptpaBhMv&refsrc=deprecated&_rdr'
2025-04-11 20:02:04,100 - INFO - Trying fallback URL: https://m.facebook.com/r.php
2025-04-11 20:02:04,386 - INFO - Detected Facebook app redirect: fbredirect://m.facebook.com/?uri=https%3A%2F%2Fm.facebook.com%2Freg%2F&wtsid=rdr_0zN4eY450Ast1VCGY&refsrc=deprecated&_rdr
2025-04-11 20:02:04,387 - INFO - Extracted web URL from app redirect: https://m.facebook.com/reg/
2025-04-11 20:02:05,403 - INFO - Detected Facebook app redirect: fbredirect://m.facebook.com/?uri=https%3A%2F%2Fm.facebook.com%2Freg%2F&wtsid=rdr_056zg5F8WzUl4SU9u&refsrc=deprecated&_rdr
2025-04-11 20:02:05,403 - INFO - Extracted web URL from app redirect: https://m.facebook.com/reg/
2025-04-11 20:02:06,408 - INFO - Detected Facebook app redirect: fbredirect://m.facebook.com/?uri=https%3A%2F%2Fm.facebook.com%2Freg%2F&wtsid=rdr_0ij4rrjmPkRel3qyt&refsrc=deprecated&_rdr
2025-04-11 20:02:06,409 - INFO - Extracted web URL from app redirect: https://m.facebook.com/reg/
2025-04-11 20:02:07,601 - INFO - Detected Facebook app redirect: fbredirect://m.facebook.com/?uri=https%3A%2F%2Fm.facebook.com%2Freg%2F&wtsid=rdr_0L7ASOiW3MHlDVd2T&refsrc=deprecated&_rdr
2025-04-11 20:02:07,602 - INFO - Extracted web URL from app redirect: https://m.facebook.com/reg/
2025-04-11 20:02:08,627 - INFO - Detected Facebook app redirect: fbredirect://m.facebook.com/?uri=https%3A%2F%2Fm.facebook.com%2Freg%2F&wtsid=rdr_0s7izq1nMvRKp7duK&refsrc=deprecated&_rdr
2025-04-11 20:02:08,628 - INFO - Extracted web URL from app redirect: https://m.facebook.com/reg/
2025-04-11 20:02:09,652 - INFO - Detected Facebook app redirect: fbredirect://m.facebook.com/?uri=https%3A%2F%2Fm.facebook.com%2Freg%2F&wtsid=rdr_0iQF2ZE5OzFCamUB1&refsrc=deprecated&_rdr
2025-04-11 20:02:09,653 - INFO - Extracted web URL from app redirect: https://m.facebook.com/reg/
2025-04-11 20:02:10,652 - INFO - Detected Facebook app redirect: fbredirect://m.facebook.com/?uri=https%3A%2F%2Fm.facebook.com%2Freg%2F&wtsid=rdr_02hr5qAGcRtcs9vWo&refsrc=deprecated&_rdr
2025-04-11 20:02:10,652 - INFO - Extracted web URL from app redirect: https://m.facebook.com/reg/
2025-04-11 20:02:11,662 - INFO - Detected Facebook app redirect: fbredirect://m.facebook.com/?uri=https%3A%2F%2Fm.facebook.com%2Freg%2F&wtsid=rdr_0hhuVVLiqQsusYKbE&refsrc=deprecated&_rdr
2025-04-11 20:02:11,662 - INFO - Extracted web URL from app redirect: https://m.facebook.com/reg/
2025-04-11 20:02:12,659 - INFO - Detected Facebook app redirect: fbredirect://m.facebook.com/?uri=https%3A%2F%2Fm.facebook.com%2Freg%2F&wtsid=rdr_09SuDWmIJ5xuoQhS9&refsrc=deprecated&_rdr
2025-04-11 20:02:12,659 - INFO - Extracted web URL from app redirect: https://m.facebook.com/reg/
2025-04-11 20:02:13,892 - INFO - Detected Facebook app redirect: fbredirect://m.facebook.com/?uri=https%3A%2F%2Fm.facebook.com%2Freg%2F&wtsid=rdr_0mKX0eIJSDeRFi4lu&refsrc=deprecated&_rdr
2025-04-11 20:02:13,892 - INFO - Extracted web URL from app redirect: https://m.facebook.com/reg/
2025-04-11 20:02:15,144 - INFO - Detected Facebook app redirect: fbredirect://m.facebook.com/?uri=https%3A%2F%2Fm.facebook.com%2Freg%2F&wtsid=rdr_047kKryIcpmYaQUXi&refsrc=deprecated&_rdr
2025-04-11 20:02:15,145 - INFO - Extracted web URL from app redirect: https://m.facebook.com/reg/
2025-04-11 20:02:16,170 - INFO - Detected Facebook app redirect: fbredirect://m.facebook.com/?uri=https%3A%2F%2Fm.facebook.com%2Freg%2F&wtsid=rdr_0VOhlaec37AdKcs44&refsrc=deprecated&_rdr
2025-04-11 20:02:16,171 - INFO - Extracted web URL from app redirect: https://m.facebook.com/reg/
2025-04-11 20:02:17,179 - INFO - Detected Facebook app redirect: fbredirect://m.facebook.com/?uri=https%3A%2F%2Fm.facebook.com%2Freg%2F&wtsid=rdr_0wUAiPaXffGYprdoq&refsrc=deprecated&_rdr
2025-04-11 20:02:17,180 - INFO - Extracted web URL from app redirect: https://m.facebook.com/reg/
2025-04-11 20:02:18,242 - INFO - Detected Facebook app redirect: fbredirect://m.facebook.com/?uri=https%3A%2F%2Fm.facebook.com%2Freg%2F&wtsid=rdr_0IYec4atVFrIVfofD&refsrc=deprecated&_rdr
2025-04-11 20:02:18,243 - INFO - Extracted web URL from app redirect: https://m.facebook.com/reg/
2025-04-11 20:02:19,249 - INFO - Detected Facebook app redirect: fbredirect://m.facebook.com/?uri=https%3A%2F%2Fm.facebook.com%2Freg%2F&wtsid=rdr_0NA5qqRYvInhh2i1M&refsrc=deprecated&_rdr
2025-04-11 20:02:19,249 - INFO - Extracted web URL from app redirect: https://m.facebook.com/reg/
2025-04-11 20:02:20,324 - INFO - Detected Facebook app redirect: fbredirect://m.facebook.com/?uri=https%3A%2F%2Fm.facebook.com%2Freg%2F&wtsid=rdr_0xh47wAZGVTGadmLp&refsrc=deprecated&_rdr
2025-04-11 20:02:20,324 - INFO - Extracted web URL from app redirect: https://m.facebook.com/reg/
2025-04-11 20:02:21,348 - INFO - Detected Facebook app redirect: fbredirect://m.facebook.com/?uri=https%3A%2F%2Fm.facebook.com%2Freg%2F&wtsid=rdr_0bPUF702pb4uM4Ii0&refsrc=deprecated&_rdr
2025-04-11 20:02:21,349 - INFO - Extracted web URL from app redirect: https://m.facebook.com/reg/
2025-04-11 20:02:22,399 - INFO - Detected Facebook app redirect: fbredirect://m.facebook.com/?uri=https%3A%2F%2Fm.facebook.com%2Freg%2F&wtsid=rdr_06OOY52nQQYFcEQ3X&refsrc=deprecated&_rdr
2025-04-11 20:02:22,400 - INFO - Extracted web URL from app redirect: https://m.facebook.com/reg/
2025-04-11 20:02:23,410 - INFO - Detected Facebook app redirect: fbredirect://m.facebook.com/?uri=https%3A%2F%2Fm.facebook.com%2Freg%2F&wtsid=rdr_0cUFrWncpk7nMwnm5&refsrc=deprecated&_rdr
2025-04-11 20:02:23,411 - INFO - Extracted web URL from app redirect: https://m.facebook.com/reg/
2025-04-11 20:02:24,434 - INFO - Detected Facebook app redirect: fbredirect://m.facebook.com/?uri=https%3A%2F%2Fm.facebook.com%2Freg%2F&wtsid=rdr_0dJ3axYnuV6OFSDSG&refsrc=deprecated&_rdr
2025-04-11 20:02:24,434 - INFO - Extracted web URL from app redirect: https://m.facebook.com/reg/
2025-04-11 20:02:25,457 - INFO - Detected Facebook app redirect: fbredirect://m.facebook.com/?uri=https%3A%2F%2Fm.facebook.com%2Freg%2F&wtsid=rdr_0cDbLkZdOaSb2fIHU&refsrc=deprecated&_rdr
2025-04-11 20:02:25,459 - INFO - Extracted web URL from app redirect: https://m.facebook.com/reg/
2025-04-11 20:02:27,484 - INFO - Detected Facebook app redirect: fbredirect://m.facebook.com/?uri=https%3A%2F%2Fm.facebook.com%2Freg%2F&wtsid=rdr_0NwYDQTPaldH5GCh0&refsrc=deprecated&_rdr
2025-04-11 20:02:27,484 - INFO - Extracted web URL from app redirect: https://m.facebook.com/reg/
2025-04-11 20:02:28,512 - INFO - Detected Facebook app redirect: fbredirect://m.facebook.com/?uri=https%3A%2F%2Fm.facebook.com%2Freg%2F&wtsid=rdr_0JPe0XocSgcVrRLeY&refsrc=deprecated&_rdr
2025-04-11 20:02:28,512 - INFO - Extracted web URL from app redirect: https://m.facebook.com/reg/
2025-04-11 20:02:29,786 - INFO - Detected Facebook app redirect: fbredirect://m.facebook.com/?uri=https%3A%2F%2Fm.facebook.com%2Freg%2F&wtsid=rdr_0Vz3a8bZaTNF1hPfW&refsrc=deprecated&_rdr
2025-04-11 20:02:29,787 - INFO - Extracted web URL from app redirect: https://m.facebook.com/reg/
2025-04-11 20:02:30,804 - INFO - Detected Facebook app redirect: fbredirect://m.facebook.com/?uri=https%3A%2F%2Fm.facebook.com%2Freg%2F&wtsid=rdr_0jNg1x3d4FCg7DzVb&refsrc=deprecated&_rdr
2025-04-11 20:02:30,804 - INFO - Extracted web URL from app redirect: https://m.facebook.com/reg/
2025-04-11 20:02:31,830 - INFO - Detected Facebook app redirect: fbredirect://m.facebook.com/?uri=https%3A%2F%2Fm.facebook.com%2Freg%2F&wtsid=rdr_0jDrRtUHb9jQTvjsj&refsrc=deprecated&_rdr
2025-04-11 20:02:31,831 - INFO - Extracted web URL from app redirect: https://m.facebook.com/reg/
2025-04-11 20:02:32,860 - INFO - Detected Facebook app redirect: fbredirect://m.facebook.com/?uri=https%3A%2F%2Fm.facebook.com%2Freg%2F&wtsid=rdr_0Gc04NT3L0wa90u2f&refsrc=deprecated&_rdr
2025-04-11 20:02:32,861 - INFO - Extracted web URL from app redirect: https://m.facebook.com/reg/
2025-04-11 20:02:33,856 - INFO - Detected Facebook app redirect: fbredirect://m.facebook.com/?uri=https%3A%2F%2Fm.facebook.com%2Freg%2F&wtsid=rdr_09SEqu4un3l0GPGd1&refsrc=deprecated&_rdr
2025-04-11 20:02:33,857 - INFO - Extracted web URL from app redirect: https://m.facebook.com/reg/
2025-04-11 20:02:34,870 - INFO - Detected Facebook app redirect: fbredirect://m.facebook.com/?uri=https%3A%2F%2Fm.facebook.com%2Freg%2F&wtsid=rdr_0X80utBize48h3DJT&refsrc=deprecated&_rdr
2025-04-11 20:02:34,871 - INFO - Extracted web URL from app redirect: https://m.facebook.com/reg/
2025-04-11 20:02:35,908 - INFO - Detected Facebook app redirect: fbredirect://m.facebook.com/?uri=https%3A%2F%2Fm.facebook.com%2Freg%2F&wtsid=rdr_05ZF0cVus7eLSU57s&refsrc=deprecated&_rdr
2025-04-11 20:02:35,908 - INFO - Extracted web URL from app redirect: https://m.facebook.com/reg/
2025-04-11 20:02:36,924 - INFO - Detected Facebook app redirect: fbredirect://m.facebook.com/?uri=https%3A%2F%2Fm.facebook.com%2Freg%2F&wtsid=rdr_0xrSweGRVpawBWPna&refsrc=deprecated&_rdr
2025-04-11 20:02:36,924 - INFO - Extracted web URL from app redirect: https://m.facebook.com/reg/
2025-04-11 20:02:37,935 - INFO - Detected Facebook app redirect: fbredirect://m.facebook.com/?uri=https%3A%2F%2Fm.facebook.com%2Freg%2F&wtsid=rdr_0HxGZ3Np6jsPSjFTk&refsrc=deprecated&_rdr
2025-04-11 20:02:37,935 - INFO - Extracted web URL from app redirect: https://m.facebook.com/reg/
2025-04-11 20:02:38,941 - INFO - Detected Facebook app redirect: fbredirect://m.facebook.com/?uri=https%3A%2F%2Fm.facebook.com%2Freg%2F&wtsid=rdr_0s9eqIqTPx09oWSyr&refsrc=deprecated&_rdr
2025-04-11 20:02:38,941 - INFO - Extracted web URL from app redirect: https://m.facebook.com/reg/
2025-04-11 20:02:39,958 - INFO - Detected Facebook app redirect: fbredirect://m.facebook.com/?uri=https%3A%2F%2Fm.facebook.com%2Freg%2F&wtsid=rdr_0u0s6ZusWxV4g1VMS&refsrc=deprecated&_rdr
2025-04-11 20:02:39,958 - INFO - Extracted web URL from app redirect: https://m.facebook.com/reg/
2025-04-11 20:02:41,010 - INFO - Detected Facebook app redirect: fbredirect://m.facebook.com/?uri=https%3A%2F%2Fm.facebook.com%2Freg%2F&wtsid=rdr_0ECTdR96Qc7sS2KvP&refsrc=deprecated&_rdr
2025-04-11 20:02:41,010 - INFO - Extracted web URL from app redirect: https://m.facebook.com/reg/
