2025-04-11 16:13:21,777 - INFO - Logger initialized. Log file: C:\Users\FLORES\OneDrive\Documents\2025\react2025\fb\logs\FBAccountCreator_20250411_161321.log
2025-04-11 16:13:21,778 - INFO - Starting Facebook account creator
2025-04-11 16:13:21,779 - INFO - Required folders created
2025-04-11 16:13:21,780 - INFO - Loading working proxies from: C:\Users\FLORES\OneDrive\Documents\2025\react2025\fb\proxies\working_proxies.txt
2025-04-11 16:13:21,781 - INFO - Loaded 5 working proxies from file
2025-04-11 16:13:21,781 - INFO - Loaded 5 working proxies
2025-04-11 16:13:21,782 - INFO - Loaded 10 proxies from file
2025-04-11 16:13:21,782 - INFO - Also loaded 10 backup proxies
2025-04-11 16:13:21,783 - INFO - Testing 5 proxies out of 10
2025-04-11 16:13:21,783 - INFO - Testing proxy 1/5: 216.10.27.159:6837
2025-04-11 16:13:23,667 - INFO - Testing proxy 2/5: 86.38.234.176:6630
2025-04-11 16:13:25,408 - INFO - Testing proxy 3/5: 173.211.0.148:6641
2025-04-11 16:13:27,177 - INFO - Testing proxy 4/5: 185.199.229.156:7492
2025-04-11 16:13:29,855 - INFO - Testing proxy 5/5: 185.199.228.220:7300
2025-04-11 16:13:32,592 - INFO - Testing completed. Found 5 working proxies.
2025-04-11 16:13:32,593 - INFO - Saved 5 working proxies to C:\Users\FLORES\OneDrive\Documents\2025\react2025\fb\proxies\working_proxies.txt
2025-04-11 16:13:32,594 - INFO - Generated user data for Hayden Smith
2025-04-11 16:14:07,391 - INFO - Valid email provided: beneficial.anteater.zdrl@letterhaven.net
2025-04-11 16:14:07,392 - INFO - Selected working proxy: 185.199.229.156:7492
2025-04-11 16:14:07,392 - INFO - Attempt 1/3 using proxy: 185.199.229.156:7492
2025-04-11 16:14:07,392 - INFO - Session configured with proxy URL: http://vazobmnp:bzcazvl7en9k@185.199.229.156:7492
2025-04-11 16:14:07,393 - INFO - Starting Facebook account creation process...
2025-04-11 16:14:07,394 - INFO - Warming up session with natural browsing patterns...
2025-04-11 16:14:09,853 - INFO - GET https://m.facebook.com/ - Status: 200
2025-04-11 16:14:09,856 - INFO - Stored datr cookie: UM_4ZzozZxL5LlnmLwU_Ywxu
2025-04-11 16:14:16,183 - INFO - GET https://m.facebook.com/policies/ - Status: 200
2025-04-11 16:14:19,249 - INFO - Session warm-up completed
2025-04-11 16:14:19,250 - INFO - Visiting Facebook mobile homepage...
2025-04-11 16:14:20,120 - INFO - GET https://m.facebook.com/ - Status: 200
2025-04-11 16:14:21,319 - INFO - Mobile homepage accessed successfully: 200
2025-04-11 16:14:22,897 - INFO - Trying signup URL: https://m.facebook.com/reg/
2025-04-11 16:14:25,383 - INFO - GET https://m.facebook.com/reg/ - Status: 200
2025-04-11 16:14:27,147 - INFO - Signup page https://m.facebook.com/reg/ accessed successfully: 200
2025-04-11 16:14:27,163 - WARNING - No registration form found at https://m.facebook.com/reg/
2025-04-11 16:14:27,163 - INFO - Trying signup URL: https://m.facebook.com/reg/submit/
2025-04-11 16:14:28,967 - INFO - Found LSD token: AVrt-QfxIe...
2025-04-11 16:14:28,968 - INFO - GET https://m.facebook.com/reg/submit/ - Status: 200
2025-04-11 16:14:28,969 - INFO - Found LSD token: AVrt-QfxIe...
2025-04-11 16:14:30,604 - INFO - Signup page https://m.facebook.com/reg/submit/ accessed successfully: 200
2025-04-11 16:14:30,623 - INFO - Found registration form with selector: form[id="mobile-reg-form"]
2025-04-11 16:14:30,624 - INFO - Found registration form at https://m.facebook.com/reg/submit/
2025-04-11 16:14:30,624 - INFO - Registration form action URL: https://m.facebook.com/reg/submit/?privacy_mutation_token=eyJ0eXBlIjowLCJjcmVhdGlvbl90aW1lIjoxNzQ0MzU5MjY3LCJjYWxsc2l0ZV9pZCI6OTA3OTI0NDAyOTQ4MDU4fQ%3D%3D&multi_step_form=1&skip_suma=0&shouldForceMTouch=1
2025-04-11 16:14:30,628 - INFO - Simulating human form filling...
2025-04-11 16:14:53,520 - INFO - POST https://m.facebook.com/reg/submit/?privacy_mutation_token=eyJ0eXBlIjowLCJjcmVhdGlvbl90aW1lIjoxNzQ0MzU5MjY3LCJjYWxsc2l0ZV9pZCI6OTA3OTI0NDAyOTQ4MDU4fQ%3D%3D&multi_step_form=1&skip_suma=0&shouldForceMTouch=1 - Status: 200
2025-04-11 16:14:55,386 - INFO - Registration response status: 200
2025-04-11 16:14:55,387 - INFO - Final URL after registration: https://m.facebook.com/login/save-device/?login_source=account_creation&wtsid=rdr_0cM8iIvEC1ftQsJj1&_rdr#_=_
2025-04-11 16:14:58,388 - INFO - Found c_user cookie: 61574930231941. Registration successful!
2025-04-11 16:14:58,388 - INFO - Finalizing account creation...
2025-04-11 16:14:58,388 - INFO - Account created successfully! User ID: 61574930231941
2025-04-11 16:14:58,391 - INFO - Account information saved to C:\Users\FLORES\OneDrive\Documents\2025\react2025\fb\accounts\fb_account_61574930231941_info.json
2025-04-11 16:14:58,391 - INFO - Cookies saved to C:\Users\FLORES\OneDrive\Documents\2025\react2025\fb\accounts\fb_account_61574930231941_cookies.json
2025-04-11 16:14:58,391 - INFO - Account creation attempt 1 successful
2025-04-11 16:14:58,392 - INFO - Account creation successful!
