2025-04-11 14:32:29,740 - INFO - Logger initialized. Log file: C:\Users\FLORES\OneDrive\Documents\2025\react2025\fb\logs\FBAccountCreator_20250411_143229.log
2025-04-11 14:32:29,741 - INFO - Starting Facebook account creator
2025-04-11 14:32:29,742 - INFO - Required folders created
2025-04-11 14:32:29,742 - INFO - Loading working proxies from: C:\Users\FLORES\OneDrive\Documents\2025\react2025\fb\proxies\working_proxies.txt
2025-04-11 14:32:29,743 - INFO - Loaded 5 working proxies from file
2025-04-11 14:32:29,743 - INFO - Loaded 5 working proxies
2025-04-11 14:32:29,744 - INFO - Loaded 10 proxies from file
2025-04-11 14:32:29,744 - INFO - Also loaded 10 backup proxies
2025-04-11 14:32:29,745 - INFO - Testing 5 proxies out of 10
2025-04-11 14:32:29,745 - INFO - Testing proxy 1/5: 185.199.228.220:7300
2025-04-11 14:32:32,320 - INFO - Testing proxy 2/5: 185.199.229.156:7492
2025-04-11 14:32:34,819 - INFO - Testing proxy 3/5: 45.151.162.198:6600
2025-04-11 14:32:36,617 - INFO - Testing proxy 4/5: 38.153.152.244:9594
2025-04-11 14:32:38,497 - INFO - Testing proxy 5/5: 216.10.27.159:6837
2025-04-11 14:32:40,232 - INFO - Testing completed. Found 5 working proxies.
2025-04-11 14:32:40,233 - INFO - Saved 5 working proxies to C:\Users\FLORES\OneDrive\Documents\2025\react2025\fb\proxies\working_proxies.txt
2025-04-11 14:32:40,233 - INFO - Generated user data for Maya Smith
2025-04-11 14:33:12,959 - INFO - Valid email provided: daufrayafeitti-5774@yopmail.com
2025-04-11 14:33:12,959 - INFO - Selected working proxy: 216.10.27.159:6837
2025-04-11 14:33:12,959 - INFO - Attempt 1/3 using proxy: 216.10.27.159:6837
2025-04-11 14:33:12,960 - INFO - Session configured with proxy URL: http://vazobmnp:bzcazvl7en9k@216.10.27.159:6837
2025-04-11 14:33:12,960 - INFO - Starting Facebook account creation process...
2025-04-11 14:33:12,961 - INFO - Warming up session with natural browsing patterns...
2025-04-11 14:33:15,999 - INFO - Found LSD token: AVrhxYbgzt...
2025-04-11 14:33:15,999 - INFO - GET https://m.facebook.com/ - Status: 200
2025-04-11 14:33:16,000 - INFO - Found LSD token: AVrhxYbgzt...
2025-04-11 14:33:21,474 - INFO - GET https://m.facebook.com/policies/ - Status: 200
2025-04-11 14:33:25,097 - INFO - Session warm-up completed
2025-04-11 14:33:25,098 - INFO - Visiting Facebook mobile homepage...
2025-04-11 14:33:25,644 - INFO - Found LSD token: AVq2NCZtRg...
2025-04-11 14:33:25,645 - INFO - GET https://m.facebook.com/ - Status: 200
2025-04-11 14:33:25,645 - INFO - Found LSD token: AVq2NCZtRg...
2025-04-11 14:33:26,712 - INFO - Mobile homepage accessed successfully: 200
2025-04-11 14:33:27,774 - INFO - Trying signup URL: https://m.facebook.com/reg/
2025-04-11 14:33:29,876 - INFO - Detected Facebook app redirect: fbredirect://m.facebook.com/?uri=https%3A%2F%2Fm.facebook.com%2Freg%2F&wtsid=rdr_0fnKFgMpuiFca93i6&refsrc=deprecated&_rdr
2025-04-11 14:33:29,877 - INFO - Extracted web URL from app redirect: https://m.facebook.com/reg/
2025-04-11 14:33:30,886 - INFO - Detected Facebook app redirect: fbredirect://m.facebook.com/?uri=https%3A%2F%2Fm.facebook.com%2Freg%2F&wtsid=rdr_0hXViSIMIlE0mpkol&refsrc=deprecated&_rdr
2025-04-11 14:33:30,887 - INFO - Extracted web URL from app redirect: https://m.facebook.com/reg/
2025-04-11 14:33:31,907 - INFO - Detected Facebook app redirect: fbredirect://m.facebook.com/?uri=https%3A%2F%2Fm.facebook.com%2Freg%2F&wtsid=rdr_0pLnIsUrIFzyuBa2C&refsrc=deprecated&_rdr
2025-04-11 14:33:31,908 - INFO - Extracted web URL from app redirect: https://m.facebook.com/reg/
2025-04-11 14:33:32,925 - INFO - Detected Facebook app redirect: fbredirect://m.facebook.com/?uri=https%3A%2F%2Fm.facebook.com%2Freg%2F&wtsid=rdr_0Rx9u91okwzlfqiZ0&refsrc=deprecated&_rdr
2025-04-11 14:33:32,925 - INFO - Extracted web URL from app redirect: https://m.facebook.com/reg/
2025-04-11 14:33:33,919 - INFO - Detected Facebook app redirect: fbredirect://m.facebook.com/?uri=https%3A%2F%2Fm.facebook.com%2Freg%2F&wtsid=rdr_0REaBRbibC8waSviY&refsrc=deprecated&_rdr
2025-04-11 14:33:33,919 - INFO - Extracted web URL from app redirect: https://m.facebook.com/reg/
2025-04-11 14:33:34,941 - INFO - Detected Facebook app redirect: fbredirect://m.facebook.com/?uri=https%3A%2F%2Fm.facebook.com%2Freg%2F&wtsid=rdr_0AH6kEaX9MzYynda9&refsrc=deprecated&_rdr
2025-04-11 14:33:34,942 - INFO - Extracted web URL from app redirect: https://m.facebook.com/reg/
2025-04-11 14:33:35,971 - INFO - Detected Facebook app redirect: fbredirect://m.facebook.com/?uri=https%3A%2F%2Fm.facebook.com%2Freg%2F&wtsid=rdr_0EK4xPzVzgjYwFCvj&refsrc=deprecated&_rdr
2025-04-11 14:33:35,972 - INFO - Extracted web URL from app redirect: https://m.facebook.com/reg/
2025-04-11 14:33:36,978 - INFO - Detected Facebook app redirect: fbredirect://m.facebook.com/?uri=https%3A%2F%2Fm.facebook.com%2Freg%2F&wtsid=rdr_0KJ7aNniGJRMW1HI9&refsrc=deprecated&_rdr
2025-04-11 14:33:36,979 - INFO - Extracted web URL from app redirect: https://m.facebook.com/reg/
2025-04-11 14:33:37,982 - INFO - Detected Facebook app redirect: fbredirect://m.facebook.com/?uri=https%3A%2F%2Fm.facebook.com%2Freg%2F&wtsid=rdr_0MG2AZqmsy4IzEcut&refsrc=deprecated&_rdr
2025-04-11 14:33:37,982 - INFO - Extracted web URL from app redirect: https://m.facebook.com/reg/
2025-04-11 14:33:39,150 - INFO - Detected Facebook app redirect: fbredirect://m.facebook.com/?uri=https%3A%2F%2Fm.facebook.com%2Freg%2F&wtsid=rdr_0Dug2AhVfsxQ0wbwR&refsrc=deprecated&_rdr
2025-04-11 14:33:39,150 - INFO - Extracted web URL from app redirect: https://m.facebook.com/reg/
2025-04-11 14:33:40,148 - INFO - Detected Facebook app redirect: fbredirect://m.facebook.com/?uri=https%3A%2F%2Fm.facebook.com%2Freg%2F&wtsid=rdr_0uteHdvIplSsujoRX&refsrc=deprecated&_rdr
2025-04-11 14:33:40,148 - INFO - Extracted web URL from app redirect: https://m.facebook.com/reg/
2025-04-11 14:33:41,192 - INFO - Detected Facebook app redirect: fbredirect://m.facebook.com/?uri=https%3A%2F%2Fm.facebook.com%2Freg%2F&wtsid=rdr_0yoTDZuuhS6BIac2g&refsrc=deprecated&_rdr
2025-04-11 14:33:41,192 - INFO - Extracted web URL from app redirect: https://m.facebook.com/reg/
2025-04-11 14:33:42,205 - INFO - Detected Facebook app redirect: fbredirect://m.facebook.com/?uri=https%3A%2F%2Fm.facebook.com%2Freg%2F&wtsid=rdr_0vSu1FmDYsxrZxEjb&refsrc=deprecated&_rdr
2025-04-11 14:33:42,205 - INFO - Extracted web URL from app redirect: https://m.facebook.com/reg/
2025-04-11 14:33:43,213 - INFO - Detected Facebook app redirect: fbredirect://m.facebook.com/?uri=https%3A%2F%2Fm.facebook.com%2Freg%2F&wtsid=rdr_0ujfwQalszRAdvUAs&refsrc=deprecated&_rdr
2025-04-11 14:33:43,214 - INFO - Extracted web URL from app redirect: https://m.facebook.com/reg/
2025-04-11 14:33:44,214 - INFO - Detected Facebook app redirect: fbredirect://m.facebook.com/?uri=https%3A%2F%2Fm.facebook.com%2Freg%2F&wtsid=rdr_0LTS39eLOrNAVgAfM&refsrc=deprecated&_rdr
2025-04-11 14:33:44,214 - INFO - Extracted web URL from app redirect: https://m.facebook.com/reg/
2025-04-11 14:33:45,236 - INFO - Detected Facebook app redirect: fbredirect://m.facebook.com/?uri=https%3A%2F%2Fm.facebook.com%2Freg%2F&wtsid=rdr_0pkA6DFYmYea6hh0y&refsrc=deprecated&_rdr
2025-04-11 14:33:45,237 - INFO - Extracted web URL from app redirect: https://m.facebook.com/reg/
2025-04-11 14:33:46,281 - INFO - Detected Facebook app redirect: fbredirect://m.facebook.com/?uri=https%3A%2F%2Fm.facebook.com%2Freg%2F&wtsid=rdr_0SiZhlr3bEQjDFv3C&refsrc=deprecated&_rdr
2025-04-11 14:33:46,282 - INFO - Extracted web URL from app redirect: https://m.facebook.com/reg/
2025-04-11 14:33:47,282 - INFO - Detected Facebook app redirect: fbredirect://m.facebook.com/?uri=https%3A%2F%2Fm.facebook.com%2Freg%2F&wtsid=rdr_00SMvb73BBTzf55Rw&refsrc=deprecated&_rdr
2025-04-11 14:33:47,282 - INFO - Extracted web URL from app redirect: https://m.facebook.com/reg/
2025-04-11 14:33:48,297 - INFO - Detected Facebook app redirect: fbredirect://m.facebook.com/?uri=https%3A%2F%2Fm.facebook.com%2Freg%2F&wtsid=rdr_02WnHWbPP6AHdToiH&refsrc=deprecated&_rdr
2025-04-11 14:33:48,298 - INFO - Extracted web URL from app redirect: https://m.facebook.com/reg/
2025-04-11 14:33:49,321 - INFO - Detected Facebook app redirect: fbredirect://m.facebook.com/?uri=https%3A%2F%2Fm.facebook.com%2Freg%2F&wtsid=rdr_0yxXi3wzlMedFaor5&refsrc=deprecated&_rdr
2025-04-11 14:33:49,321 - INFO - Extracted web URL from app redirect: https://m.facebook.com/reg/
2025-04-11 14:33:50,361 - INFO - Detected Facebook app redirect: fbredirect://m.facebook.com/?uri=https%3A%2F%2Fm.facebook.com%2Freg%2F&wtsid=rdr_0hu3zUBEppTaKerHo&refsrc=deprecated&_rdr
2025-04-11 14:33:50,362 - INFO - Extracted web URL from app redirect: https://m.facebook.com/reg/
2025-04-11 14:33:51,388 - INFO - Detected Facebook app redirect: fbredirect://m.facebook.com/?uri=https%3A%2F%2Fm.facebook.com%2Freg%2F&wtsid=rdr_0BgB6BkHDam4TkFk1&refsrc=deprecated&_rdr
2025-04-11 14:33:51,388 - INFO - Extracted web URL from app redirect: https://m.facebook.com/reg/
2025-04-11 14:33:52,381 - INFO - Detected Facebook app redirect: fbredirect://m.facebook.com/?uri=https%3A%2F%2Fm.facebook.com%2Freg%2F&wtsid=rdr_0t0MCJZP0JE4rXWN1&refsrc=deprecated&_rdr
2025-04-11 14:33:52,382 - INFO - Extracted web URL from app redirect: https://m.facebook.com/reg/
2025-04-11 14:33:53,396 - INFO - Detected Facebook app redirect: fbredirect://m.facebook.com/?uri=https%3A%2F%2Fm.facebook.com%2Freg%2F&wtsid=rdr_0HZkqxcBVuHfHKpZu&refsrc=deprecated&_rdr
2025-04-11 14:33:53,397 - INFO - Extracted web URL from app redirect: https://m.facebook.com/reg/
2025-04-11 14:33:54,412 - INFO - Detected Facebook app redirect: fbredirect://m.facebook.com/?uri=https%3A%2F%2Fm.facebook.com%2Freg%2F&wtsid=rdr_0Tol0cK1ryjwhzXKy&refsrc=deprecated&_rdr
2025-04-11 14:33:54,412 - INFO - Extracted web URL from app redirect: https://m.facebook.com/reg/
2025-04-11 14:33:55,433 - INFO - Detected Facebook app redirect: fbredirect://m.facebook.com/?uri=https%3A%2F%2Fm.facebook.com%2Freg%2F&wtsid=rdr_0hSY8qJN7KeJVHGJZ&refsrc=deprecated&_rdr
2025-04-11 14:33:55,433 - INFO - Extracted web URL from app redirect: https://m.facebook.com/reg/
2025-04-11 14:33:56,435 - INFO - Detected Facebook app redirect: fbredirect://m.facebook.com/?uri=https%3A%2F%2Fm.facebook.com%2Freg%2F&wtsid=rdr_0WAOzrUTqkPJg7EdN&refsrc=deprecated&_rdr
2025-04-11 14:33:56,435 - INFO - Extracted web URL from app redirect: https://m.facebook.com/reg/
2025-04-11 14:33:57,452 - INFO - Detected Facebook app redirect: fbredirect://m.facebook.com/?uri=https%3A%2F%2Fm.facebook.com%2Freg%2F&wtsid=rdr_0WHs57HQMooqsKgm7&refsrc=deprecated&_rdr
2025-04-11 14:33:57,453 - INFO - Extracted web URL from app redirect: https://m.facebook.com/reg/
2025-04-11 14:33:58,455 - INFO - Detected Facebook app redirect: fbredirect://m.facebook.com/?uri=https%3A%2F%2Fm.facebook.com%2Freg%2F&wtsid=rdr_0zs4HGoVoyXENW8ro&refsrc=deprecated&_rdr
2025-04-11 14:33:58,455 - INFO - Extracted web URL from app redirect: https://m.facebook.com/reg/
2025-04-11 14:33:59,511 - INFO - Detected Facebook app redirect: fbredirect://m.facebook.com/?uri=https%3A%2F%2Fm.facebook.com%2Freg%2F&wtsid=rdr_0k7ZXDJc6RCVlwSYf&refsrc=deprecated&_rdr
2025-04-11 14:33:59,512 - INFO - Extracted web URL from app redirect: https://m.facebook.com/reg/
2025-04-11 14:34:00,544 - INFO - Detected Facebook app redirect: fbredirect://m.facebook.com/?uri=https%3A%2F%2Fm.facebook.com%2Freg%2F&wtsid=rdr_0tYTAbRHmgyM8Dfyw&refsrc=deprecated&_rdr
2025-04-11 14:34:00,545 - INFO - Extracted web URL from app redirect: https://m.facebook.com/reg/
2025-04-11 14:34:01,558 - INFO - Detected Facebook app redirect: fbredirect://m.facebook.com/?uri=https%3A%2F%2Fm.facebook.com%2Freg%2F&wtsid=rdr_05rUztti8UlI1IB5g&refsrc=deprecated&_rdr
2025-04-11 14:34:01,558 - INFO - Extracted web URL from app redirect: https://m.facebook.com/reg/
2025-04-11 14:34:02,579 - INFO - Detected Facebook app redirect: fbredirect://m.facebook.com/?uri=https%3A%2F%2Fm.facebook.com%2Freg%2F&wtsid=rdr_0Nf3iibKrwGjgvpUP&refsrc=deprecated&_rdr
2025-04-11 14:34:02,579 - INFO - Extracted web URL from app redirect: https://m.facebook.com/reg/
2025-04-11 14:34:03,582 - INFO - Detected Facebook app redirect: fbredirect://m.facebook.com/?uri=https%3A%2F%2Fm.facebook.com%2Freg%2F&wtsid=rdr_0KDWUWU2YLLiFhLUe&refsrc=deprecated&_rdr
2025-04-11 14:34:03,583 - INFO - Extracted web URL from app redirect: https://m.facebook.com/reg/
2025-04-11 14:34:04,604 - INFO - Detected Facebook app redirect: fbredirect://m.facebook.com/?uri=https%3A%2F%2Fm.facebook.com%2Freg%2F&wtsid=rdr_0WA0Be511kMQbGeqg&refsrc=deprecated&_rdr
2025-04-11 14:34:04,605 - INFO - Extracted web URL from app redirect: https://m.facebook.com/reg/
2025-04-11 14:34:05,638 - INFO - Detected Facebook app redirect: fbredirect://m.facebook.com/?uri=https%3A%2F%2Fm.facebook.com%2Freg%2F&wtsid=rdr_0ZAmhRrd17WUO4Wwc&refsrc=deprecated&_rdr
2025-04-11 14:34:05,638 - INFO - Extracted web URL from app redirect: https://m.facebook.com/reg/
2025-04-11 14:34:06,679 - INFO - Detected Facebook app redirect: fbredirect://m.facebook.com/?uri=https%3A%2F%2Fm.facebook.com%2Freg%2F&wtsid=rdr_0p0fv1h8lQOAiPFHJ&refsrc=deprecated&_rdr
2025-04-11 14:34:06,679 - INFO - Extracted web URL from app redirect: https://m.facebook.com/reg/
2025-04-11 14:34:07,697 - INFO - Detected Facebook app redirect: fbredirect://m.facebook.com/?uri=https%3A%2F%2Fm.facebook.com%2Freg%2F&wtsid=rdr_0rcBETXd5HN45ZenY&refsrc=deprecated&_rdr
2025-04-11 14:34:07,697 - INFO - Extracted web URL from app redirect: https://m.facebook.com/reg/
2025-04-11 14:34:08,704 - INFO - Detected Facebook app redirect: fbredirect://m.facebook.com/?uri=https%3A%2F%2Fm.facebook.com%2Freg%2F&wtsid=rdr_0NP2RYppm5ObsPsMx&refsrc=deprecated&_rdr
2025-04-11 14:34:08,704 - INFO - Extracted web URL from app redirect: https://m.facebook.com/reg/
