2025-04-11 14:28:23,135 - INFO - Logger initialized. Log file: C:\Users\FLORES\OneDrive\Documents\2025\react2025\fb\logs\FBAccountCreator_20250411_142823.log
2025-04-11 14:28:23,136 - INFO - Starting Facebook account creator
2025-04-11 14:28:23,137 - INFO - Required folders created
2025-04-11 14:28:23,138 - INFO - Loading working proxies from: C:\Users\FLORES\OneDrive\Documents\2025\react2025\fb\proxies\working_proxies.txt
2025-04-11 14:28:23,138 - INFO - Loaded 5 working proxies from file
2025-04-11 14:28:23,139 - INFO - Loaded 5 working proxies
2025-04-11 14:28:23,140 - INFO - Loaded 10 proxies from file
2025-04-11 14:28:23,140 - INFO - Also loaded 10 backup proxies
2025-04-11 14:28:23,141 - INFO - Testing 5 proxies out of 10
2025-04-11 14:28:23,141 - INFO - Testing proxy 1/5: 86.38.234.176:6630
2025-04-11 14:28:24,961 - INFO - Testing proxy 2/5: 185.199.229.156:7492
2025-04-11 14:28:27,577 - INFO - Testing proxy 3/5: 185.199.228.220:7300
2025-04-11 14:28:30,300 - INFO - Testing proxy 4/5: 45.151.162.198:6600
2025-04-11 14:28:32,770 - INFO - Testing proxy 5/5: 154.36.110.199:6853
2025-04-11 14:28:34,573 - INFO - Testing completed. Found 5 working proxies.
2025-04-11 14:28:34,574 - INFO - Saved 5 working proxies to C:\Users\FLORES\OneDrive\Documents\2025\react2025\fb\proxies\working_proxies.txt
2025-04-11 14:28:34,575 - INFO - Generated user data for Sofia Hernandez
2025-04-11 14:28:38,459 - INFO - Valid email provided: sad.sparrow.nbkw@letterhaven.net
2025-04-11 14:28:38,460 - INFO - Selected working proxy: 45.151.162.198:6600
2025-04-11 14:28:38,460 - INFO - Attempt 1/3 using proxy: 45.151.162.198:6600
2025-04-11 14:28:38,460 - INFO - Session configured with proxy URL: http://vazobmnp:bzcazvl7en9k@45.151.162.198:6600
2025-04-11 14:28:38,461 - INFO - Starting Facebook account creation process...
2025-04-11 14:28:38,462 - INFO - Warming up session with natural browsing patterns...
2025-04-11 14:28:40,786 - INFO - GET https://m.facebook.com/ - Status: 200
2025-04-11 14:28:40,789 - INFO - Stored datr cookie: lrb4Z9uC1rjQyQn-QZavRz5N
2025-04-11 14:28:47,282 - INFO - GET https://m.facebook.com/policies/ - Status: 200
2025-04-11 14:28:51,106 - INFO - Session warm-up completed
2025-04-11 14:28:51,107 - INFO - Visiting Facebook mobile homepage...
2025-04-11 14:28:52,114 - INFO - GET https://m.facebook.com/ - Status: 200
2025-04-11 14:28:54,284 - INFO - Mobile homepage accessed successfully: 200
2025-04-11 14:28:55,848 - INFO - Trying signup URL: https://m.facebook.com/reg/
2025-04-11 14:28:58,494 - INFO - GET https://m.facebook.com/reg/ - Status: 200
2025-04-11 14:29:00,657 - INFO - Signup page https://m.facebook.com/reg/ accessed successfully: 200
2025-04-11 14:29:00,675 - WARNING - No registration form found at https://m.facebook.com/reg/
2025-04-11 14:29:00,675 - INFO - Trying signup URL: https://m.facebook.com/reg/submit/
2025-04-11 14:29:03,622 - INFO - Found LSD token: AVpzLM_pve...
2025-04-11 14:29:03,622 - INFO - GET https://m.facebook.com/reg/submit/ - Status: 200
2025-04-11 14:29:03,623 - INFO - Found LSD token: AVpzLM_pve...
2025-04-11 14:29:05,229 - INFO - Signup page https://m.facebook.com/reg/submit/ accessed successfully: 200
2025-04-11 14:29:05,249 - INFO - Found registration form with selector: form[id="mobile-reg-form"]
2025-04-11 14:29:05,249 - INFO - Found registration form at https://m.facebook.com/reg/submit/
2025-04-11 14:29:05,249 - INFO - Registration form action URL: https://m.facebook.com/reg/submit/?privacy_mutation_token=eyJ0eXBlIjowLCJjcmVhdGlvbl90aW1lIjoxNzQ0MzUyOTQwLCJjYWxsc2l0ZV9pZCI6OTA3OTI0NDAyOTQ4MDU4fQ%3D%3D&multi_step_form=1&skip_suma=0&shouldForceMTouch=1
2025-04-11 14:29:05,253 - INFO - Simulating human form filling...
2025-04-11 14:29:31,945 - INFO - POST https://m.facebook.com/reg/submit/?privacy_mutation_token=eyJ0eXBlIjowLCJjcmVhdGlvbl90aW1lIjoxNzQ0MzUyOTQwLCJjYWxsc2l0ZV9pZCI6OTA3OTI0NDAyOTQ4MDU4fQ%3D%3D&multi_step_form=1&skip_suma=0&shouldForceMTouch=1 - Status: 200
2025-04-11 14:29:33,436 - INFO - Registration response status: 200
2025-04-11 14:29:33,437 - INFO - Final URL after registration: https://m.facebook.com/login/save-device/?login_source=account_creation&wtsid=rdr_0m4LY29ZyGPuV5AeO&_rdr#_=_
2025-04-11 14:29:36,437 - INFO - Found c_user cookie: 61575383750120. Registration successful!
2025-04-11 14:29:36,438 - INFO - Finalizing account creation...
2025-04-11 14:29:36,438 - INFO - Account created successfully! User ID: 61575383750120
2025-04-11 14:29:36,440 - INFO - Account information saved to C:\Users\FLORES\OneDrive\Documents\2025\react2025\fb\accounts\fb_account_61575383750120_info.json
2025-04-11 14:29:36,440 - INFO - Cookies saved to C:\Users\FLORES\OneDrive\Documents\2025\react2025\fb\accounts\fb_account_61575383750120_cookies.json
2025-04-11 14:29:36,441 - INFO - Account creation attempt 1 successful
2025-04-11 14:29:36,441 - INFO - Account creation successful!
