2025-04-11 13:58:27,396 - INFO - Logger initialized. Log file: C:\Users\FLORES\OneDrive\Documents\2025\react2025\fb\logs\FBAccountCreator_20250411_135827.log
2025-04-11 13:58:27,397 - INFO - Starting Facebook account creator
2025-04-11 13:58:27,397 - INFO - Required folders created
2025-04-11 13:58:27,398 - INFO - Loading working proxies from: C:\Users\FLORES\OneDrive\Documents\2025\react2025\fb\proxies\working_proxies.txt
2025-04-11 13:58:27,399 - INFO - Loaded 10 working proxies from file
2025-04-11 13:58:27,399 - INFO - Loaded 10 working proxies
2025-04-11 13:58:27,400 - INFO - Loaded 10 proxies from file
2025-04-11 13:58:27,400 - INFO - Also loaded 10 backup proxies
2025-04-11 13:58:27,400 - INFO - Generated user data for Isabella Young
2025-04-11 13:58:49,649 - INFO - Valid email provided: elegant.tern.zykj@letterhaven.net
2025-04-11 13:58:49,649 - INFO - Selected working proxy: 185.199.231.45:8382
2025-04-11 13:58:49,650 - INFO - Attempt 1/3 using proxy: 185.199.231.45:8382
2025-04-11 13:58:49,650 - INFO - Session configured with proxy URL: http://vazobmnp:bzcazvl7en9k@185.199.231.45:8382
2025-04-11 13:58:49,651 - INFO - Starting Facebook account creation process...
2025-04-11 13:58:49,652 - INFO - Visiting Facebook mobile homepage...
2025-04-11 13:58:54,309 - INFO - GET https://m.facebook.com/ - Status: 200
2025-04-11 13:58:56,644 - INFO - Mobile homepage accessed successfully: 200
2025-04-11 13:58:58,106 - INFO - Accessing signup page: https://m.facebook.com/reg/
2025-04-11 13:59:00,279 - WARNING - Attempt 1/3 failed: No connection adapters were found for 'fbredirect://m.facebook.com/?uri=https%3A%2F%2Fm.facebook.com%2Freg%2F&wtsid=rdr_07ah9i6NnUuWjSU6O&refsrc=deprecated&_rdr'
2025-04-11 13:59:00,279 - INFO - Retrying in 1.69 seconds...
2025-04-11 13:59:02,524 - WARNING - Attempt 2/3 failed: No connection adapters were found for 'fbredirect://m.facebook.com/?uri=https%3A%2F%2Fm.facebook.com%2Freg%2F&wtsid=rdr_0bh0C5CR5LG9HpeNH&refsrc=deprecated&_rdr'
2025-04-11 13:59:02,524 - INFO - Retrying in 2.48 seconds...
2025-04-11 13:59:05,553 - WARNING - Attempt 3/3 failed: No connection adapters were found for 'fbredirect://m.facebook.com/?uri=https%3A%2F%2Fm.facebook.com%2Freg%2F&wtsid=rdr_0wOa6vQjLntQ7sHUT&refsrc=deprecated&_rdr'
2025-04-11 13:59:05,553 - ERROR - All 3 attempts failed for URL: https://m.facebook.com/reg/
2025-04-11 13:59:05,553 - ERROR - Error during mobile registration: No connection adapters were found for 'fbredirect://m.facebook.com/?uri=https%3A%2F%2Fm.facebook.com%2Freg%2F&wtsid=rdr_0wOa6vQjLntQ7sHUT&refsrc=deprecated&_rdr'
2025-04-11 13:59:05,557 - ERROR - Traceback (most recent call last):
  File "c:\Users\FLORES\OneDrive\Documents\2025\react2025\fb\facebook\registration.py", line 88, in _mobile_registration
    signup_response = self.session.get(
        FB_MOBILE_SIGNUP,
        referer=FB_MOBILE_HOME
    )
  File "c:\Users\FLORES\OneDrive\Documents\2025\react2025\fb\facebook\session.py", line 122, in get
    response = self.session.get(
        url,
    ...<2 lines>...
        timeout=timeout
    )
  File "C:\Users\FLORES\AppData\Local\Programs\Python\Python313\Lib\site-packages\requests\sessions.py", line 602, in get
    return self.request("GET", url, **kwargs)
           ~~~~~~~~~~~~^^^^^^^^^^^^^^^^^^^^^^
  File "C:\Users\FLORES\AppData\Local\Programs\Python\Python313\Lib\site-packages\requests\sessions.py", line 589, in request
    resp = self.send(prep, **send_kwargs)
  File "C:\Users\FLORES\AppData\Local\Programs\Python\Python313\Lib\site-packages\requests\sessions.py", line 724, in send
    history = [resp for resp in gen]
                                ^^^
  File "C:\Users\FLORES\AppData\Local\Programs\Python\Python313\Lib\site-packages\requests\sessions.py", line 265, in resolve_redirects
    resp = self.send(
        req,
    ...<6 lines>...
        **adapter_kwargs,
    )
  File "C:\Users\FLORES\AppData\Local\Programs\Python\Python313\Lib\site-packages\requests\sessions.py", line 697, in send
    adapter = self.get_adapter(url=request.url)
  File "C:\Users\FLORES\AppData\Local\Programs\Python\Python313\Lib\site-packages\requests\sessions.py", line 792, in get_adapter
    raise InvalidSchema(f"No connection adapters were found for {url!r}")
requests.exceptions.InvalidSchema: No connection adapters were found for 'fbredirect://m.facebook.com/?uri=https%3A%2F%2Fm.facebook.com%2Freg%2F&wtsid=rdr_0wOa6vQjLntQ7sHUT&refsrc=deprecated&_rdr'

2025-04-11 13:59:05,558 - ERROR - Account creation failed
2025-04-11 13:59:05,558 - INFO - Saving partial account info with cookies
2025-04-11 13:59:05,560 - INFO - Partial account information saved to C:\Users\FLORES\OneDrive\Documents\2025\react2025\fb\accounts\fb_account_partial_uAkt1hT2.json
2025-04-11 13:59:05,560 - WARNING - Created partial account.
