2025-04-11 15:15:46,897 - INFO - Logger initialized. Log file: C:\Users\FLORES\OneDrive\Documents\2025\react2025\fb\logs\FBAccountCreator_20250411_151546.log
2025-04-11 15:15:46,898 - INFO - Starting Facebook account creator
2025-04-11 15:15:46,898 - INFO - Required folders created
2025-04-11 15:15:46,899 - INFO - Loading working proxies from: C:\Users\FLORES\OneDrive\Documents\2025\react2025\fb\proxies\working_proxies.txt
2025-04-11 15:15:46,900 - INFO - Loaded 5 working proxies from file
2025-04-11 15:15:46,900 - INFO - Loaded 5 working proxies
2025-04-11 15:15:46,901 - INFO - Loaded 10 proxies from file
2025-04-11 15:15:46,901 - INFO - Also loaded 10 backup proxies
2025-04-11 15:15:46,901 - INFO - Testing 5 proxies out of 10
2025-04-11 15:15:46,902 - INFO - Testing proxy 1/5: 173.211.0.148:6641
2025-04-11 15:15:48,859 - INFO - Testing proxy 2/5: 185.199.229.156:7492
2025-04-11 15:15:51,505 - INFO - Testing proxy 3/5: 86.38.234.176:6630
2025-04-11 15:15:54,004 - INFO - Testing proxy 4/5: 185.199.228.220:7300
2025-04-11 15:15:56,690 - INFO - Testing proxy 5/5: 161.123.152.115:6360
2025-04-11 15:15:58,945 - INFO - Testing completed. Found 5 working proxies.
2025-04-11 15:15:58,947 - INFO - Saved 5 working proxies to C:\Users\FLORES\OneDrive\Documents\2025\react2025\fb\proxies\working_proxies.txt
2025-04-11 15:15:58,947 - INFO - Generated user data for Maya Robinson
2025-04-11 15:16:12,081 - INFO - Valid email provided: grubby.echidna.xjie@letterhaven.net
2025-04-11 15:16:12,081 - INFO - Selected working proxy: 185.199.229.156:7492
2025-04-11 15:16:12,081 - INFO - Attempt 1/3 using proxy: 185.199.229.156:7492
2025-04-11 15:16:12,082 - INFO - Session configured with proxy URL: http://vazobmnp:bzcazvl7en9k@185.199.229.156:7492
2025-04-11 15:16:12,082 - INFO - Starting Facebook account creation process...
2025-04-11 15:16:12,083 - INFO - Warming up session with natural browsing patterns...
2025-04-11 15:16:14,686 - INFO - Found LSD token: AVoKatwdAS...
2025-04-11 15:16:14,687 - INFO - GET https://m.facebook.com/ - Status: 200
2025-04-11 15:16:14,687 - INFO - Found LSD token: AVoKatwdAS...
2025-04-11 15:16:14,688 - INFO - Stored datr cookie: vMH4Z6T1BLzAnYRjX-pZJFkE
2025-04-11 15:16:19,227 - INFO - GET https://m.facebook.com/policies/ - Status: 200
2025-04-11 15:16:23,321 - INFO - Session warm-up completed
2025-04-11 15:16:23,322 - INFO - Visiting Facebook mobile homepage...
2025-04-11 15:16:25,307 - INFO - Found LSD token: AVoKatwdMK...
2025-04-11 15:16:25,307 - INFO - GET https://m.facebook.com/ - Status: 200
2025-04-11 15:16:25,308 - INFO - Found LSD token: AVoKatwdMK...
2025-04-11 15:16:26,600 - INFO - Mobile homepage accessed successfully: 200
2025-04-11 15:16:29,083 - INFO - Trying signup URL: https://m.facebook.com/reg/
2025-04-11 15:16:32,300 - INFO - Found LSD token: AVoKatwd-L...
2025-04-11 15:16:32,301 - INFO - GET https://m.facebook.com/reg/ - Status: 200
2025-04-11 15:16:32,302 - INFO - Found LSD token: AVoKatwd-L...
2025-04-11 15:16:33,735 - INFO - Signup page https://m.facebook.com/reg/ accessed successfully: 200
2025-04-11 15:16:33,753 - INFO - Found registration form with selector: form[id="mobile-reg-form"]
2025-04-11 15:16:33,753 - INFO - Found registration form at https://m.facebook.com/reg/
2025-04-11 15:16:33,754 - INFO - Registration form action URL: https://m.facebook.com/reg/submit/?privacy_mutation_token=eyJ0eXBlIjowLCJjcmVhdGlvbl90aW1lIjoxNzQ0MzU1NzkwLCJjYWxsc2l0ZV9pZCI6OTA3OTI0NDAyOTQ4MDU4fQ%3D%3D&multi_step_form=1&skip_suma=0&shouldForceMTouch=1
2025-04-11 15:16:33,757 - INFO - Simulating human form filling...
2025-04-11 15:16:55,624 - INFO - POST https://m.facebook.com/reg/submit/?privacy_mutation_token=eyJ0eXBlIjowLCJjcmVhdGlvbl90aW1lIjoxNzQ0MzU1NzkwLCJjYWxsc2l0ZV9pZCI6OTA3OTI0NDAyOTQ4MDU4fQ%3D%3D&multi_step_form=1&skip_suma=0&shouldForceMTouch=1 - Status: 200
2025-04-11 15:16:56,876 - INFO - Registration response status: 200
2025-04-11 15:16:56,876 - INFO - Final URL after registration: https://m.facebook.com/login/save-device/?login_source=account_creation&wtsid=rdr_0nUWVIafpRn2VdebA&_rdr#_=_
2025-04-11 15:16:59,878 - INFO - Found c_user cookie: 61575292793185. Registration successful!
2025-04-11 15:16:59,878 - INFO - Finalizing account creation...
2025-04-11 15:16:59,878 - INFO - Account created successfully! User ID: 61575292793185
2025-04-11 15:16:59,880 - INFO - Account information saved to C:\Users\FLORES\OneDrive\Documents\2025\react2025\fb\accounts\fb_account_61575292793185_info.json
2025-04-11 15:16:59,881 - INFO - Cookies saved to C:\Users\FLORES\OneDrive\Documents\2025\react2025\fb\accounts\fb_account_61575292793185_cookies.json
2025-04-11 15:16:59,881 - INFO - Account creation attempt 1 successful
2025-04-11 15:16:59,881 - INFO - Account creation successful!
