2025-04-12 04:41:03,854 - INFO - Logger initialized. Log file: C:\Users\FLORES\OneDrive\Documents\2025\react2025\fb\logs\FBAccountCreator_20250412_044103.log
2025-04-12 04:41:03,855 - INFO - Starting Facebook account creator
2025-04-12 04:41:03,855 - INFO - Required folders created
2025-04-12 04:41:03,856 - INFO - Loading working proxies from: C:\Users\FLORES\OneDrive\Documents\2025\react2025\fb\proxies\working_proxies.txt
2025-04-12 04:41:03,857 - INFO - Loaded 5 working proxies from file
2025-04-12 04:41:03,857 - INFO - Loaded 5 working proxies
2025-04-12 04:41:03,858 - INFO - Loaded 10 proxies from file
2025-04-12 04:41:03,859 - INFO - Also loaded 10 backup proxies
2025-04-12 04:41:03,859 - INFO - Testing 5 proxies out of 10
2025-04-12 04:41:03,859 - INFO - Testing proxy 1/5: 161.123.152.115:6360
2025-04-12 04:41:06,210 - INFO - Testing proxy 2/5: 185.199.231.45:8382
2025-04-12 04:41:08,841 - INFO - Testing proxy 3/5: 154.36.110.199:6853
2025-04-12 04:41:10,840 - INFO - Testing proxy 4/5: 173.211.0.148:6641
2025-04-12 04:41:12,657 - INFO - Testing proxy 5/5: 86.38.234.176:6630
2025-04-12 04:41:14,296 - INFO - Testing completed. Found 5 working proxies.
2025-04-12 04:41:14,298 - INFO - Saved 5 working proxies to C:\Users\FLORES\OneDrive\Documents\2025\react2025\fb\proxies\working_proxies.txt
2025-04-12 04:41:14,298 - INFO - Generated user data for Elijah Perez
2025-04-12 04:41:19,541 - INFO - Valid email provided: c85wywt9jc@biar.org
2025-04-12 04:41:19,542 - INFO - Selected working proxy: 161.123.152.115:6360
2025-04-12 04:41:19,542 - INFO - Attempt 1/3 using proxy: 161.123.152.115:6360
2025-04-12 04:41:19,542 - INFO - Session configured with proxy URL: http://vazobmnp:bzcazvl7en9k@161.123.152.115:6360
2025-04-12 04:41:19,543 - INFO - Starting Facebook account creation process...
2025-04-12 04:41:19,544 - INFO - Warming up session with natural browsing patterns...
2025-04-12 04:41:21,617 - INFO - GET https://m.facebook.com/ - Status: 200
2025-04-12 04:41:21,618 - INFO - Stored datr cookie: cH75Z-Ghz7Wvs4ACBmlIWYG-
2025-04-12 04:41:27,023 - INFO - GET https://m.facebook.com/policies/ - Status: 200
2025-04-12 04:41:31,245 - INFO - Session warm-up completed
2025-04-12 04:41:31,245 - INFO - Visiting Facebook mobile homepage...
2025-04-12 04:41:32,071 - INFO - GET https://m.facebook.com/ - Status: 200
2025-04-12 04:41:33,656 - INFO - Mobile homepage accessed successfully: 200
2025-04-12 04:41:35,252 - INFO - Trying signup URL: https://m.facebook.com/reg/
2025-04-12 04:41:37,187 - INFO - GET https://m.facebook.com/reg/ - Status: 200
2025-04-12 04:41:38,548 - INFO - Signup page https://m.facebook.com/reg/ accessed successfully: 200
2025-04-12 04:41:38,563 - WARNING - No registration form found at https://m.facebook.com/reg/
2025-04-12 04:41:38,563 - INFO - Trying signup URL: https://m.facebook.com/reg/submit/
2025-04-12 04:41:41,209 - INFO - Found LSD token: AVqu3vowJH...
2025-04-12 04:41:41,210 - INFO - GET https://m.facebook.com/reg/submit/ - Status: 200
2025-04-12 04:41:41,210 - INFO - Found LSD token: AVqu3vowJH...
2025-04-12 04:41:42,350 - INFO - Signup page https://m.facebook.com/reg/submit/ accessed successfully: 200
2025-04-12 04:41:42,368 - INFO - Found registration form with selector: form[id="mobile-reg-form"]
2025-04-12 04:41:42,368 - INFO - Found registration form at https://m.facebook.com/reg/submit/
2025-04-12 04:41:42,368 - INFO - Registration form action URL: https://m.facebook.com/reg/submit/?privacy_mutation_token=eyJ0eXBlIjowLCJjcmVhdGlvbl90aW1lIjoxNzQ0NDA0MTAwLCJjYWxsc2l0ZV9pZCI6OTA3OTI0NDAyOTQ4MDU4fQ%3D%3D&multi_step_form=1&skip_suma=0&shouldForceMTouch=1
2025-04-12 04:41:42,372 - INFO - Simulating human form filling...
2025-04-12 04:42:03,666 - INFO - POST https://m.facebook.com/reg/submit/?privacy_mutation_token=eyJ0eXBlIjowLCJjcmVhdGlvbl90aW1lIjoxNzQ0NDA0MTAwLCJjYWxsc2l0ZV9pZCI6OTA3OTI0NDAyOTQ4MDU4fQ%3D%3D&multi_step_form=1&skip_suma=0&shouldForceMTouch=1 - Status: 200
2025-04-12 04:42:04,931 - INFO - Registration response status: 200
2025-04-12 04:42:04,932 - INFO - Final URL after registration: https://m.facebook.com/login/save-device/?login_source=account_creation&wtsid=rdr_0vzDvPmYDn5iHCqWw&_rdr#_=_
2025-04-12 04:42:07,933 - INFO - Found c_user cookie: 61575201898648. Registration successful!
2025-04-12 04:42:07,934 - INFO - Finalizing account creation...
2025-04-12 04:42:07,934 - INFO - Account created successfully! User ID: 61575201898648
2025-04-12 04:42:07,936 - INFO - Account information saved to C:\Users\FLORES\OneDrive\Documents\2025\react2025\fb\accounts\fb_account_61575201898648_info.json
2025-04-12 04:42:07,936 - INFO - Cookies saved to C:\Users\FLORES\OneDrive\Documents\2025\react2025\fb\accounts\fb_account_61575201898648_cookies.json
2025-04-12 04:42:07,937 - INFO - Account creation attempt 1 successful
2025-04-12 04:42:07,937 - INFO - Account creation successful!
