2025-04-11 14:03:53,381 - INFO - Logger initialized. Log file: C:\Users\FLORES\OneDrive\Documents\2025\react2025\fb\logs\FBAccountCreator_20250411_140353.log
2025-04-11 14:03:53,382 - INFO - Starting Facebook account creator
2025-04-11 14:03:53,382 - INFO - Required folders created
2025-04-11 14:03:53,383 - INFO - Loading working proxies from: C:\Users\FLORES\OneDrive\Documents\2025\react2025\fb\proxies\working_proxies.txt
2025-04-11 14:03:53,383 - INFO - Loaded 10 working proxies from file
2025-04-11 14:03:53,383 - INFO - Loaded 10 working proxies
2025-04-11 14:03:53,384 - INFO - Loaded 10 proxies from file
2025-04-11 14:03:53,384 - INFO - Also loaded 10 backup proxies
2025-04-11 14:03:53,385 - INFO - Generated user data for Noah Hernandez
2025-04-11 14:04:15,015 - INFO - Valid email provided: smiling.tyrannosaurus.ckew@letterhaven.net
2025-04-11 14:04:15,015 - INFO - Selected working proxy: 173.211.0.148:6641
2025-04-11 14:04:15,016 - INFO - Attempt 1/3 using proxy: 173.211.0.148:6641
2025-04-11 14:04:15,016 - INFO - Session configured with proxy URL: http://vazobmnp:bzcazvl7en9k@173.211.0.148:6641
2025-04-11 14:04:15,016 - INFO - Starting Facebook account creation process...
2025-04-11 14:04:15,017 - INFO - Visiting Facebook mobile homepage...
2025-04-11 14:04:16,895 - INFO - GET https://m.facebook.com/ - Status: 200
2025-04-11 14:04:18,959 - INFO - Mobile homepage accessed successfully: 200
2025-04-11 14:04:19,977 - INFO - Trying signup URL: https://m.facebook.com/reg/
2025-04-11 14:04:21,269 - INFO - GET https://m.facebook.com/reg/ - Status: 200
2025-04-11 14:04:22,974 - INFO - Signup page https://m.facebook.com/reg/ accessed successfully: 200
2025-04-11 14:04:22,990 - WARNING - No registration form found at https://m.facebook.com/reg/
2025-04-11 14:04:22,990 - INFO - Trying signup URL: https://m.facebook.com/reg/submit/
2025-04-11 14:04:25,373 - INFO - GET https://m.facebook.com/reg/submit/ - Status: 200
2025-04-11 14:04:27,592 - INFO - Signup page https://m.facebook.com/reg/submit/ accessed successfully: 200
2025-04-11 14:04:27,611 - INFO - Found registration form with selector: form[id="mobile-reg-form"]
2025-04-11 14:04:27,611 - INFO - Found registration form at https://m.facebook.com/reg/submit/
2025-04-11 14:04:27,612 - INFO - Found registration form with selector: form[id="mobile-reg-form"]
2025-04-11 14:04:27,612 - INFO - Registration form found, proceeding with submission
2025-04-11 14:04:27,613 - INFO - Registration form action URL: https://m.facebook.com/reg/submit/?privacy_mutation_token=eyJ0eXBlIjowLCJjcmVhdGlvbl90aW1lIjoxNzQ0MzUxNDY0LCJjYWxsc2l0ZV9pZCI6OTA3OTI0NDAyOTQ4MDU4fQ%3D%3D&multi_step_form=1&skip_suma=0&shouldForceMTouch=1
2025-04-11 14:04:27,616 - INFO - Simulating human form filling...
2025-04-11 14:04:39,232 - INFO - POST https://m.facebook.com/reg/submit/?privacy_mutation_token=eyJ0eXBlIjowLCJjcmVhdGlvbl90aW1lIjoxNzQ0MzUxNDY0LCJjYWxsc2l0ZV9pZCI6OTA3OTI0NDAyOTQ4MDU4fQ%3D%3D&multi_step_form=1&skip_suma=0&shouldForceMTouch=1 - Status: 200
2025-04-11 14:04:41,461 - INFO - Registration response status: 200
2025-04-11 14:04:41,461 - INFO - Final URL after registration: https://m.facebook.com/reg/submit/?privacy_mutation_token=eyJ0eXBlIjowLCJjcmVhdGlvbl90aW1lIjoxNzQ0MzUxNDY0LCJjYWxsc2l0ZV9pZCI6OTA3OTI0NDAyOTQ4MDU4fQ%3D%3D&multi_step_form=1&skip_suma=0&shouldForceMTouch=1
2025-04-11 14:04:41,487 - INFO - Trying to log in with the credentials as a fallback
2025-04-11 14:04:41,488 - INFO - Attempting to log in with credentials...
2025-04-11 14:04:43,094 - INFO - GET https://m.facebook.com/login/ - Status: 200
2025-04-11 14:04:44,205 - ERROR - No login form found on login page
2025-04-11 14:04:44,206 - INFO - Mobile registration failed, trying desktop registration...
2025-04-11 14:04:44,207 - INFO - Trying desktop registration approach...
2025-04-11 14:04:44,207 - INFO - Updated user agent: Mozilla/5.0 (Windows NT 10.0; Win64; x64) AppleWebKit/537.36 (KHTML, like Gecko) Chrome/122.0.0.0 Safari/537.36
2025-04-11 14:04:45,602 - INFO - GET https://www.facebook.com/r.php - Status: 200
2025-04-11 14:04:47,987 - INFO - Desktop signup page accessed successfully: 200
2025-04-11 14:04:48,014 - INFO - Found registration form with selector: form[id="reg"]
2025-04-11 14:04:48,014 - INFO - Found registration form on desktop site
2025-04-11 14:04:48,014 - INFO - Desktop registration form action URL: https://m.facebook.com/reg/?privacy_mutation_token=eyJ0eXBlIjowLCJjcmVhdGlvbl90aW1lIjoxNzQ0MzUxNDg0LCJjYWxsc2l0ZV9pZCI6MjY5NTQ4NDUzMDcyMDk1MX0%3D
2025-04-11 14:04:48,016 - INFO - Simulating human form filling...
2025-04-11 14:04:58,837 - INFO - POST https://m.facebook.com/reg/?privacy_mutation_token=eyJ0eXBlIjowLCJjcmVhdGlvbl90aW1lIjoxNzQ0MzUxNDg0LCJjYWxsc2l0ZV9pZCI6MjY5NTQ4NDUzMDcyMDk1MX0%3D - Status: 200
2025-04-11 14:05:00,146 - INFO - Desktop registration response status: 200
2025-04-11 14:05:00,147 - INFO - Final URL after desktop registration: https://m.facebook.com/reg/?privacy_mutation_token=eyJ0eXBlIjowLCJjcmVhdGlvbl90aW1lIjoxNzQ0MzUxNDg0LCJjYWxsc2l0ZV9pZCI6MjY5NTQ4NDUzMDcyMDk1MX0%3D
2025-04-11 14:05:00,147 - INFO - Attempting to log in with credentials...
2025-04-11 14:05:04,692 - WARNING - Too many redirects: Exceeded 10 redirects.
2025-04-11 14:05:04,692 - ERROR - This proxy may be blocked or detected by Facebook
2025-04-11 14:05:04,692 - ERROR - Error during login attempt: Exceeded 10 redirects.
2025-04-11 14:05:04,695 - ERROR - Traceback (most recent call last):
  File "c:\Users\FLORES\OneDrive\Documents\2025\react2025\fb\facebook\registration.py", line 605, in _attempt_login_with_credentials
    login_page_response = self.session.get(login_url)
  File "c:\Users\FLORES\OneDrive\Documents\2025\react2025\fb\facebook\session.py", line 185, in get
    response = self.session.get(
        url,
    ...<2 lines>...
        timeout=timeout
    )
  File "C:\Users\FLORES\AppData\Local\Programs\Python\Python313\Lib\site-packages\requests\sessions.py", line 602, in get
    return self.request("GET", url, **kwargs)
           ~~~~~~~~~~~~^^^^^^^^^^^^^^^^^^^^^^
  File "C:\Users\FLORES\AppData\Local\Programs\Python\Python313\Lib\site-packages\requests\sessions.py", line 589, in request
    resp = self.send(prep, **send_kwargs)
  File "C:\Users\FLORES\AppData\Local\Programs\Python\Python313\Lib\site-packages\requests\sessions.py", line 724, in send
    history = [resp for resp in gen]
                                ^^^
  File "C:\Users\FLORES\AppData\Local\Programs\Python\Python313\Lib\site-packages\requests\sessions.py", line 191, in resolve_redirects
    raise TooManyRedirects(
        f"Exceeded {self.max_redirects} redirects.", response=resp
    )
requests.exceptions.TooManyRedirects: Exceeded 10 redirects.

2025-04-11 14:05:04,696 - ERROR - Account creation failed
2025-04-11 14:05:04,697 - INFO - Saving partial account info with cookies
2025-04-11 14:05:04,698 - INFO - Partial account information saved to C:\Users\FLORES\OneDrive\Documents\2025\react2025\fb\accounts\fb_account_partial_vXyaLt3M.json
2025-04-11 14:05:04,698 - WARNING - Created partial account.
