2025-04-11 19:53:06,442 - INFO - Logger initialized. Log file: C:\Users\FLORES\OneDrive\Documents\2025\react2025\fb\logs\FBAccountCreator_20250411_195306.log
2025-04-11 19:53:06,443 - INFO - Starting Facebook account creator
2025-04-11 19:53:06,443 - INFO - Required folders created
2025-04-11 19:53:06,444 - INFO - Loading working proxies from: C:\Users\FLORES\OneDrive\Documents\2025\react2025\fb\proxies\working_proxies.txt
2025-04-11 19:53:06,445 - INFO - Loaded 5 working proxies from file
2025-04-11 19:53:06,446 - INFO - Loaded 5 working proxies
2025-04-11 19:53:06,446 - INFO - Loaded 10 proxies from file
2025-04-11 19:53:06,447 - INFO - Also loaded 10 backup proxies
2025-04-11 19:53:06,447 - INFO - Testing 5 proxies out of 10
2025-04-11 19:53:06,447 - INFO - Testing proxy 1/5: 86.38.234.176:6630
2025-04-11 19:53:08,175 - INFO - Testing proxy 2/5: 185.199.228.220:7300
2025-04-11 19:53:10,582 - INFO - Testing proxy 3/5: 161.123.152.115:6360
2025-04-11 19:53:12,907 - INFO - Testing proxy 4/5: 185.199.229.156:7492
2025-04-11 19:53:15,183 - INFO - Testing proxy 5/5: 173.211.0.148:6641
2025-04-11 19:53:17,108 - INFO - Testing completed. Found 5 working proxies.
2025-04-11 19:53:17,109 - INFO - Saved 5 working proxies to C:\Users\FLORES\OneDrive\Documents\2025\react2025\fb\proxies\working_proxies.txt
2025-04-11 19:53:17,109 - INFO - Generated user data for Sage Moore
2025-04-11 19:54:15,537 - INFO - Valid email provided: jubiar@asd.jubiar
2025-04-11 19:54:15,537 - INFO - Selected working proxy: 185.199.229.156:7492
2025-04-11 19:54:15,538 - INFO - Attempt 1/3 using proxy: 185.199.229.156:7492
2025-04-11 19:54:15,538 - INFO - Session configured with proxy URL: http://vazobmnp:bzcazvl7en9k@185.199.229.156:7492
2025-04-11 19:54:15,539 - INFO - Starting Facebook account creation process...
2025-04-11 19:54:15,540 - INFO - Warming up session with natural browsing patterns...
2025-04-11 19:54:18,620 - INFO - GET https://m.facebook.com/ - Status: 200
2025-04-11 19:54:18,622 - INFO - Stored datr cookie: 6AL5Z44zwugjJAM3UMXRJwBm
2025-04-11 19:54:25,470 - INFO - GET https://m.facebook.com/policies/ - Status: 200
2025-04-11 19:54:28,927 - INFO - Session warm-up completed
2025-04-11 19:54:28,927 - INFO - Visiting Facebook mobile homepage...
2025-04-11 19:54:30,313 - INFO - GET https://m.facebook.com/ - Status: 200
2025-04-11 19:54:32,201 - INFO - Mobile homepage accessed successfully: 200
2025-04-11 19:54:33,974 - INFO - Trying signup URL: https://m.facebook.com/reg/
2025-04-11 19:54:37,203 - INFO - GET https://m.facebook.com/reg/ - Status: 200
2025-04-11 19:54:38,777 - INFO - Signup page https://m.facebook.com/reg/ accessed successfully: 200
2025-04-11 19:54:38,792 - WARNING - No registration form found at https://m.facebook.com/reg/
2025-04-11 19:54:38,792 - INFO - Trying signup URL: https://m.facebook.com/reg/submit/
2025-04-11 19:54:40,974 - INFO - Found LSD token: AVo4j7AJsE...
2025-04-11 19:54:40,974 - INFO - GET https://m.facebook.com/reg/submit/ - Status: 200
2025-04-11 19:54:40,975 - INFO - Found LSD token: AVo4j7AJsE...
2025-04-11 19:54:43,300 - INFO - Signup page https://m.facebook.com/reg/submit/ accessed successfully: 200
2025-04-11 19:54:43,319 - INFO - Found registration form with selector: form[id="mobile-reg-form"]
2025-04-11 19:54:43,319 - INFO - Found registration form at https://m.facebook.com/reg/submit/
2025-04-11 19:54:43,320 - INFO - Registration form action URL: https://m.facebook.com/reg/submit/?privacy_mutation_token=eyJ0eXBlIjowLCJjcmVhdGlvbl90aW1lIjoxNzQ0MzcyNDc4LCJjYWxsc2l0ZV9pZCI6OTA3OTI0NDAyOTQ4MDU4fQ%3D%3D&multi_step_form=1&skip_suma=0&shouldForceMTouch=1
2025-04-11 19:54:43,322 - INFO - Simulating human form filling...
2025-04-11 19:54:57,998 - INFO - Found LSD token: AVo4j7AJfG...
2025-04-11 19:54:57,999 - INFO - POST https://m.facebook.com/reg/submit/?privacy_mutation_token=eyJ0eXBlIjowLCJjcmVhdGlvbl90aW1lIjoxNzQ0MzcyNDc4LCJjYWxsc2l0ZV9pZCI6OTA3OTI0NDAyOTQ4MDU4fQ%3D%3D&multi_step_form=1&skip_suma=0&shouldForceMTouch=1 - Status: 200
2025-04-11 19:54:58,000 - INFO - Found LSD token: AVo4j7AJfG...
2025-04-11 19:54:59,086 - INFO - Registration response status: 200
2025-04-11 19:54:59,086 - INFO - Final URL after registration: https://m.facebook.com/reg/submit/?privacy_mutation_token=eyJ0eXBlIjowLCJjcmVhdGlvbl90aW1lIjoxNzQ0MzcyNDc4LCJjYWxsc2l0ZV9pZCI6OTA3OTI0NDAyOTQ4MDU4fQ%3D%3D&multi_step_form=1&skip_suma=0&shouldForceMTouch=1
2025-04-11 19:55:02,141 - ERROR - Registration errors found: FacebookJoin FacebookWhat's your name?Enter the name you use in real life.First nameLast nameWhat's your date of birth?How old are you?How old are you?Choose your date of birth. You can always make this private later.Your age isn't visible on your profile. You can change who sees this later.Choose the age range that fits you best.BirthdayJanFebMarAprMayJunJulAugSepOctNovDec123456789101112131415161718192021222324252627282930312025202420232022202120202019201820172016201520142013201220112010200920082007200620052004200320022001200019991998199719961995199419931992199119901989198819871986198519841983198219811980197919781977197619751974197319721971197019691968196719661965196419631962196119601959195819571956195519541953195219511950194919481947194619451944194319421941194019391938193719361935193419331932193119301929192819271926192519241923192219211920191919181917191619151914191319121911191019091908190719061905Age0 Years oldEnter Your emailEnter the email where you can be reached. You can hide this from your profile later.Bangladesh EmailIt looks like you may have entered an incorrect email address. Please correct it if necessary, then click to continue.What's your gender?You can change who sees your gender on your profile later.FemaleMaleCustomYour pronoun is visible to everyone.Select your pronounShe: "Wish her a happy birthday!"He: "Wish him a happy birthday!"They: "Wish them a happy birthday!"Enter your gender (optional)Select Custom to choose another gender, or if you'd rather not say.Choose a PasswordCreate a password with at least 6 characters. It should be something others couldn't guess.New passwordPeople who use our service may have uploaded your contact information to Facebook. Learn more By tapping Sign Up, you agree to our Terms, Privacy Policy and Cookies Policy. You may receive SMS notifications from us and can opt out any time.NextNextNextSign UpSign Up With EmailSign Up With Phone NumberNo one else will see your birthday. You can change this on your profile later.Use date of birthWhy do I need to provide my birthday?Already have an account?Meta © 2025Loading...Try Again, Join FacebookWhat's your name?Enter the name you use in real life.First nameLast nameWhat's your date of birth?How old are you?How old are you?Choose your date of birth. You can always make this private later.Your age isn't visible on your profile. You can change who sees this later.Choose the age range that fits you best.BirthdayJanFebMarAprMayJunJulAugSepOctNovDec123456789101112131415161718192021222324252627282930312025202420232022202120202019201820172016201520142013201220112010200920082007200620052004200320022001200019991998199719961995199419931992199119901989198819871986198519841983198219811980197919781977197619751974197319721971197019691968196719661965196419631962196119601959195819571956195519541953195219511950194919481947194619451944194319421941194019391938193719361935193419331932193119301929192819271926192519241923192219211920191919181917191619151914191319121911191019091908190719061905Age0 Years oldEnter Your emailEnter the email where you can be reached. You can hide this from your profile later.Bangladesh EmailIt looks like you may have entered an incorrect email address. Please correct it if necessary, then click to continue.What's your gender?You can change who sees your gender on your profile later.FemaleMaleCustomYour pronoun is visible to everyone.Select your pronounShe: "Wish her a happy birthday!"He: "Wish him a happy birthday!"They: "Wish them a happy birthday!"Enter your gender (optional)Select Custom to choose another gender, or if you'd rather not say.Choose a PasswordCreate a password with at least 6 characters. It should be something others couldn't guess.New passwordPeople who use our service may have uploaded your contact information to Facebook. Learn more By tapping Sign Up, you agree to our Terms, Privacy Policy and Cookies Policy. You may receive SMS notifications from us and can opt out any time.NextNextNextSign UpSign Up With EmailSign Up With Phone NumberNo one else will see your birthday. You can change this on your profile later.Use date of birthWhy do I need to provide my birthday?Already have an account?Meta © 2025Loading...Try Again, Try Again, Try Again
2025-04-11 19:55:02,143 - INFO - Email error detected. Retry not possible with same email.
2025-04-11 19:55:02,144 - INFO - Mobile registration failed, trying desktop registration...
2025-04-11 19:55:02,144 - INFO - Trying desktop registration approach...
2025-04-11 19:55:02,144 - INFO - Updated user agent: Mozilla/5.0 (Windows NT 10.0; Win64; x64) AppleWebKit/537.36 (KHTML, like Gecko) Chrome/122.0.0.0 Safari/537.36
2025-04-11 19:55:07,728 - INFO - Found LSD token: AVo_RoVxR1...
2025-04-11 19:55:07,729 - INFO - GET https://www.facebook.com/ - Status: 200
2025-04-11 19:55:07,729 - INFO - Found LSD token: AVo_RoVxR1...
2025-04-11 19:55:12,340 - INFO - Found LSD token: AVo_RoVxDn...
2025-04-11 19:55:12,341 - INFO - GET https://www.facebook.com/r.php - Status: 200
2025-04-11 19:55:12,341 - INFO - Found LSD token: AVo_RoVxDn...
2025-04-11 19:55:13,498 - INFO - Desktop signup page accessed successfully: 200
2025-04-11 19:55:13,522 - INFO - Found registration form with selector: form[id="reg"]
2025-04-11 19:55:13,523 - INFO - Found registration form on desktop site
2025-04-11 19:55:13,523 - INFO - Desktop registration form action URL: https://m.facebook.com/reg/?privacy_mutation_token=eyJ0eXBlIjowLCJjcmVhdGlvbl90aW1lIjoxNzQ0MzcyNTEwLCJjYWxsc2l0ZV9pZCI6MjY5NTQ4NDUzMDcyMDk1MX0%3D
2025-04-11 19:55:13,525 - INFO - Simulating human form filling...
2025-04-11 19:55:29,620 - INFO - Found LSD token: AVo_RoVxWz...
2025-04-11 19:55:29,621 - INFO - POST https://m.facebook.com/reg/?privacy_mutation_token=eyJ0eXBlIjowLCJjcmVhdGlvbl90aW1lIjoxNzQ0MzcyNTEwLCJjYWxsc2l0ZV9pZCI6MjY5NTQ4NDUzMDcyMDk1MX0%3D - Status: 200
2025-04-11 19:55:29,621 - INFO - Found LSD token: AVo_RoVxWz...
2025-04-11 19:55:32,066 - INFO - Desktop registration response status: 200
2025-04-11 19:55:32,066 - INFO - Final URL after desktop registration: https://m.facebook.com/reg/?privacy_mutation_token=eyJ0eXBlIjowLCJjcmVhdGlvbl90aW1lIjoxNzQ0MzcyNTEwLCJjYWxsc2l0ZV9pZCI6MjY5NTQ4NDUzMDcyMDk1MX0%3D
2025-04-11 19:55:37,112 - ERROR - Desktop registration errors found: FacebookJoin FacebookWhat's your name?Enter the name you use in real life.First nameLast nameWhat's your date of birth?How old are you?How old are you?Choose your date of birth. You can always make this private later.Your age isn't visible on your profile. You can change who sees this later.Choose the age range that fits you best.BirthdayJanFebMarAprMayJunJulAugSepOctNovDec123456789101112131415161718192021222324252627282930312025202420232022202120202019201820172016201520142013201220112010200920082007200620052004200320022001200019991998199719961995199419931992199119901989198819871986198519841983198219811980197919781977197619751974197319721971197019691968196719661965196419631962196119601959195819571956195519541953195219511950194919481947194619451944194319421941194019391938193719361935193419331932193119301929192819271926192519241923192219211920191919181917191619151914191319121911191019091908190719061905Age0 Years oldEnter Your emailEnter the email where you can be reached. You can hide this from your profile later.Bangladesh EmailIt looks like you may have entered an incorrect email address. Please correct it if necessary, then click to continue.What's your gender?You can change who sees your gender on your profile later.FemaleMaleCustomYour pronoun is visible to everyone.Select your pronounShe: "Wish her a happy birthday!"He: "Wish him a happy birthday!"They: "Wish them a happy birthday!"Enter your gender (optional)Select Custom to choose another gender, or if you'd rather not say.Choose a PasswordCreate a password with at least 6 characters. It should be something others couldn't guess.New passwordPeople who use our service may have uploaded your contact information to Facebook. Learn more By tapping Sign Up, you agree to our Terms, Privacy Policy and Cookies Policy. You may receive SMS notifications from us and can opt out any time.NextNextNextSign UpSign Up With EmailSign Up With Phone NumberNo one else will see your birthday. You can change this on your profile later.Use date of birthWhy do I need to provide my birthday?Already have an account?Meta © 2025Loading...Try Again, Join FacebookWhat's your name?Enter the name you use in real life.First nameLast nameWhat's your date of birth?How old are you?How old are you?Choose your date of birth. You can always make this private later.Your age isn't visible on your profile. You can change who sees this later.Choose the age range that fits you best.BirthdayJanFebMarAprMayJunJulAugSepOctNovDec123456789101112131415161718192021222324252627282930312025202420232022202120202019201820172016201520142013201220112010200920082007200620052004200320022001200019991998199719961995199419931992199119901989198819871986198519841983198219811980197919781977197619751974197319721971197019691968196719661965196419631962196119601959195819571956195519541953195219511950194919481947194619451944194319421941194019391938193719361935193419331932193119301929192819271926192519241923192219211920191919181917191619151914191319121911191019091908190719061905Age0 Years oldEnter Your emailEnter the email where you can be reached. You can hide this from your profile later.Bangladesh EmailIt looks like you may have entered an incorrect email address. Please correct it if necessary, then click to continue.What's your gender?You can change who sees your gender on your profile later.FemaleMaleCustomYour pronoun is visible to everyone.Select your pronounShe: "Wish her a happy birthday!"He: "Wish him a happy birthday!"They: "Wish them a happy birthday!"Enter your gender (optional)Select Custom to choose another gender, or if you'd rather not say.Choose a PasswordCreate a password with at least 6 characters. It should be something others couldn't guess.New passwordPeople who use our service may have uploaded your contact information to Facebook. Learn more By tapping Sign Up, you agree to our Terms, Privacy Policy and Cookies Policy. You may receive SMS notifications from us and can opt out any time.NextNextNextSign UpSign Up With EmailSign Up With Phone NumberNo one else will see your birthday. You can change this on your profile later.Use date of birthWhy do I need to provide my birthday?Already have an account?Meta © 2025Loading...Try Again, Try Again, Try Again
2025-04-11 19:55:37,113 - INFO - Waiting 10 seconds after account creation...
2025-04-11 19:55:47,114 - INFO - Attempting to log in with credentials...
2025-04-11 19:55:52,263 - INFO - Detected desktop redirect from mobile site: https://www.facebook.com/?_rdr
2025-04-11 19:55:52,264 - INFO - Converting to mobile URL: https://m.m.facebook.com/?_rdr
2025-04-11 19:55:53,277 - ERROR - Error during mobile URL conversion: HTTPSConnectionPool(host='m.m.facebook.com', port=443): Max retries exceeded with url: /?_rdr (Caused by ProxyError('Unable to connect to proxy', OSError('Tunnel connection failed: 502 Bad Gateway')))
2025-04-11 19:55:53,709 - INFO - Detected desktop redirect from mobile site: https://www.facebook.com/?_rdr
2025-04-11 19:55:53,710 - INFO - Converting to mobile URL: https://m.m.facebook.com/?_rdr
2025-04-11 19:55:54,690 - ERROR - Error during mobile URL conversion: HTTPSConnectionPool(host='m.m.facebook.com', port=443): Max retries exceeded with url: /?_rdr (Caused by ProxyError('Unable to connect to proxy', OSError('Tunnel connection failed: 502 Bad Gateway')))
2025-04-11 19:55:55,105 - INFO - Detected desktop redirect from mobile site: https://www.facebook.com/?_rdr
2025-04-11 19:55:55,106 - INFO - Converting to mobile URL: https://m.m.facebook.com/?_rdr
2025-04-11 19:55:56,065 - ERROR - Error during mobile URL conversion: HTTPSConnectionPool(host='m.m.facebook.com', port=443): Max retries exceeded with url: /?_rdr (Caused by ProxyError('Unable to connect to proxy', OSError('Tunnel connection failed: 502 Bad Gateway')))
2025-04-11 19:55:56,480 - INFO - Detected desktop redirect from mobile site: https://www.facebook.com/?_rdr
2025-04-11 19:55:56,480 - INFO - Converting to mobile URL: https://m.m.facebook.com/?_rdr
2025-04-11 19:55:57,488 - ERROR - Error during mobile URL conversion: HTTPSConnectionPool(host='m.m.facebook.com', port=443): Max retries exceeded with url: /?_rdr (Caused by ProxyError('Unable to connect to proxy', OSError('Tunnel connection failed: 502 Bad Gateway')))
2025-04-11 19:55:57,907 - INFO - Detected desktop redirect from mobile site: https://www.facebook.com/?_rdr
2025-04-11 19:55:57,907 - INFO - Converting to mobile URL: https://m.m.facebook.com/?_rdr
2025-04-11 19:55:58,760 - ERROR - Error during mobile URL conversion: HTTPSConnectionPool(host='m.m.facebook.com', port=443): Max retries exceeded with url: /?_rdr (Caused by ProxyError('Unable to connect to proxy', OSError('Tunnel connection failed: 502 Bad Gateway')))
2025-04-11 19:55:59,188 - INFO - Detected desktop redirect from mobile site: https://www.facebook.com/?_rdr
2025-04-11 19:55:59,188 - INFO - Converting to mobile URL: https://m.m.facebook.com/?_rdr
2025-04-11 19:56:00,129 - ERROR - Error during mobile URL conversion: HTTPSConnectionPool(host='m.m.facebook.com', port=443): Max retries exceeded with url: /?_rdr (Caused by ProxyError('Unable to connect to proxy', OSError('Tunnel connection failed: 502 Bad Gateway')))
2025-04-11 19:56:00,131 - WARNING - Too many redirects: Exceeded 5 redirects.
2025-04-11 19:56:00,131 - ERROR - This proxy may be blocked or detected by Facebook
2025-04-11 19:56:00,131 - ERROR - Error during login attempt: Exceeded 5 redirects.
2025-04-11 19:56:00,135 - ERROR - Traceback (most recent call last):
  File "c:\Users\FLORES\OneDrive\Documents\2025\react2025\fb\facebook\registration.py", line 760, in _attempt_login_with_credentials
    login_page_response = self.session.get(login_url, max_redirects=5)
  File "c:\Users\FLORES\OneDrive\Documents\2025\react2025\fb\facebook\session.py", line 293, in get
    response = self.session.get(
        url,
    ...<2 lines>...
        timeout=timeout
    )
  File "C:\Users\FLORES\AppData\Local\Programs\Python\Python313\Lib\site-packages\requests\sessions.py", line 602, in get
    return self.request("GET", url, **kwargs)
           ~~~~~~~~~~~~^^^^^^^^^^^^^^^^^^^^^^
  File "C:\Users\FLORES\AppData\Local\Programs\Python\Python313\Lib\site-packages\requests\sessions.py", line 589, in request
    resp = self.send(prep, **send_kwargs)
  File "C:\Users\FLORES\AppData\Local\Programs\Python\Python313\Lib\site-packages\requests\sessions.py", line 724, in send
    history = [resp for resp in gen]
                                ^^^
  File "C:\Users\FLORES\AppData\Local\Programs\Python\Python313\Lib\site-packages\requests\sessions.py", line 191, in resolve_redirects
    raise TooManyRedirects(
        f"Exceeded {self.max_redirects} redirects.", response=resp
    )
requests.exceptions.TooManyRedirects: Exceeded 5 redirects.

2025-04-11 19:56:00,135 - ERROR - Account creation failed with all methods
2025-04-11 19:56:00,136 - INFO - Saving partial account info with cookies
2025-04-11 19:56:00,138 - INFO - Partial account information saved to C:\Users\FLORES\OneDrive\Documents\2025\react2025\fb\accounts\fb_account_partial_YQ48rPas.json
2025-04-11 19:56:00,139 - INFO - Account creation attempt 1 successful
2025-04-11 19:56:00,139 - WARNING - Created partial account.
