2025-04-11 14:18:27,688 - INFO - Logger initialized. Log file: C:\Users\FLORES\OneDrive\Documents\2025\react2025\fb\logs\FBAccountCreator_20250411_141827.log
2025-04-11 14:18:27,689 - INFO - Starting Facebook account creator
2025-04-11 14:18:27,690 - INFO - Required folders created
2025-04-11 14:18:27,690 - INFO - Loading working proxies from: C:\Users\FLORES\OneDrive\Documents\2025\react2025\fb\proxies\working_proxies.txt
2025-04-11 14:18:27,691 - INFO - Loaded 5 working proxies from file
2025-04-11 14:18:27,691 - INFO - Loaded 5 working proxies
2025-04-11 14:18:27,692 - INFO - Loaded 10 proxies from file
2025-04-11 14:18:27,692 - INFO - Also loaded 10 backup proxies
2025-04-11 14:18:27,693 - INFO - Testing 5 proxies out of 10
2025-04-11 14:18:27,693 - INFO - Testing proxy 1/5: 154.36.110.199:6853
2025-04-11 14:18:29,674 - INFO - Testing proxy 2/5: 161.123.152.115:6360
2025-04-11 14:18:31,899 - INFO - Testing proxy 3/5: 38.153.152.244:9594
2025-04-11 14:18:33,885 - INFO - Testing proxy 4/5: 185.199.231.45:8382
2025-04-11 14:18:36,380 - INFO - Testing proxy 5/5: 86.38.234.176:6630
2025-04-11 14:18:38,604 - INFO - Testing completed. Found 5 working proxies.
2025-04-11 14:18:38,606 - INFO - Saved 5 working proxies to C:\Users\FLORES\OneDrive\Documents\2025\react2025\fb\proxies\working_proxies.txt
2025-04-11 14:18:38,606 - INFO - Generated user data for Sam Robinson
2025-04-11 14:21:05,977 - INFO - Valid email provided: gothic.bobolink.phfk@letterhaven.net
2025-04-11 14:21:05,977 - INFO - Selected working proxy: 154.36.110.199:6853
2025-04-11 14:21:05,978 - INFO - Attempt 1/3 using proxy: 154.36.110.199:6853
2025-04-11 14:21:05,978 - INFO - Session configured with proxy URL: http://vazobmnp:bzcazvl7en9k@154.36.110.199:6853
2025-04-11 14:21:05,979 - INFO - Starting Facebook account creation process...
2025-04-11 14:21:05,980 - INFO - Warming up session with natural browsing patterns...
2025-04-11 14:21:07,668 - INFO - Found LSD token: AVqTLVo4WJ...
2025-04-11 14:21:07,669 - INFO - GET https://m.facebook.com/ - Status: 200
2025-04-11 14:21:07,670 - INFO - Found LSD token: AVqTLVo4WJ...
2025-04-11 14:21:07,670 - INFO - Stored datr cookie: 0rT4Zx2M9s59ELhtiRkg200f
2025-04-11 14:21:14,143 - INFO - GET https://m.facebook.com/policies/ - Status: 200
2025-04-11 14:21:17,154 - INFO - Session warm-up completed
2025-04-11 14:21:17,154 - INFO - Visiting Facebook mobile homepage...
2025-04-11 14:21:17,648 - INFO - Found LSD token: AVqTLVo4XF...
2025-04-11 14:21:17,649 - INFO - GET https://m.facebook.com/ - Status: 200
2025-04-11 14:21:17,650 - INFO - Found LSD token: AVqTLVo4XF...
2025-04-11 14:21:18,726 - INFO - Mobile homepage accessed successfully: 200
2025-04-11 14:21:19,766 - INFO - Trying signup URL: https://m.facebook.com/reg/
2025-04-11 14:21:21,530 - INFO - Detected Facebook app redirect: fbredirect://m.facebook.com/?uri=https%3A%2F%2Fm.facebook.com%2Freg%2F&wtsid=rdr_0cSZm319o711OYhiZ&refsrc=deprecated&_rdr
2025-04-11 14:21:21,531 - INFO - Extracted web URL from app redirect: https://m.facebook.com/reg/
2025-04-11 14:21:22,794 - INFO - Detected Facebook app redirect: fbredirect://m.facebook.com/?uri=https%3A%2F%2Fm.facebook.com%2Freg%2F&wtsid=rdr_0nDErtDDgPGIRMAJf&refsrc=deprecated&_rdr
2025-04-11 14:21:22,794 - INFO - Extracted web URL from app redirect: https://m.facebook.com/reg/
2025-04-11 14:21:24,079 - INFO - Detected Facebook app redirect: fbredirect://m.facebook.com/?uri=https%3A%2F%2Fm.facebook.com%2Freg%2F&wtsid=rdr_0fxjp9yBtJ8b6HlzO&refsrc=deprecated&_rdr
2025-04-11 14:21:24,079 - INFO - Extracted web URL from app redirect: https://m.facebook.com/reg/
2025-04-11 14:21:25,366 - INFO - Detected Facebook app redirect: fbredirect://m.facebook.com/?uri=https%3A%2F%2Fm.facebook.com%2Freg%2F&wtsid=rdr_0ZqfeQ5E3q1edzH7N&refsrc=deprecated&_rdr
2025-04-11 14:21:25,366 - INFO - Extracted web URL from app redirect: https://m.facebook.com/reg/
2025-04-11 14:21:26,628 - INFO - Detected Facebook app redirect: fbredirect://m.facebook.com/?uri=https%3A%2F%2Fm.facebook.com%2Freg%2F&wtsid=rdr_0f8aM7lGyWTZG8AFW&refsrc=deprecated&_rdr
2025-04-11 14:21:26,629 - INFO - Extracted web URL from app redirect: https://m.facebook.com/reg/
2025-04-11 14:21:27,902 - INFO - Detected Facebook app redirect: fbredirect://m.facebook.com/?uri=https%3A%2F%2Fm.facebook.com%2Freg%2F&wtsid=rdr_0fBXqPbr4vxKs1JsH&refsrc=deprecated&_rdr
2025-04-11 14:21:27,902 - INFO - Extracted web URL from app redirect: https://m.facebook.com/reg/
2025-04-11 14:21:29,187 - INFO - Detected Facebook app redirect: fbredirect://m.facebook.com/?uri=https%3A%2F%2Fm.facebook.com%2Freg%2F&wtsid=rdr_0eGwGKsKFFenGII7C&refsrc=deprecated&_rdr
2025-04-11 14:21:29,187 - INFO - Extracted web URL from app redirect: https://m.facebook.com/reg/
2025-04-11 14:21:30,455 - INFO - Detected Facebook app redirect: fbredirect://m.facebook.com/?uri=https%3A%2F%2Fm.facebook.com%2Freg%2F&wtsid=rdr_0f0jsskPqXxT7ZTt3&refsrc=deprecated&_rdr
2025-04-11 14:21:30,456 - INFO - Extracted web URL from app redirect: https://m.facebook.com/reg/
2025-04-11 14:21:31,828 - INFO - Detected Facebook app redirect: fbredirect://m.facebook.com/?uri=https%3A%2F%2Fm.facebook.com%2Freg%2F&wtsid=rdr_07PjvJTLpyu4wXDeM&refsrc=deprecated&_rdr
2025-04-11 14:21:31,828 - INFO - Extracted web URL from app redirect: https://m.facebook.com/reg/
2025-04-11 14:21:33,121 - INFO - Detected Facebook app redirect: fbredirect://m.facebook.com/?uri=https%3A%2F%2Fm.facebook.com%2Freg%2F&wtsid=rdr_0AkazE50IaUOoa37E&refsrc=deprecated&_rdr
2025-04-11 14:21:33,121 - INFO - Extracted web URL from app redirect: https://m.facebook.com/reg/
2025-04-11 14:21:34,382 - INFO - Detected Facebook app redirect: fbredirect://m.facebook.com/?uri=https%3A%2F%2Fm.facebook.com%2Freg%2F&wtsid=rdr_0hfL02ss4aNOJirqt&refsrc=deprecated&_rdr
2025-04-11 14:21:34,383 - INFO - Extracted web URL from app redirect: https://m.facebook.com/reg/
2025-04-11 14:21:35,654 - INFO - Detected Facebook app redirect: fbredirect://m.facebook.com/?uri=https%3A%2F%2Fm.facebook.com%2Freg%2F&wtsid=rdr_0mKFUVp0XjZ1vjjJC&refsrc=deprecated&_rdr
2025-04-11 14:21:35,655 - INFO - Extracted web URL from app redirect: https://m.facebook.com/reg/
2025-04-11 14:21:36,925 - INFO - Detected Facebook app redirect: fbredirect://m.facebook.com/?uri=https%3A%2F%2Fm.facebook.com%2Freg%2F&wtsid=rdr_06AYUdpRLAT6wzZs6&refsrc=deprecated&_rdr
2025-04-11 14:21:36,926 - INFO - Extracted web URL from app redirect: https://m.facebook.com/reg/
2025-04-11 14:21:38,189 - INFO - Detected Facebook app redirect: fbredirect://m.facebook.com/?uri=https%3A%2F%2Fm.facebook.com%2Freg%2F&wtsid=rdr_0xG5Q8ePa54H82OJg&refsrc=deprecated&_rdr
2025-04-11 14:21:38,190 - INFO - Extracted web URL from app redirect: https://m.facebook.com/reg/
2025-04-11 14:21:39,513 - INFO - Detected Facebook app redirect: fbredirect://m.facebook.com/?uri=https%3A%2F%2Fm.facebook.com%2Freg%2F&wtsid=rdr_0VIwuouAFHwhjw5ZK&refsrc=deprecated&_rdr
2025-04-11 14:21:39,513 - INFO - Extracted web URL from app redirect: https://m.facebook.com/reg/
2025-04-11 14:21:40,781 - INFO - Detected Facebook app redirect: fbredirect://m.facebook.com/?uri=https%3A%2F%2Fm.facebook.com%2Freg%2F&wtsid=rdr_0uzaYsA7UV2gUDhW4&refsrc=deprecated&_rdr
2025-04-11 14:21:40,781 - INFO - Extracted web URL from app redirect: https://m.facebook.com/reg/
2025-04-11 14:21:42,063 - INFO - Detected Facebook app redirect: fbredirect://m.facebook.com/?uri=https%3A%2F%2Fm.facebook.com%2Freg%2F&wtsid=rdr_088grfFPE3T7hTDIm&refsrc=deprecated&_rdr
2025-04-11 14:21:42,063 - INFO - Extracted web URL from app redirect: https://m.facebook.com/reg/
2025-04-11 14:21:43,326 - INFO - Detected Facebook app redirect: fbredirect://m.facebook.com/?uri=https%3A%2F%2Fm.facebook.com%2Freg%2F&wtsid=rdr_0Di01g6tzIHHSs8PG&refsrc=deprecated&_rdr
2025-04-11 14:21:43,327 - INFO - Extracted web URL from app redirect: https://m.facebook.com/reg/
2025-04-11 14:21:44,595 - INFO - Detected Facebook app redirect: fbredirect://m.facebook.com/?uri=https%3A%2F%2Fm.facebook.com%2Freg%2F&wtsid=rdr_0r7QkizcZsWUkYwZl&refsrc=deprecated&_rdr
2025-04-11 14:21:44,595 - INFO - Extracted web URL from app redirect: https://m.facebook.com/reg/
2025-04-11 14:21:45,880 - INFO - Detected Facebook app redirect: fbredirect://m.facebook.com/?uri=https%3A%2F%2Fm.facebook.com%2Freg%2F&wtsid=rdr_0ssuCYlAco7wV8rt0&refsrc=deprecated&_rdr
2025-04-11 14:21:45,881 - INFO - Extracted web URL from app redirect: https://m.facebook.com/reg/
2025-04-11 14:21:47,160 - INFO - Detected Facebook app redirect: fbredirect://m.facebook.com/?uri=https%3A%2F%2Fm.facebook.com%2Freg%2F&wtsid=rdr_0IFcKh22Gq6ND9u6a&refsrc=deprecated&_rdr
2025-04-11 14:21:47,160 - INFO - Extracted web URL from app redirect: https://m.facebook.com/reg/
2025-04-11 14:21:48,425 - INFO - Detected Facebook app redirect: fbredirect://m.facebook.com/?uri=https%3A%2F%2Fm.facebook.com%2Freg%2F&wtsid=rdr_0zCa6wwCqoQ17ecpq&refsrc=deprecated&_rdr
2025-04-11 14:21:48,425 - INFO - Extracted web URL from app redirect: https://m.facebook.com/reg/
2025-04-11 14:21:49,693 - INFO - Detected Facebook app redirect: fbredirect://m.facebook.com/?uri=https%3A%2F%2Fm.facebook.com%2Freg%2F&wtsid=rdr_0zkQAYvTiAdgsATvx&refsrc=deprecated&_rdr
2025-04-11 14:21:49,693 - INFO - Extracted web URL from app redirect: https://m.facebook.com/reg/
2025-04-11 14:21:50,966 - INFO - Detected Facebook app redirect: fbredirect://m.facebook.com/?uri=https%3A%2F%2Fm.facebook.com%2Freg%2F&wtsid=rdr_0TbLJfVjWX7DAbhQI&refsrc=deprecated&_rdr
2025-04-11 14:21:50,966 - INFO - Extracted web URL from app redirect: https://m.facebook.com/reg/
2025-04-11 14:21:52,378 - INFO - Detected Facebook app redirect: fbredirect://m.facebook.com/?uri=https%3A%2F%2Fm.facebook.com%2Freg%2F&wtsid=rdr_0Sdxzw0hVTfg0jwSb&refsrc=deprecated&_rdr
2025-04-11 14:21:52,378 - INFO - Extracted web URL from app redirect: https://m.facebook.com/reg/
2025-04-11 14:21:53,640 - INFO - Detected Facebook app redirect: fbredirect://m.facebook.com/?uri=https%3A%2F%2Fm.facebook.com%2Freg%2F&wtsid=rdr_00VKXqQRXqdCSGel4&refsrc=deprecated&_rdr
2025-04-11 14:21:53,641 - INFO - Extracted web URL from app redirect: https://m.facebook.com/reg/
2025-04-11 14:21:54,902 - INFO - Detected Facebook app redirect: fbredirect://m.facebook.com/?uri=https%3A%2F%2Fm.facebook.com%2Freg%2F&wtsid=rdr_0TSpxN8nipZwFiJLS&refsrc=deprecated&_rdr
2025-04-11 14:21:54,902 - INFO - Extracted web URL from app redirect: https://m.facebook.com/reg/
2025-04-11 14:21:56,207 - INFO - Detected Facebook app redirect: fbredirect://m.facebook.com/?uri=https%3A%2F%2Fm.facebook.com%2Freg%2F&wtsid=rdr_0RNOp0zDEXxTJZUZr&refsrc=deprecated&_rdr
2025-04-11 14:21:56,208 - INFO - Extracted web URL from app redirect: https://m.facebook.com/reg/
2025-04-11 14:21:57,470 - INFO - Detected Facebook app redirect: fbredirect://m.facebook.com/?uri=https%3A%2F%2Fm.facebook.com%2Freg%2F&wtsid=rdr_04W9TvTtk50Mhzwmu&refsrc=deprecated&_rdr
2025-04-11 14:21:57,470 - INFO - Extracted web URL from app redirect: https://m.facebook.com/reg/
2025-04-11 14:21:58,734 - INFO - Detected Facebook app redirect: fbredirect://m.facebook.com/?uri=https%3A%2F%2Fm.facebook.com%2Freg%2F&wtsid=rdr_0DKOJMs1ffHFoiZG7&refsrc=deprecated&_rdr
2025-04-11 14:21:58,735 - INFO - Extracted web URL from app redirect: https://m.facebook.com/reg/
2025-04-11 14:22:00,019 - INFO - Detected Facebook app redirect: fbredirect://m.facebook.com/?uri=https%3A%2F%2Fm.facebook.com%2Freg%2F&wtsid=rdr_06UYp1yrnhQMl16jD&refsrc=deprecated&_rdr
2025-04-11 14:22:00,020 - INFO - Extracted web URL from app redirect: https://m.facebook.com/reg/
2025-04-11 14:22:01,301 - INFO - Detected Facebook app redirect: fbredirect://m.facebook.com/?uri=https%3A%2F%2Fm.facebook.com%2Freg%2F&wtsid=rdr_0XJVmYe25lJhvon2s&refsrc=deprecated&_rdr
2025-04-11 14:22:01,302 - INFO - Extracted web URL from app redirect: https://m.facebook.com/reg/
2025-04-11 14:22:02,572 - INFO - Detected Facebook app redirect: fbredirect://m.facebook.com/?uri=https%3A%2F%2Fm.facebook.com%2Freg%2F&wtsid=rdr_0NGHYDUNyo0WLSklZ&refsrc=deprecated&_rdr
2025-04-11 14:22:02,572 - INFO - Extracted web URL from app redirect: https://m.facebook.com/reg/
