2025-04-11 14:22:08,236 - INFO - Logger initialized. Log file: C:\Users\FLORES\OneDrive\Documents\2025\react2025\fb\logs\FBAccountCreator_20250411_142208.log
2025-04-11 14:22:08,237 - INFO - Starting Facebook account creator
2025-04-11 14:22:08,237 - INFO - Required folders created
2025-04-11 14:22:08,238 - INFO - Loading working proxies from: C:\Users\FLORES\OneDrive\Documents\2025\react2025\fb\proxies\working_proxies.txt
2025-04-11 14:22:08,239 - INFO - Loaded 5 working proxies from file
2025-04-11 14:22:08,239 - INFO - Loaded 5 working proxies
2025-04-11 14:22:08,239 - INFO - Loaded 10 proxies from file
2025-04-11 14:22:08,240 - INFO - Also loaded 10 backup proxies
2025-04-11 14:22:08,240 - INFO - Testing 5 proxies out of 10
2025-04-11 14:22:08,240 - INFO - Testing proxy 1/5: 38.153.152.244:9594
2025-04-11 14:22:10,017 - INFO - Testing proxy 2/5: 161.123.152.115:6360
2025-04-11 14:22:12,095 - INFO - Testing proxy 3/5: 185.199.228.220:7300
2025-04-11 14:22:14,753 - INFO - Testing proxy 4/5: 45.151.162.198:6600
2025-04-11 14:22:16,697 - INFO - Testing proxy 5/5: 185.199.229.156:7492
2025-04-11 14:22:19,112 - INFO - Testing completed. Found 5 working proxies.
2025-04-11 14:22:19,113 - INFO - Saved 5 working proxies to C:\Users\FLORES\OneDrive\Documents\2025\react2025\fb\proxies\working_proxies.txt
2025-04-11 14:22:19,113 - INFO - Generated user data for Aria Gonzalez
2025-04-11 14:22:24,604 - INFO - Valid email provided: gothic.bobolink.phfk@letterhaven.net
2025-04-11 14:22:24,604 - INFO - Selected working proxy: 161.123.152.115:6360
2025-04-11 14:22:24,604 - INFO - Attempt 1/3 using proxy: 161.123.152.115:6360
2025-04-11 14:22:24,605 - INFO - Session configured with proxy URL: http://vazobmnp:bzcazvl7en9k@161.123.152.115:6360
2025-04-11 14:22:24,606 - INFO - Starting Facebook account creation process...
2025-04-11 14:22:24,607 - INFO - Warming up session with natural browsing patterns...
2025-04-11 14:22:27,037 - INFO - Stored datr cookie: ILX4Z_0qqnx9fDKAr4Blp6yE
2025-04-11 14:22:27,038 - INFO - GET https://m.facebook.com/ - Status: 200
2025-04-11 14:22:33,237 - INFO - GET https://m.facebook.com/policies/ - Status: 200
2025-04-11 14:22:36,834 - INFO - Session warm-up completed
2025-04-11 14:22:36,834 - INFO - Visiting Facebook mobile homepage...
2025-04-11 14:22:38,017 - INFO - GET https://m.facebook.com/ - Status: 200
2025-04-11 14:22:40,353 - INFO - Mobile homepage accessed successfully: 200
2025-04-11 14:22:42,680 - INFO - Trying signup URL: https://m.facebook.com/reg/
2025-04-11 14:22:44,865 - INFO - GET https://m.facebook.com/reg/ - Status: 200
2025-04-11 14:22:46,560 - INFO - Signup page https://m.facebook.com/reg/ accessed successfully: 200
2025-04-11 14:22:46,577 - WARNING - No registration form found at https://m.facebook.com/reg/
2025-04-11 14:22:46,578 - INFO - Trying signup URL: https://m.facebook.com/reg/submit/
2025-04-11 14:22:48,877 - INFO - Found LSD token: AVr--N2KsH...
2025-04-11 14:22:48,878 - INFO - GET https://m.facebook.com/reg/submit/ - Status: 200
2025-04-11 14:22:48,879 - INFO - Found LSD token: AVr--N2KsH...
2025-04-11 14:22:49,900 - INFO - Signup page https://m.facebook.com/reg/submit/ accessed successfully: 200
2025-04-11 14:22:49,920 - INFO - Found registration form with selector: form[id="mobile-reg-form"]
2025-04-11 14:22:49,921 - INFO - Found registration form at https://m.facebook.com/reg/submit/
2025-04-11 14:22:49,921 - INFO - Registration form action URL: https://m.facebook.com/reg/submit/?privacy_mutation_token=eyJ0eXBlIjowLCJjcmVhdGlvbl90aW1lIjoxNzQ0MzUyNTY3LCJjYWxsc2l0ZV9pZCI6OTA3OTI0NDAyOTQ4MDU4fQ%3D%3D&multi_step_form=1&skip_suma=0&shouldForceMTouch=1
2025-04-11 14:22:49,924 - INFO - Simulating human form filling...
2025-04-11 14:23:10,242 - INFO - Detected checkpoint redirect: https://m.facebook.com/checkpoint/1501092823525282/?next=https%3A%2F%2Fm.facebook.com%2Flogin%2Fsave-device%2F%3Flogin_source%3Daccount_creation%26wtsid%3Drdr_0Oek78KD2KqpEgQT7&wtsid=rdr_0Oek78KD2KqpEgQT7&_rdr
2025-04-11 14:23:15,797 - INFO - POST https://m.facebook.com/reg/submit/?privacy_mutation_token=eyJ0eXBlIjowLCJjcmVhdGlvbl90aW1lIjoxNzQ0MzUyNTY3LCJjYWxsc2l0ZV9pZCI6OTA3OTI0NDAyOTQ4MDU4fQ%3D%3D&multi_step_form=1&skip_suma=0&shouldForceMTouch=1 - Status: 200
2025-04-11 14:23:18,201 - INFO - Registration response status: 200
2025-04-11 14:23:18,201 - INFO - Final URL after registration: https://m.facebook.com/checkpoint/1501092823525282/?next=https%3A%2F%2Fm.facebook.com%2Flogin%2Fsave-device%2F%3Flogin_source%3Daccount_creation%26wtsid%3Drdr_0Oek78KD2KqpEgQT7&wtsid=rdr_0Oek78KD2KqpEgQT7&_rdr
2025-04-11 14:23:21,202 - INFO - Found c_user cookie: 61574860155177. Registration successful!
2025-04-11 14:23:21,203 - INFO - Finalizing account creation...
2025-04-11 14:23:21,203 - INFO - Account created successfully! User ID: 61574860155177
2025-04-11 14:23:21,205 - INFO - Account information saved to C:\Users\FLORES\OneDrive\Documents\2025\react2025\fb\accounts\fb_account_61574860155177_info.json
2025-04-11 14:23:21,205 - INFO - Cookies saved to C:\Users\FLORES\OneDrive\Documents\2025\react2025\fb\accounts\fb_account_61574860155177_cookies.json
2025-04-11 14:23:21,206 - INFO - Account creation attempt 1 successful
2025-04-11 14:23:21,207 - INFO - Account creation successful!
