2025-04-11 14:40:09,503 - INFO - Logger initialized. Log file: C:\Users\FLORES\OneDrive\Documents\2025\react2025\fb\logs\FBAccountCreator_20250411_144009.log
2025-04-11 14:40:09,504 - INFO - Starting Facebook account creator
2025-04-11 14:40:09,504 - INFO - Required folders created
2025-04-11 14:40:09,505 - INFO - Loading working proxies from: C:\Users\FLORES\OneDrive\Documents\2025\react2025\fb\proxies\working_proxies.txt
2025-04-11 14:40:09,506 - INFO - Loaded 5 working proxies from file
2025-04-11 14:40:09,506 - INFO - Loaded 5 working proxies
2025-04-11 14:40:09,507 - INFO - Loaded 10 proxies from file
2025-04-11 14:40:09,507 - INFO - Also loaded 10 backup proxies
2025-04-11 14:40:09,507 - INFO - Testing 5 proxies out of 10
2025-04-11 14:40:09,508 - INFO - Testing proxy 1/5: 154.36.110.199:6853
2025-04-11 14:40:11,176 - INFO - Testing proxy 2/5: 185.199.231.45:8382
2025-04-11 14:40:13,755 - INFO - Testing proxy 3/5: 185.199.229.156:7492
2025-04-11 14:40:16,546 - INFO - Testing proxy 4/5: 38.153.152.244:9594
2025-04-11 14:40:18,684 - INFO - Testing proxy 5/5: 45.151.162.198:6600
2025-04-11 14:40:20,639 - INFO - Testing completed. Found 5 working proxies.
2025-04-11 14:40:20,641 - INFO - Saved 5 working proxies to C:\Users\FLORES\OneDrive\Documents\2025\react2025\fb\proxies\working_proxies.txt
2025-04-11 14:40:20,641 - INFO - Generated user data for Blake Thomas
2025-04-11 14:40:50,970 - INFO - Valid email provided: vewacroizaummoi-3485@super.lgbt
2025-04-11 14:40:50,970 - INFO - Selected working proxy: 38.153.152.244:9594
2025-04-11 14:40:50,970 - INFO - Attempt 1/3 using proxy: 38.153.152.244:9594
2025-04-11 14:40:50,971 - INFO - Session configured with proxy URL: http://vazobmnp:bzcazvl7en9k@38.153.152.244:9594
2025-04-11 14:40:50,971 - INFO - Starting Facebook account creation process...
2025-04-11 14:40:50,972 - INFO - Warming up session with natural browsing patterns...
2025-04-11 14:40:52,762 - INFO - GET https://m.facebook.com/ - Status: 200
2025-04-11 14:40:52,763 - INFO - Stored datr cookie: c7n4Z-RUZSMjR3BAqd6LZbp8
2025-04-11 14:40:57,420 - INFO - GET https://m.facebook.com/policies/ - Status: 200
2025-04-11 14:41:01,652 - INFO - Session warm-up completed
2025-04-11 14:41:01,653 - INFO - Visiting Facebook mobile homepage...
2025-04-11 14:41:02,436 - INFO - GET https://m.facebook.com/ - Status: 200
2025-04-11 14:41:03,457 - INFO - Mobile homepage accessed successfully: 200
2025-04-11 14:41:05,843 - INFO - Trying signup URL: https://m.facebook.com/reg/
2025-04-11 14:41:07,747 - INFO - GET https://m.facebook.com/reg/ - Status: 200
2025-04-11 14:41:10,082 - INFO - Signup page https://m.facebook.com/reg/ accessed successfully: 200
2025-04-11 14:41:10,096 - WARNING - No registration form found at https://m.facebook.com/reg/
2025-04-11 14:41:10,096 - INFO - Trying signup URL: https://m.facebook.com/reg/submit/
2025-04-11 14:41:12,181 - INFO - Found LSD token: AVoZhui-jF...
2025-04-11 14:41:12,181 - INFO - GET https://m.facebook.com/reg/submit/ - Status: 200
2025-04-11 14:41:12,182 - INFO - Found LSD token: AVoZhui-jF...
2025-04-11 14:41:13,926 - INFO - Signup page https://m.facebook.com/reg/submit/ accessed successfully: 200
2025-04-11 14:41:13,944 - INFO - Found registration form with selector: form[id="mobile-reg-form"]
2025-04-11 14:41:13,944 - INFO - Found registration form at https://m.facebook.com/reg/submit/
2025-04-11 14:41:13,944 - INFO - Registration form action URL: https://m.facebook.com/reg/submit/?privacy_mutation_token=eyJ0eXBlIjowLCJjcmVhdGlvbl90aW1lIjoxNzQ0MzUzNjcwLCJjYWxsc2l0ZV9pZCI6OTA3OTI0NDAyOTQ4MDU4fQ%3D%3D&multi_step_form=1&skip_suma=0&shouldForceMTouch=1
2025-04-11 14:41:13,948 - INFO - Simulating human form filling...
2025-04-11 14:41:35,477 - INFO - Detected checkpoint redirect: https://m.facebook.com/checkpoint/1501092823525282/?next=https%3A%2F%2Fm.facebook.com%2Flogin%2Fsave-device%2F%3Flogin_source%3Daccount_creation%26wtsid%3Drdr_0EtHsS9Q2oTmoAy0Y&wtsid=rdr_0EtHsS9Q2oTmoAy0Y&_rdr
2025-04-11 14:41:37,677 - INFO - POST https://m.facebook.com/reg/submit/?privacy_mutation_token=eyJ0eXBlIjowLCJjcmVhdGlvbl90aW1lIjoxNzQ0MzUzNjcwLCJjYWxsc2l0ZV9pZCI6OTA3OTI0NDAyOTQ4MDU4fQ%3D%3D&multi_step_form=1&skip_suma=0&shouldForceMTouch=1 - Status: 200
2025-04-11 14:41:39,482 - INFO - Registration response status: 200
2025-04-11 14:41:39,483 - INFO - Final URL after registration: https://m.facebook.com/checkpoint/1501092823525282/?next=https%3A%2F%2Fm.facebook.com%2Flogin%2Fsave-device%2F%3Flogin_source%3Daccount_creation%26wtsid%3Drdr_0EtHsS9Q2oTmoAy0Y&wtsid=rdr_0EtHsS9Q2oTmoAy0Y&_rdr
2025-04-11 14:41:42,483 - INFO - Found c_user cookie: 61574837986154. Registration successful!
2025-04-11 14:41:42,484 - INFO - Finalizing account creation...
2025-04-11 14:41:42,484 - INFO - Account created successfully! User ID: 61574837986154
2025-04-11 14:41:42,486 - INFO - Account information saved to C:\Users\FLORES\OneDrive\Documents\2025\react2025\fb\accounts\fb_account_61574837986154_info.json
2025-04-11 14:41:42,486 - INFO - Cookies saved to C:\Users\FLORES\OneDrive\Documents\2025\react2025\fb\accounts\fb_account_61574837986154_cookies.json
2025-04-11 14:41:42,487 - INFO - Account creation attempt 1 successful
2025-04-11 14:41:42,487 - INFO - Account creation successful!
