2025-04-11 14:34:12,968 - INFO - Logger initialized. Log file: C:\Users\FLORES\OneDrive\Documents\2025\react2025\fb\logs\FBAccountCreator_20250411_143412.log
2025-04-11 14:34:12,969 - INFO - Starting Facebook account creator
2025-04-11 14:34:12,969 - INFO - Required folders created
2025-04-11 14:34:12,970 - INFO - Loading working proxies from: C:\Users\FLORES\OneDrive\Documents\2025\react2025\fb\proxies\working_proxies.txt
2025-04-11 14:34:12,971 - INFO - Loaded 5 working proxies from file
2025-04-11 14:34:12,971 - INFO - Loaded 5 working proxies
2025-04-11 14:34:12,972 - INFO - Loaded 10 proxies from file
2025-04-11 14:34:12,972 - INFO - Also loaded 10 backup proxies
2025-04-11 14:34:12,973 - INFO - Testing 5 proxies out of 10
2025-04-11 14:34:12,973 - INFO - Testing proxy 1/5: 185.199.229.156:7492
2025-04-11 14:34:15,559 - INFO - Testing proxy 2/5: 185.199.228.220:7300
2025-04-11 14:34:18,052 - INFO - Testing proxy 3/5: 45.151.162.198:6600
2025-04-11 14:34:19,759 - INFO - Testing proxy 4/5: 154.36.110.199:6853
2025-04-11 14:34:21,753 - INFO - Testing proxy 5/5: 86.38.234.176:6630
2025-04-11 14:34:23,570 - INFO - Testing completed. Found 5 working proxies.
2025-04-11 14:34:23,571 - INFO - Saved 5 working proxies to C:\Users\FLORES\OneDrive\Documents\2025\react2025\fb\proxies\working_proxies.txt
2025-04-11 14:34:23,571 - INFO - Generated user data for Hayden Gonzalez
2025-04-11 14:34:45,058 - INFO - Valid email provided: critiffocrauli-5637@super.lgbt
2025-04-11 14:34:45,058 - INFO - Selected working proxy: 86.38.234.176:6630
2025-04-11 14:34:45,059 - INFO - Attempt 1/3 using proxy: 86.38.234.176:6630
2025-04-11 14:34:45,059 - INFO - Session configured with proxy URL: http://vazobmnp:bzcazvl7en9k@86.38.234.176:6630
2025-04-11 14:34:45,060 - INFO - Starting Facebook account creation process...
2025-04-11 14:34:45,061 - INFO - Warming up session with natural browsing patterns...
2025-04-11 14:34:46,514 - INFO - GET https://m.facebook.com/ - Status: 200
2025-04-11 14:34:46,516 - INFO - Stored datr cookie: BLj4Z5k-qiHkR7372ucJD_KS
2025-04-11 14:34:51,418 - INFO - GET https://m.facebook.com/policies/ - Status: 200
2025-04-11 14:34:55,875 - INFO - Session warm-up completed
2025-04-11 14:34:55,876 - INFO - Visiting Facebook mobile homepage...
2025-04-11 14:34:56,522 - INFO - GET https://m.facebook.com/ - Status: 200
2025-04-11 14:34:58,243 - INFO - Mobile homepage accessed successfully: 200
2025-04-11 14:34:59,825 - INFO - Trying signup URL: https://m.facebook.com/reg/
2025-04-11 14:35:01,627 - INFO - GET https://m.facebook.com/reg/ - Status: 200
2025-04-11 14:35:04,061 - INFO - Signup page https://m.facebook.com/reg/ accessed successfully: 200
2025-04-11 14:35:04,076 - WARNING - No registration form found at https://m.facebook.com/reg/
2025-04-11 14:35:04,076 - INFO - Trying signup URL: https://m.facebook.com/reg/submit/
2025-04-11 14:35:06,273 - INFO - Found LSD token: AVqOxz8N-c...
2025-04-11 14:35:06,274 - INFO - GET https://m.facebook.com/reg/submit/ - Status: 200
2025-04-11 14:35:06,275 - INFO - Found LSD token: AVqOxz8N-c...
2025-04-11 14:35:07,313 - INFO - Signup page https://m.facebook.com/reg/submit/ accessed successfully: 200
2025-04-11 14:35:07,332 - INFO - Found registration form with selector: form[id="mobile-reg-form"]
2025-04-11 14:35:07,332 - INFO - Found registration form at https://m.facebook.com/reg/submit/
2025-04-11 14:35:07,333 - INFO - Registration form action URL: https://m.facebook.com/reg/submit/?privacy_mutation_token=eyJ0eXBlIjowLCJjcmVhdGlvbl90aW1lIjoxNzQ0MzUzMzA0LCJjYWxsc2l0ZV9pZCI6OTA3OTI0NDAyOTQ4MDU4fQ%3D%3D&multi_step_form=1&skip_suma=0&shouldForceMTouch=1
2025-04-11 14:35:07,337 - INFO - Simulating human form filling...
2025-04-11 14:35:30,336 - INFO - POST https://m.facebook.com/reg/submit/?privacy_mutation_token=eyJ0eXBlIjowLCJjcmVhdGlvbl90aW1lIjoxNzQ0MzUzMzA0LCJjYWxsc2l0ZV9pZCI6OTA3OTI0NDAyOTQ4MDU4fQ%3D%3D&multi_step_form=1&skip_suma=0&shouldForceMTouch=1 - Status: 200
2025-04-11 14:35:32,605 - INFO - Registration response status: 200
2025-04-11 14:35:32,605 - INFO - Final URL after registration: https://m.facebook.com/login/save-device/?login_source=account_creation&wtsid=rdr_0KXKwIxc55zM3ytOd&_rdr#_=_
2025-04-11 14:35:35,606 - INFO - Found c_user cookie: 61574985998768. Registration successful!
2025-04-11 14:35:35,607 - INFO - Finalizing account creation...
2025-04-11 14:35:35,607 - INFO - Account created successfully! User ID: 61574985998768
2025-04-11 14:35:35,609 - INFO - Account information saved to C:\Users\FLORES\OneDrive\Documents\2025\react2025\fb\accounts\fb_account_61574985998768_info.json
2025-04-11 14:35:35,609 - INFO - Cookies saved to C:\Users\FLORES\OneDrive\Documents\2025\react2025\fb\accounts\fb_account_61574985998768_cookies.json
2025-04-11 14:35:35,610 - INFO - Account creation attempt 1 successful
2025-04-11 14:35:35,610 - INFO - Account creation successful!
